Log file open, 04/16/18 23:55:03
LogWindows: Failed to load 'aqProf.dll' (GetLastError=126)
LogWindows: File 'aqProf.dll' does not exist
LogWindows: Failed to load 'VtuneApi.dll' (GetLastError=126)
LogWindows: File 'VtuneApi.dll' does not exist
LogWindows: Failed to load 'VtuneApi32e.dll' (GetLastError=126)
LogWindows: File 'VtuneApi32e.dll' does not exist
LogInit: Display: Running engine for game: MyProject9
LogPlatformFile: Not using cached read wrapper
LogInit: Display: RandInit(-2021965839) SRandInit(-2021965839).
LogTaskGraph: Started task graph with 5 named threads and 14 total threads with 3 sets of task threads.
LogStats: Stats thread started at 0.145017
LogD3D11RHI: Aftermath initialized
LogPluginManager: Mounting plugin Paper2D
LogPluginManager: Mounting plugin LightPropagationVolume
LogPluginManager: Mounting plugin CodeLiteSourceCodeAccess
LogPluginManager: Mounting plugin GitSourceControl
LogPluginManager: Mounting plugin KDevelopSourceCodeAccess
LogPluginManager: Mounting plugin NullSourceCodeAccess
LogPluginManager: Mounting plugin PerforceSourceControl
LogPluginManager: Mounting plugin SubversionSourceControl
LogPluginManager: Mounting plugin UObjectPlugin
LogPluginManager: Mounting plugin VisualStudioSourceCodeAccess
LogPluginManager: Mounting plugin XCodeSourceCodeAccess
LogPluginManager: Mounting plugin AssetManagerEditor
LogPluginManager: Mounting plugin AudioCapture
LogPluginManager: Mounting plugin FacialAnimation
LogPluginManager: Mounting plugin GameplayTagsEditor
LogPluginManager: Mounting plugin MobileLauncherProfileWizard
LogPluginManager: Mounting plugin PluginBrowser
LogPluginManager: Mounting plugin SpeedTreeImporter
LogPluginManager: Mounting plugin AlembicImporter
LogPluginManager: Mounting plugin CharacterAI
LogPluginManager: Mounting plugin HTML5Networking
LogPluginManager: Mounting plugin AndroidMedia
LogPluginManager: Mounting plugin AvfMedia
LogPluginManager: Mounting plugin MediaPlayerEditor
LogPluginManager: Mounting plugin WmfMedia
LogPluginManager: Mounting plugin TcpMessaging
LogPluginManager: Mounting plugin UdpMessaging
LogPluginManager: Mounting plugin ActorSequenceEditor
LogPluginManager: Mounting plugin LevelSequenceEditor
LogPluginManager: Mounting plugin MatineeToLevelSequence
LogPluginManager: Mounting plugin OnlineSubsystemGooglePlay
LogPluginManager: Mounting plugin OnlineSubsystemIOS
LogPluginManager: Mounting plugin OnlineSubsystem
LogPluginManager: Mounting plugin OnlineSubsystemNull
LogPluginManager: Mounting plugin OnlineSubsystemUtils
LogPluginManager: Mounting plugin AndroidDeviceProfileSelector
LogPluginManager: Mounting plugin AndroidMoviePlayer
LogPluginManager: Mounting plugin AndroidPermission
LogPluginManager: Mounting plugin AppleMoviePlayer
LogPluginManager: Mounting plugin ArchVisCharacter
LogPluginManager: Mounting plugin CableComponent
LogPluginManager: Mounting plugin CustomMeshComponent
LogPluginManager: Mounting plugin ExampleDeviceProfileSelector
LogPluginManager: Mounting plugin GoogleCloudMessaging
LogPluginManager: Mounting plugin ImmediatePhysics
LogPluginManager: Mounting plugin IOSDeviceProfileSelector
LogPluginManager: Mounting plugin LinuxDeviceProfileSelector
LogPluginManager: Mounting plugin LocationServicesBPLibrary
LogPluginManager: Mounting plugin MobilePatchingUtils
LogPluginManager: Mounting plugin OculusVR
LogPluginManager: Mounting plugin PhysXVehicles
LogPluginManager: Mounting plugin ProceduralMeshComponent
LogPluginManager: Mounting plugin RuntimePhysXCooking
LogPluginManager: Mounting plugin SteamVR
LogPluginManager: Mounting plugin WindowsMoviePlayer
LogInit: Using libcurl 7.47.1
LogInit:  - built for x86_64-pc-win32
LogInit:  - supports SSL with OpenSSL/1.0.2g
LogInit:  - supports HTTP deflate (compression) using libz 1.2.8
LogInit:  - other features:
LogInit:      CURL_VERSION_SSL
LogInit:      CURL_VERSION_LIBZ
LogInit:      CURL_VERSION_IPV6
LogInit:      CURL_VERSION_ASYNCHDNS
LogInit:      CURL_VERSION_LARGEFILE
LogInit:      CURL_VERSION_IDN
LogInit:  CurlRequestOptions (configurable via config and command line):
LogInit:  - bVerifyPeer = false  - Libcurl will NOT verify peer certificate
LogInit:  - bUseHttpProxy = false  - Libcurl will NOT use HTTP proxy
LogInit:  - bDontReuseConnections = false  - Libcurl will reuse connections
LogInit:  - CertBundlePath = nullptr  - Libcurl will use whatever was configured at build time.
LogInit: Build: ++UE4+Release-4.17-CL-3658906
LogInit: Engine Version: 4.17.2-3658906+++UE4+Release-4.17
LogInit: Compatible Engine Version: 4.17.0-3573198+++UE4+Release-4.17
LogInit: Net CL: 3573198
LogDevObjectVersion: Number of dev versions registered: 16
LogDevObjectVersion:   Dev-Blueprints (B0D832E4-1F89-4F0D-ACCF-7EB736FD4AA2): 10
LogDevObjectVersion:   Dev-Build (E1C64328-A22C-4D53-A36C-8E866417BD8C): 0
LogDevObjectVersion:   Dev-Core (375EC13C-06E4-48FB-B500-84F0262A717E): 2
LogDevObjectVersion:   Dev-Editor (E4B068ED-F494-42E9-A231-DA0B2E46BB41): 20
LogDevObjectVersion:   Dev-Framework (CFFC743F-43B0-4480-9391-14DF171D2073): 28
LogDevObjectVersion:   Dev-Mobile (B02B49B5-BB20-44E9-A304-32B752E40360): 0
LogDevObjectVersion:   Dev-Networking (A4E4105C-59A1-49B5-A7C5-40C4547EDFEE): 0
LogDevObjectVersion:   Dev-Online (39C831C9-5AE6-47DC-9A44-9C173E1C8E7C): 0
LogDevObjectVersion:   Dev-Physics (78F01B33-EBEA-4F98-B9B4-84EACCB95AA2): 0
LogDevObjectVersion:   Dev-Platform (6631380F-2D4D-43E0-8009-CF276956A95A): 0
LogDevObjectVersion:   Dev-Rendering (12F88B9F-8875-4AFC-A67C-D90C383ABD29): 19
LogDevObjectVersion:   Dev-Sequencer (7B5AE74C-D270-4C10-A958-57980B212A5A): 4
LogDevObjectVersion:   Dev-VR (D7296918-1DD6-4BDD-9DE2-64A83CC13884): 0
LogDevObjectVersion:   Dev-LoadTimes (C2A15278-BFE7-4AFE-6C17-90FF531DF755): 1
LogDevObjectVersion:   Private-Geometry (6EACA3D4-40EC-4CC1-B786-8BED09428FC5): 1
LogDevObjectVersion:   Dev-AnimPhys (29E575DD-E0A3-4627-9D10-D276232CDCEA): 7
LogInit: Compiled (64-bit): Sep 22 2017 13:47:16
LogInit: Compiled with Visual C++: 19.00.24215.01
LogInit: Build Configuration: Development
LogInit: Branch Name: ++UE4+Release-4.17
LogInit: Command line: -EpicPortal 
LogInit: Base directory: C:/Program Files/Epic Games/UE_4.17/Engine/Binaries/Win64/
LogInit: Installed Engine Build: 1
LogInit: Presizing for max 8388607 objects, including 0 objects not considered by GC, pre-allocating 0 bytes for permanent pool.
LogInit: Object subsystem initialized
[2018.04.16-22.55.04:076][  0]LogInit: Selected Device Profile: [Windows]
[2018.04.16-22.55.04:076][  0]LogInit: Applying CVar settings loaded from the selected device profile: [Windows]
[2018.04.16-22.55.04:083][  0]LogInit: Computer: KATALYTIC-PC
[2018.04.16-22.55.04:084][  0]LogInit: User: KATALYTIC
[2018.04.16-22.55.04:084][  0]LogInit: CPU Page size=4096, Cores=4
[2018.04.16-22.55.04:084][  0]LogInit: High frequency timer resolution =3.904003 MHz
[2018.04.16-22.55.04:084][  0]LogMemory: Memory total: Physical=15.9GB (16GB approx)
[2018.04.16-22.55.04:084][  0]LogMemory: Platform Memory Stats for Windows
[2018.04.16-22.55.04:084][  0]LogMemory: Process Physical Memory: 281.48 MB used, 281.48 MB peak
[2018.04.16-22.55.04:084][  0]LogMemory: Process Virtual Memory: 285.68 MB used, 285.68 MB peak
[2018.04.16-22.55.04:084][  0]LogMemory: Physical Memory: 9879.48 MB used,  6447.37 MB free, 16326.85 MB total
[2018.04.16-22.55.04:084][  0]LogMemory: Virtual Memory: 665.18 MB used,  6447.37 MB free, 8388608.00 MB total
[2018.04.16-22.55.04:179][  0]LogInit: Using OS detected language (en-GB).
[2018.04.16-22.55.04:179][  0]LogInit: Using OS detected locale (en-GB).
[2018.04.16-22.55.04:181][  0]LogTextLocalizationManager: No specific localization for 'en-GB' exists, so the 'en' localization will be used.
[2018.04.16-22.55.04:701][  0]LogD3D11RHI: D3D11 adapters:
[2018.04.16-22.55.04:722][  0]LogD3D11RHI:    0. 'NVIDIA GeForce GTX 960' (Feature Level 11_0)
[2018.04.16-22.55.04:722][  0]LogD3D11RHI:       1969/0/7907 MB DedicatedVideo/DedicatedSystem/SharedSystem, Outputs:2, VendorId:0x10de
[2018.04.16-22.55.04:722][  0]LogD3D11RHI: Chosen D3D11 Adapter: 0
[2018.04.16-22.55.04:727][  0]LogD3D11RHI: Creating new Direct3DDevice
[2018.04.16-22.55.04:727][  0]LogD3D11RHI:     GPU DeviceId: 0x1401 (for the marketing name, search the web for "GPU Device Id")
[2018.04.16-22.55.04:727][  0]LogWindows: EnumDisplayDevices:
[2018.04.16-22.55.04:727][  0]LogWindows:    0. 'NVIDIA GeForce GTX 960' (P:1 D:1)
[2018.04.16-22.55.04:727][  0]LogWindows:    1. 'NVIDIA GeForce GTX 960' (P:0 D:1)
[2018.04.16-22.55.04:727][  0]LogWindows:    2. 'NVIDIA GeForce GTX 960' (P:0 D:0)
[2018.04.16-22.55.04:727][  0]LogWindows:    3. 'NVIDIA GeForce GTX 960' (P:0 D:0)
[2018.04.16-22.55.04:727][  0]LogWindows:    4. 'RDPDD Chained DD' (P:0 D:0)
[2018.04.16-22.55.04:727][  0]LogWindows:    5. 'RDP Encoder Mirror Driver' (P:0 D:0)
[2018.04.16-22.55.04:727][  0]LogWindows:    6. 'RDP Reflector Display Driver' (P:0 D:0)
[2018.04.16-22.55.04:727][  0]LogWindows: DebugString: GetVideoDriverDetailsInvalid PrimaryIsNotTheChoosenAdapter GetVideoDriverDetailsInvalid PrimaryIsNotTheChoosenAdapter GetVideoDriverDetailsInvalid PrimaryIsNotTheChoosenAdapter FoundDriverCount:4 
[2018.04.16-22.55.04:727][  0]LogD3D11RHI:     Adapter Name: NVIDIA GeForce GTX 960
[2018.04.16-22.55.04:727][  0]LogD3D11RHI:   Driver Version: 388.59 (internal:23.21.13.8859, unified:388.59)
[2018.04.16-22.55.04:727][  0]LogD3D11RHI:      Driver Date: 12-5-2017
[2018.04.16-22.55.04:727][  0]LogRHI: Texture pool is 1361 MB (70% of 1945 MB)
[2018.04.16-22.55.04:734][  0]LogD3D11RHI: Async texture creation enabled
[2018.04.16-22.55.04:748][  0]LogD3D11RHI: GPU Timing Frequency: 1000.000000 (Debug: 2 2)
[2018.04.16-22.55.04:750][  0]LogShaderCompilers: Guid format shader working directory is -22 characters bigger than the processId version (D:/University/Year 2/Digital Scripting/LabyrinthGame - buttonSequencing/Intermediate/Shaders/WorkingDirectory/17976/).
[2018.04.16-22.55.04:750][  0]LogShaderCompilers: Cleaned the shader compiler working directory 'C:/Users/KATALYTIC/AppData/Local/Temp/UnrealShaderWorkingDir/6BF529C94EFBDB77773CF5985493CD9E/'.
[2018.04.16-22.55.04:750][  0]LogShaderCompilers: Display: Using Local Shader Compiler.
[2018.04.16-22.55.05:460][  0]LogTemp: Display: Loaded TP AllDesktopTargetPlatform
[2018.04.16-22.55.05:492][  0]LogTemp: Display: Loaded TP MacClientTargetPlatform
[2018.04.16-22.55.05:524][  0]LogTemp: Display: Loaded TP MacNoEditorTargetPlatform
[2018.04.16-22.55.05:555][  0]LogTemp: Display: Loaded TP MacServerTargetPlatform
[2018.04.16-22.55.05:586][  0]LogTemp: Display: Loaded TP MacTargetPlatform
[2018.04.16-22.55.05:618][  0]LogTemp: Display: Loaded TP WindowsClientTargetPlatform
[2018.04.16-22.55.05:649][  0]LogTemp: Display: Loaded TP WindowsNoEditorTargetPlatform
[2018.04.16-22.55.05:680][  0]LogTemp: Display: Loaded TP WindowsServerTargetPlatform
[2018.04.16-22.55.05:706][  0]LogTemp: Display: Loaded TP WindowsTargetPlatform
[2018.04.16-22.55.05:737][  0]LogTemp: Display: Loaded TP AndroidTargetPlatform
[2018.04.16-22.55.05:769][  0]LogTemp: Display: Loaded TP Android_ASTCTargetPlatform
[2018.04.16-22.55.05:800][  0]LogTemp: Display: Loaded TP Android_ATCTargetPlatform
[2018.04.16-22.55.05:831][  0]LogTemp: Display: Loaded TP Android_DXTTargetPlatform
[2018.04.16-22.55.05:861][  0]LogTemp: Display: Loaded TP Android_ETC1TargetPlatform
[2018.04.16-22.55.05:891][  0]LogTemp: Display: Loaded TP Android_ETC2TargetPlatform
[2018.04.16-22.55.05:955][  0]LogTemp: Display: Loaded TP Android_MultiTargetPlatform
[2018.04.16-22.55.05:955][  0]LogTemp: Display: Loaded TP Android_PVRTCTargetPlatform
[2018.04.16-22.55.05:978][  0]LogTemp: Display: Loaded TP HTML5TargetPlatform
[2018.04.16-22.55.06:041][  0]LogTemp: Display: Loaded TP IOSTargetPlatform
[2018.04.16-22.55.06:060][  0]LogTemp: Display: Loaded TP TVOSTargetPlatform
[2018.04.16-22.55.06:091][  0]LogTemp: Display: Loaded TP LinuxClientTargetPlatform
[2018.04.16-22.55.06:121][  0]LogTemp: Display: Loaded TP LinuxNoEditorTargetPlatform
[2018.04.16-22.55.06:151][  0]LogTemp: Display: Loaded TP LinuxServerTargetPlatform
[2018.04.16-22.55.06:181][  0]LogTemp: Display: Loaded TP LinuxTargetPlatform
[2018.04.16-22.55.06:181][  0]LogTargetPlatformManager: Display: Building Assets For Windows
[2018.04.16-22.55.06:450][  0]LogDerivedDataCache: Display: Max Cache Size: 512 MB
[2018.04.16-22.55.06:533][  0]LogDerivedDataCache: Loaded boot cache 0.08s 93MB C:/Users/KATALYTIC/AppData/Local/UnrealEngine/4.17/DerivedDataCache/Boot.ddc.
[2018.04.16-22.55.06:533][  0]LogDerivedDataCache: Display: Loaded Boot cache: C:/Users/KATALYTIC/AppData/Local/UnrealEngine/4.17/DerivedDataCache/Boot.ddc
[2018.04.16-22.55.06:533][  0]LogDerivedDataCache: FDerivedDataBackendGraph:  Pak pak cache file D:/University/Year 2/Digital Scripting/LabyrinthGame - buttonSequencing/DerivedDataCache/DDC.ddp not found, will not use a pak cache.
[2018.04.16-22.55.06:533][  0]LogDerivedDataCache: Unable to find inner node Pak for hierarchical cache Hierarchy.
[2018.04.16-22.55.06:533][  0]LogDerivedDataCache: FDerivedDataBackendGraph:  CompressedPak pak cache file D:/University/Year 2/Digital Scripting/LabyrinthGame - buttonSequencing/DerivedDataCache/Compressed.ddp not found, will not use a pak cache.
[2018.04.16-22.55.06:533][  0]LogDerivedDataCache: Unable to find inner node CompressedPak for hierarchical cache Hierarchy.
[2018.04.16-22.55.06:549][  0]LogDerivedDataCache: Display: Pak cache opened for reading ../../../Engine/DerivedDataCache/Compressed.ddp.
[2018.04.16-22.55.06:560][  0]LogDerivedDataCache: Using Local data cache path C:/Users/KATALYTIC/AppData/Local/UnrealEngine/Common/DerivedDataCache: Writable
[2018.04.16-22.55.06:569][  0]LogMaterial: Verifying Global Shaders for PCD3D_SM5
[2018.04.16-22.55.06:569][  0]LogSlate: Using Freetype 2.6.0
[2018.04.16-22.55.06:569][  0]LogSlate: SlateFontCache - WITH_FREETYPE: 1, WITH_HARFBUZZ: 1
[2018.04.16-22.55.06:569][  0]LogSlate: SlateFontCache - WITH_FREETYPE: 1, WITH_HARFBUZZ: 1
[2018.04.16-22.55.06:775][  0]LogAssetRegistry: FAssetRegistry took 0.0235 seconds to start up
[2018.04.16-22.55.06:978][  0]LogInit: Selected Device Profile: [Windows]
[2018.04.16-22.55.06:981][  0]LogContentStreaming: Texture pool size is 0.00 MB
[2018.04.16-22.55.07:231][  0]LogSimplygon: Simplygon DLL not present - disabling.
[2018.04.16-22.55.07:254][  0]LogMeshReduction: Using SimplygonSwarm for distributed automatic mesh merging
[2018.04.16-22.55.07:254][  0]LogMeshReduction: Using QuadricMeshReduction for automatic static mesh reduction
[2018.04.16-22.55.07:254][  0]LogMeshReduction: No automatic skeletal mesh reduction module available
[2018.04.16-22.55.07:254][  0]LogMeshReduction: No automatic mesh merging module available
[2018.04.16-22.55.07:254][  0]LogMeshMerging: No automatic mesh merging module available
[2018.04.16-22.55.07:528][  0]LogNetVersion: MyProject9 , NetCL: 3573198, EngineNetVer: 2, GameNetVer: 0 (Checksum: 1926956936)
[2018.04.16-22.55.07:689][  0]LogPackageLocalizationCache: Processed 5 localized package path(s) for 2 prioritized culture(s) in 0.046801 seconds
[2018.04.16-22.55.07:694][  0]LogUObjectArray: 35825 objects as part of root set at end of initial load.
[2018.04.16-22.55.07:694][  0]LogUObjectAllocator: 7529104 out of 0 bytes used by permanent object pool.
[2018.04.16-22.55.07:694][  0]LogUObjectArray: CloseDisregardForGC: 0/0 objects in disregard for GC pool
[2018.04.16-22.55.07:726][  0]LogInit: WinSock: version 1.1 (2.2), MaxSocks=32767, MaxUdp=65467
[2018.04.16-22.55.09:372][  0]LogTcpMessaging: Initializing TcpMessaging bridge
[2018.04.16-22.55.09:396][  0]LogUdpMessaging: Initializing bridge on interface 0.0.0.0:0 to multicast group 230.0.0.1:6666.
[2018.04.16-22.55.09:775][  0]LogMaterial: Uniform references updated for custom material expression Custom.
[2018.04.16-22.55.10:029][  0]SourceControl: Source control is disabled
[2018.04.16-22.55.10:030][  0]SourceControl: Source control is disabled
[2018.04.16-22.55.10:056][  0]SourceControl: Source control is disabled
[2018.04.16-22.55.10:080][  0]SourceControl: Source control is disabled
[2018.04.16-22.55.10:392][  0]LogAndroidPermission: UAndroidPermissionCallbackProxy::GetInstance
[2018.04.16-22.55.10:523][  0]LogOcInput: OculusInput pre-init called
[2018.04.16-22.55.10:675][  0]LogEngine: Initializing Engine...
[2018.04.16-22.55.10:676][  0]LogHMD: Failed to initialize OpenVR with code 110
[2018.04.16-22.55.10:866][  0]LogStats: UGameplayTagsManager::ConstructGameplayTagTree: Construct from data asset -  0.000 s
[2018.04.16-22.55.10:867][  0]LogStats: UGameplayTagsManager::ConstructGameplayTagTree: GameplayTagTreeChangedEvent.Broadcast -  0.000 s
[2018.04.16-22.55.10:939][  0]LogAIModule: Creating AISystem for world Untitled
[2018.04.16-22.55.10:948][  0]LogInit: XAudio2 using 'Headset Earphone (3- ASTRO MixAmp Pro           )' : 2 channels at 48 kHz using 16 bits per sample (channel mask 0x3)
[2018.04.16-22.55.10:952][  0]LogInit: FAudioDevice initialized.
[2018.04.16-22.55.11:067][  0]LogDerivedDataCache: Saved boot cache 0.11s 93MB C:/Users/KATALYTIC/AppData/Local/UnrealEngine/4.17/DerivedDataCache/Boot.ddc.
[2018.04.16-22.55.11:071][  0]LogInit: Texture streaming: Enabled
[2018.04.16-22.55.11:133][  0]LogEngineSessionManager: EngineSessionManager initialized
[2018.04.16-22.55.11:259][  0]LogInit: Transaction tracking system initialized
[2018.04.16-22.55.11:429][  0]BlueprintLog: New page: Editor Load
[2018.04.16-22.55.11:926][  0]LocalizationService: Localization service is disabled
[2018.04.16-22.55.12:311][  0]LogConsoleResponse: Display: 
[2018.04.16-22.55.12:444][  0]LogCook: Display: Max memory allowance for cook 16384mb min free memory 0mb
[2018.04.16-22.55.12:444][  0]LogCook: Display: Mobile HDR setting 1
[2018.04.16-22.55.12:444][  0]LogGameplayTags: Display: UGameplayTagsManager::DoneAddingNativeTags. DelegateIsBound: 0
[2018.04.16-22.55.12:612][  0]LogFileCache: Scanning file cache for directory 'D:/University/Year 2/Digital Scripting/LabyrinthGame - buttonSequencing/Content/' took 0.01s
[2018.04.16-22.55.13:039][  0]SourceControl: Source control is disabled
[2018.04.16-22.55.13:039][  0]Cmd: MAP LOAD FILE="D:/University/Year 2/Digital Scripting/LabyrinthGame - buttonSequencing/Content/Levels/PlatformTest.umap" TEMPLATE=0 SHOWPROGRESS=1 FEATURELEVEL=3
[2018.04.16-22.55.13:040][  0]LightingResults: New page: Lighting Build
[2018.04.16-22.55.13:063][  0]MapCheck: New page: Map Check
[2018.04.16-22.55.13:063][  0]LightingResults: New page: Lighting Build
[2018.04.16-22.55.13:341][  0]LogAIModule: Creating AISystem for world PlatformTest
[2018.04.16-22.55.13:349][  0]LogEditorServer: Finished looking for orphan Actors (0.000 secs)
[2018.04.16-22.55.13:361][  0]Cmd: MAP CHECKDEP NOCLEARLOG
[2018.04.16-22.55.13:390][  0]MapCheck: Map check complete: 0 Error(s), 0 Warning(s), took 28.29ms to complete.
[2018.04.16-22.55.13:390][  0]LogFileHelpers: Loading map 'PlatformTest' took 0.351
[2018.04.16-22.55.13:542][  0]LogCollectionManager: Loaded 0 collections in 0.001038 seconds
[2018.04.16-22.55.13:602][  0]LogFileCache: Scanning file cache for directory 'D:/University/Year 2/Digital Scripting/LabyrinthGame - buttonSequencing/Saved/Collections/' took 0.01s
[2018.04.16-22.55.13:602][  0]LogFileCache: Scanning file cache for directory 'D:/University/Year 2/Digital Scripting/LabyrinthGame - buttonSequencing/Content/Developers/KATALYTIC/Collections/' took 0.01s
[2018.04.16-22.55.13:602][  0]LogFileCache: Scanning file cache for directory 'D:/University/Year 2/Digital Scripting/LabyrinthGame - buttonSequencing/Content/Collections/' took 0.01s
[2018.04.16-22.55.13:602][  0]LogCollectionManager: Rebuilt the GUID cache for 0 collections in 0.000001 seconds
[2018.04.16-22.55.13:609][  0]LogContentBrowser: Native class hierarchy populated in 0.0070 seconds. Added 2389 classes and 502 folders.
[2018.04.16-22.55.13:644][  0]LogContentBrowser: Native class hierarchy updated for 'WidgetCarousel' in 0.0005 seconds. Added 0 classes and 0 folders.
[2018.04.16-22.55.13:668][  0]LogContentBrowser: Native class hierarchy updated for 'AddContentDialog' in 0.0005 seconds. Added 0 classes and 0 folders.
[2018.04.16-22.55.13:693][  0]LogContentBrowser: Native class hierarchy updated for 'SceneOutliner' in 0.0006 seconds. Added 1 classes and 2 folders.
[2018.04.16-22.55.13:711][  0]LogSlate: Took 0.000096 seconds to synchronously load lazily loaded font '../../../Engine/Content/Slate/Fonts/Roboto-Regular.ttf' (155K)
[2018.04.16-22.55.13:713][  0]LogSlate: Took 0.000110 seconds to synchronously load lazily loaded font '../../../Engine/Content/Slate/Fonts/Roboto-Bold.ttf' (160K)
[2018.04.16-22.55.13:717][  0]LogSlate: Took 0.000144 seconds to synchronously load lazily loaded font '../../../Engine/Content/Editor/Slate/Fonts/FontAwesome.ttf' (139K)
[2018.04.16-22.55.13:799][  0]LogRenderer: Reallocating scene render targets to support 1208x600 Format 10 NumSamples 1 (Frame:1).
[2018.04.16-22.55.13:931][  0]LogContentBrowser: Native class hierarchy updated for 'HierarchicalLODOutliner' in 0.0005 seconds. Added 1 classes and 2 folders.
[2018.04.16-22.55.13:931][  0]LogLoad: (Engine Initialization) Total time: 10.90 seconds
[2018.04.16-22.55.13:931][  0]LogLoad: (Engine Initialization) Total Blueprint compile time: 0.00 seconds
[2018.04.16-22.55.13:931][  0]LogExternalProfiler: Found external profiler: VSPerf
[2018.04.16-22.55.13:931][  0]LogExternalProfiler: Using external profiler: VSPerf
[2018.04.16-22.55.13:957][  0]LogAssetRegistry: Asset discovery search completed in 7.2022 seconds
[2018.04.16-22.55.13:958][  0]LogCollectionManager: Rebuilt the object cache for 0 collections in 0.000001 seconds (found 0 objects)
[2018.04.16-22.55.13:958][  0]LogCollectionManager: Fixed up redirectors for 0 collections in 0.000026 seconds (updated 0 objects)
[2018.04.16-22.55.13:961][  0]LogContentStreaming: Texture pool size now 1000 MB
[2018.04.16-22.55.14:000][  0]LogSlate: Took 0.000126 seconds to synchronously load lazily loaded font '../../../Engine/Content/Slate/Fonts/Roboto-Light.ttf' (159K)
[2018.04.16-22.55.16:974][326]LogTemp: Repeating last play command: Selected Viewport
[2018.04.16-22.55.16:995][326]LogBlueprintUserMessages: Early PlayInEditor Detection: Level '/Game/Levels/PlatformTest.PlatformTest:PersistentLevel' has LevelScriptBlueprint '/Game/Levels/PlatformTest.PlatformTest:PersistentLevel.PlatformTest' with GeneratedClass '/Game/Levels/PlatformTest.PlatformTest_C' with ClassGeneratedBy '/Game/Levels/PlatformTest.PlatformTest:PersistentLevel.PlatformTest'
[2018.04.16-22.55.16:995][326]LogPlayLevel: PlayLevel: No blueprints needed recompiling
[2018.04.16-22.55.16:996][326]PIE: New page: PIE session: PlatformTest (17 Apr 2018 00:55:16)
[2018.04.16-22.55.16:996][326]LogPlayLevel: Creating play world package: /Game/Levels/UEDPIE_0_PlatformTest
[2018.04.16-22.55.16:999][326]LogPlayLevel: PIE: StaticDuplicateObject took: (0.002813s)
[2018.04.16-22.55.16:999][326]LogAIModule: Creating AISystem for world PlatformTest
[2018.04.16-22.55.16:999][326]LogPlayLevel: PIE: World Init took: (0.000562s)
[2018.04.16-22.55.16:999][326]LogPlayLevel: PIE: Created PIE world by copying editor world from /Game/Levels/PlatformTest.PlatformTest to /Game/Levels/UEDPIE_0_PlatformTest.PlatformTest (0.003593s)
[2018.04.16-22.55.17:009][326]LogInit: XAudio2 using 'Headset Earphone (3- ASTRO MixAmp Pro           )' : 2 channels at 48 kHz using 16 bits per sample (channel mask 0x3)
[2018.04.16-22.55.17:013][326]LogInit: FAudioDevice initialized.
[2018.04.16-22.55.17:055][326]LogLoad: Game class is 'MyGameMode_C'
[2018.04.16-22.55.17:057][326]LogWorld: Bringing World /Game/Levels/UEDPIE_0_PlatformTest.PlatformTest up for play (max tick rate 0) at 2018.04.16-23.55.17
[2018.04.16-22.55.17:058][326]LogWorld: Bringing up level for play took: 0.001724
[2018.04.16-22.55.17:081][326]LogContentBrowser: Native class hierarchy updated for 'MovieSceneCapture' in 0.0005 seconds. Added 11 classes and 0 folders.
[2018.04.16-22.55.17:082][326]PIE: Play in editor start time for /Game/Levels/UEDPIE_0_PlatformTest -0.102
[2018.04.16-22.55.17:082][326]LogBlueprintUserMessages: Late PlayInEditor Detection: Level '/Game/Levels/PlatformTest.PlatformTest:PersistentLevel' has LevelScriptBlueprint '/Game/Levels/PlatformTest.PlatformTest:PersistentLevel.PlatformTest' with GeneratedClass '/Game/Levels/PlatformTest.PlatformTest_C' with ClassGeneratedBy '/Game/Levels/PlatformTest.PlatformTest:PersistentLevel.PlatformTest'
[2018.04.16-22.55.20:672][753]LogBlueprintUserMessages: Early EndPlayMap Detection: Level '/Game/Levels/PlatformTest.PlatformTest:PersistentLevel' has LevelScriptBlueprint '/Game/Levels/PlatformTest.PlatformTest:PersistentLevel.PlatformTest' with GeneratedClass '/Game/Levels/PlatformTest.PlatformTest_C' with ClassGeneratedBy '/Game/Levels/PlatformTest.PlatformTest:PersistentLevel.PlatformTest'
[2018.04.16-22.55.20:704][753]LogBlueprintUserMessages: Late EndPlayMap Detection: Level '/Game/Levels/PlatformTest.PlatformTest:PersistentLevel' has LevelScriptBlueprint '/Game/Levels/PlatformTest.PlatformTest:PersistentLevel.PlatformTest' with GeneratedClass '/Game/Levels/PlatformTest.PlatformTest_C' with ClassGeneratedBy '/Game/Levels/PlatformTest.PlatformTest:PersistentLevel.PlatformTest'
[2018.04.16-22.55.27:854][564]EditorErrors: New page: Actor attachment
[2018.04.16-22.55.29:506][750]LogSlate: Took 0.000098 seconds to synchronously load lazily loaded font '../../../Engine/Content/Slate/Fonts/Roboto-Light.ttf' (159K)
[2018.04.16-22.55.29:663][750]LogSavePackage: Save=83.12ms
[2018.04.16-22.55.29:663][750]LogSavePackage: Moving 'D:/University/Year 2/Digital Scripting/LabyrinthGame - buttonSequencing/Saved/PlatformTestF853B4554C49B0E301E97A9468DAAD91.tmp' to 'D:/University/Year 2/Digital Scripting/LabyrinthGame - buttonSequencing/Content/Levels/PlatformTest.umap'
[2018.04.16-22.55.29:666][750]LogSavePackage: Display: Finished SavePackage D:/University/Year 2/Digital Scripting/LabyrinthGame - buttonSequencing/Content/Levels/PlatformTest.umap
[2018.04.16-22.55.29:764][750]Cmd: OBJ SAVEPACKAGE PACKAGE="/Game/Levels/PlatformTest_BuiltData" FILE="D:/University/Year 2/Digital Scripting/LabyrinthGame - buttonSequencing/Content/Levels/PlatformTest_BuiltData.uasset" SILENT=true
[2018.04.16-22.55.29:773][750]LogSavePackage: Save=5.15ms
[2018.04.16-22.55.29:773][750]LogSavePackage: Moving 'D:/University/Year 2/Digital Scripting/LabyrinthGame - buttonSequencing/Saved/PlatformTest_BuiltDataC6A6C0454C3743BE63A0C5893ABA71B5.tmp' to 'D:/University/Year 2/Digital Scripting/LabyrinthGame - buttonSequencing/Content/Levels/PlatformTest_BuiltData.uasset'
[2018.04.16-22.55.29:775][750]LogSavePackage: Display: Finished SavePackage D:/University/Year 2/Digital Scripting/LabyrinthGame - buttonSequencing/Content/Levels/PlatformTest_BuiltData.uasset
[2018.04.16-22.55.33:096][133]LogTemp: Repeating last play command: Selected Viewport
[2018.04.16-22.55.33:108][133]LogBlueprintUserMessages: Early PlayInEditor Detection: Level '/Game/Levels/PlatformTest.PlatformTest:PersistentLevel' has LevelScriptBlueprint '/Game/Levels/PlatformTest.PlatformTest:PersistentLevel.PlatformTest' with GeneratedClass '/Game/Levels/PlatformTest.PlatformTest_C' with ClassGeneratedBy '/Game/Levels/PlatformTest.PlatformTest:PersistentLevel.PlatformTest'
[2018.04.16-22.55.33:108][133]LogPlayLevel: PlayLevel: No blueprints needed recompiling
[2018.04.16-22.55.33:108][133]PIE: New page: PIE session: PlatformTest (17 Apr 2018 00:55:33)
[2018.04.16-22.55.33:108][133]LogPlayLevel: Creating play world package: /Game/Levels/UEDPIE_0_PlatformTest
[2018.04.16-22.55.33:111][133]LogPlayLevel: PIE: StaticDuplicateObject took: (0.002475s)
[2018.04.16-22.55.33:111][133]LogAIModule: Creating AISystem for world PlatformTest
[2018.04.16-22.55.33:111][133]LogPlayLevel: PIE: World Init took: (0.000462s)
[2018.04.16-22.55.33:111][133]LogPlayLevel: PIE: Created PIE world by copying editor world from /Game/Levels/PlatformTest.PlatformTest to /Game/Levels/UEDPIE_0_PlatformTest.PlatformTest (0.003113s)
[2018.04.16-22.55.33:121][133]LogInit: XAudio2 using 'Headset Earphone (3- ASTRO MixAmp Pro           )' : 2 channels at 48 kHz using 16 bits per sample (channel mask 0x3)
[2018.04.16-22.55.33:125][133]LogInit: FAudioDevice initialized.
[2018.04.16-22.55.33:152][133]LogLoad: Game class is 'MyGameMode_C'
[2018.04.16-22.55.33:154][133]LogWorld: Bringing World /Game/Levels/UEDPIE_0_PlatformTest.PlatformTest up for play (max tick rate 0) at 2018.04.16-23.55.33
[2018.04.16-22.55.33:154][133]LogWorld: Bringing up level for play took: 0.001426
[2018.04.16-22.55.33:155][133]PIE: Play in editor start time for /Game/Levels/UEDPIE_0_PlatformTest -0.029
[2018.04.16-22.55.33:155][133]LogBlueprintUserMessages: Late PlayInEditor Detection: Level '/Game/Levels/PlatformTest.PlatformTest:PersistentLevel' has LevelScriptBlueprint '/Game/Levels/PlatformTest.PlatformTest:PersistentLevel.PlatformTest' with GeneratedClass '/Game/Levels/PlatformTest.PlatformTest_C' with ClassGeneratedBy '/Game/Levels/PlatformTest.PlatformTest:PersistentLevel.PlatformTest'
[2018.04.16-22.55.36:906][580]LogBlueprintUserMessages: [Ball] Button 1 Pressed
[2018.04.16-22.55.37:231][619]LogBlueprintUserMessages: [Ball] Button 1 Pressed
[2018.04.16-22.55.40:739][ 40]LogBlueprintUserMessages: [Ball] Button 2 Pressed
[2018.04.16-22.56.00:824][450]LogBlueprintUserMessages: [Ball] Button 3 Pressed
[2018.04.16-22.56.00:824][450]LogBlueprintUserMessages: [Ball] combo true
[2018.04.16-22.56.03:941][824]LogBlueprintUserMessages: Early EndPlayMap Detection: Level '/Game/Levels/PlatformTest.PlatformTest:PersistentLevel' has LevelScriptBlueprint '/Game/Levels/PlatformTest.PlatformTest:PersistentLevel.PlatformTest' with GeneratedClass '/Game/Levels/PlatformTest.PlatformTest_C' with ClassGeneratedBy '/Game/Levels/PlatformTest.PlatformTest:PersistentLevel.PlatformTest'
[2018.04.16-22.56.03:976][824]LogBlueprintUserMessages: Late EndPlayMap Detection: Level '/Game/Levels/PlatformTest.PlatformTest:PersistentLevel' has LevelScriptBlueprint '/Game/Levels/PlatformTest.PlatformTest:PersistentLevel.PlatformTest' with GeneratedClass '/Game/Levels/PlatformTest.PlatformTest_C' with ClassGeneratedBy '/Game/Levels/PlatformTest.PlatformTest:PersistentLevel.PlatformTest'
[2018.04.16-22.56.06:166][ 42]LogSavePackage: Save=85.48ms
[2018.04.16-22.56.06:166][ 42]LogSavePackage: Moving 'D:/University/Year 2/Digital Scripting/LabyrinthGame - buttonSequencing/Saved/PlatformTestEC7908D14B7047F172AE22B6E114F592.tmp' to 'D:/University/Year 2/Digital Scripting/LabyrinthGame - buttonSequencing/Content/Levels/PlatformTest.umap'
[2018.04.16-22.56.06:168][ 42]LogSavePackage: Display: Finished SavePackage D:/University/Year 2/Digital Scripting/LabyrinthGame - buttonSequencing/Content/Levels/PlatformTest.umap
[2018.04.16-22.56.06:186][ 42]Cmd: OBJ SAVEPACKAGE PACKAGE="/Game/Levels/PlatformTest_BuiltData" FILE="D:/University/Year 2/Digital Scripting/LabyrinthGame - buttonSequencing/Content/Levels/PlatformTest_BuiltData.uasset" SILENT=true
[2018.04.16-22.56.06:194][ 42]LogSavePackage: Save=3.84ms
[2018.04.16-22.56.06:194][ 42]LogSavePackage: Moving 'D:/University/Year 2/Digital Scripting/LabyrinthGame - buttonSequencing/Saved/PlatformTest_BuiltData2553E3924622599F4645C7B23F180A15.tmp' to 'D:/University/Year 2/Digital Scripting/LabyrinthGame - buttonSequencing/Content/Levels/PlatformTest_BuiltData.uasset'
[2018.04.16-22.56.06:195][ 42]LogSavePackage: Display: Finished SavePackage D:/University/Year 2/Digital Scripting/LabyrinthGame - buttonSequencing/Content/Levels/PlatformTest_BuiltData.uasset
[2018.04.16-22.56.09:306][341]Cmd: QUIT_EDITOR
[2018.04.16-22.56.09:327][341]LogExit: Preparing to exit.
[2018.04.16-22.56.10:560][341]LogExit: Editor shut down
[2018.04.16-22.56.10:561][341]LogExit: Transaction tracking system shut down
[2018.04.16-22.56.10:731][341]LogDirectoryWatcher: A directory notification for '../../../Engine/Content/' was aborted.
[2018.04.16-22.56.10:731][341]LogDirectoryWatcher: A directory notification for 'D:/University/Year 2/Digital Scripting/LabyrinthGame - buttonSequencing/Content/' was aborted.
[2018.04.16-22.56.10:732][341]LogDirectoryWatcher: A directory notification for '../../../Engine/Plugins/2D/Paper2D/Content/' was aborted.
[2018.04.16-22.56.10:732][341]LogDirectoryWatcher: A directory notification for '../../../Engine/Plugins/Runtime/Oculus/OculusVR/Content/' was aborted.
[2018.04.16-22.56.10:732][341]LogDirectoryWatcher: A directory notification for '../../../Engine/Plugins/Runtime/Steam/SteamVR/Content/' was aborted.
[2018.04.16-22.56.10:771][341]LogExit: Object subsystem successfully closed.
[2018.04.16-22.56.10:790][341]LogD3D11RHI: Shutdown
[2018.04.16-22.56.10:791][341]LogD3D11RHI: CleanupD3DDevice
[2018.04.16-22.56.10:841][341]LogD3D11RHI: ~FD3D11DynamicRHI
[2018.04.16-22.56.10:849][341]LogModuleManager: Shutting down and abandoning module MovieSceneCapture (534)
[2018.04.16-22.56.10:849][341]LogModuleManager: Shutting down and abandoning module HierarchicalLODOutliner (532)
[2018.04.16-22.56.10:849][341]LogModuleManager: Shutting down and abandoning module SceneOutliner (530)
[2018.04.16-22.56.10:849][341]LogModuleManager: Shutting down and abandoning module AddContentDialog (528)
[2018.04.16-22.56.10:849][341]LogDirectoryWatcher: A directory notification for 'C:/Program Files/Epic Games/UE_4.17/FeaturePacks/' was aborted.
[2018.04.16-22.56.10:850][341]LogModuleManager: Shutting down and abandoning module WidgetCarousel (527)
[2018.04.16-22.56.10:850][341]LogModuleManager: Shutting down and abandoning module EditorWidgets (524)
[2018.04.16-22.56.10:850][341]LogModuleManager: Shutting down and abandoning module CollectionManager (522)
[2018.04.16-22.56.10:850][341]LogDirectoryWatcher: A directory notification for 'D:/University/Year 2/Digital Scripting/LabyrinthGame - buttonSequencing/Content/Collections/' was aborted.
[2018.04.16-22.56.10:850][341]LogDirectoryWatcher: A directory notification for 'D:/University/Year 2/Digital Scripting/LabyrinthGame - buttonSequencing/Content/Developers/KATALYTIC/Collections/' was aborted.
[2018.04.16-22.56.10:850][341]LogDirectoryWatcher: A directory notification for 'D:/University/Year 2/Digital Scripting/LabyrinthGame - buttonSequencing/Saved/Collections/' was aborted.
[2018.04.16-22.56.10:850][341]LogModuleManager: Shutting down and abandoning module StatsViewer (520)
[2018.04.16-22.56.10:850][341]LogModuleManager: Shutting down and abandoning module FoliageEdit (518)
[2018.04.16-22.56.10:850][341]LogModuleManager: Shutting down and abandoning module LandscapeEditor (516)
[2018.04.16-22.56.10:850][341]LogModuleManager: Shutting down and abandoning module MeshPaintMode (514)
[2018.04.16-22.56.10:850][341]LogModuleManager: Shutting down and abandoning module SceneDepthPickerMode (512)
[2018.04.16-22.56.10:850][341]LogModuleManager: Shutting down and abandoning module ActorPickerMode (510)
[2018.04.16-22.56.10:850][341]LogModuleManager: Shutting down and abandoning module GeometryMode (508)
[2018.04.16-22.56.10:850][341]LogModuleManager: Shutting down and abandoning module TextureAlignMode (506)
[2018.04.16-22.56.10:850][341]LogModuleManager: Shutting down and abandoning module BspMode (504)
[2018.04.16-22.56.10:850][341]LogModuleManager: Shutting down and abandoning module PIEPreviewDeviceProfileSelector (502)
[2018.04.16-22.56.10:850][341]LogModuleManager: Shutting down and abandoning module HardwareSurvey (500)
[2018.04.16-22.56.10:850][341]LogModuleManager: Shutting down and abandoning module SequenceRecorderSections (498)
[2018.04.16-22.56.10:850][341]LogModuleManager: Shutting down and abandoning module AutomationWorker (496)
[2018.04.16-22.56.10:850][341]LogModuleManager: Shutting down and abandoning module MatineeToLevelSequence (494)
[2018.04.16-22.56.10:850][341]LogModuleManager: Shutting down and abandoning module LevelSequenceEditor (492)
[2018.04.16-22.56.10:850][341]LogModuleManager: Shutting down and abandoning module PlacementMode (491)
[2018.04.16-22.56.10:850][341]LogModuleManager: Shutting down and abandoning module ActorSequenceEditor (488)
[2018.04.16-22.56.10:850][341]LogModuleManager: Shutting down and abandoning module WmfMediaFactory (486)
[2018.04.16-22.56.10:850][341]LogModuleManager: Shutting down and abandoning module WmfMediaEditor (484)
[2018.04.16-22.56.10:850][341]LogModuleManager: Shutting down and abandoning module AvfMediaFactory (482)
[2018.04.16-22.56.10:851][341]LogModuleManager: Shutting down and abandoning module AvfMediaEditor (480)
[2018.04.16-22.56.10:851][341]LogModuleManager: Shutting down and abandoning module AndroidMediaFactory (478)
[2018.04.16-22.56.10:851][341]LogModuleManager: Shutting down and abandoning module Media (477)
[2018.04.16-22.56.10:851][341]LogModuleManager: Shutting down and abandoning module AndroidMediaEditor (474)
[2018.04.16-22.56.10:851][341]LogModuleManager: Shutting down and abandoning module CharacterAI (472)
[2018.04.16-22.56.10:851][341]LogModuleManager: Shutting down and abandoning module AudioCapture (470)
[2018.04.16-22.56.10:851][341]LogModuleManager: Shutting down and abandoning module SequenceRecorder (469)
[2018.04.16-22.56.10:851][341]LogModuleManager: Shutting down and abandoning module SmartSnapping (466)
[2018.04.16-22.56.10:851][341]LogModuleManager: Shutting down and abandoning module SessionServices (464)
[2018.04.16-22.56.10:851][341]LogModuleManager: Shutting down and abandoning module ViewportSnapping (462)
[2018.04.16-22.56.10:851][341]LogModuleManager: Shutting down and abandoning module ViewportInteraction (460)
[2018.04.16-22.56.10:851][341]LogModuleManager: Shutting down and abandoning module ClothPainter (458)
[2018.04.16-22.56.10:851][341]LogModuleManager: Shutting down and abandoning module LogVisualizer (456)
[2018.04.16-22.56.10:851][341]LogModuleManager: Shutting down and abandoning module IntroTutorials (454)
[2018.04.16-22.56.10:851][341]LogModuleManager: Shutting down and abandoning module GameProjectGeneration (453)
[2018.04.16-22.56.10:851][341]LogModuleManager: Shutting down and abandoning module IOSPlatformEditor (450)
[2018.04.16-22.56.10:851][341]LogModuleManager: Shutting down and abandoning module HTML5PlatformEditor (448)
[2018.04.16-22.56.10:851][341]LogModuleManager: Shutting down and abandoning module AndroidPlatformEditor (446)
[2018.04.16-22.56.10:851][341]LogModuleManager: Shutting down and abandoning module AndroidDeviceDetection (445)
[2018.04.16-22.56.11:134][341]LogModuleManager: Shutting down and abandoning module WindowsPlatformEditor (442)
[2018.04.16-22.56.11:134][341]LogModuleManager: Shutting down and abandoning module IOSRuntimeSettings (440)
[2018.04.16-22.56.11:134][341]LogModuleManager: Shutting down and abandoning module AndroidRuntimeSettings (438)
[2018.04.16-22.56.11:134][341]LogModuleManager: Shutting down and abandoning module InputBindingEditor (436)
[2018.04.16-22.56.11:134][341]LogModuleManager: Shutting down and abandoning module MergeActors (434)
[2018.04.16-22.56.11:134][341]LogModuleManager: Shutting down and abandoning module SizeMap (432)
[2018.04.16-22.56.11:134][341]LogModuleManager: Shutting down and abandoning module TreeMap (430)
[2018.04.16-22.56.11:134][341]LogModuleManager: Shutting down and abandoning module ReferenceViewer (428)
[2018.04.16-22.56.11:134][341]LogModuleManager: Shutting down and abandoning module LocalizationDashboard (426)
[2018.04.16-22.56.11:134][341]LogModuleManager: Shutting down and abandoning module LocalizationService (425)
[2018.04.16-22.56.11:134][341]LogModuleManager: Shutting down and abandoning module HardwareTargeting (422)
[2018.04.16-22.56.11:134][341]LogModuleManager: Shutting down and abandoning module DeviceProfileEditor (420)
[2018.04.16-22.56.11:134][341]LogModuleManager: Shutting down and abandoning module UndoHistory (418)
[2018.04.16-22.56.11:134][341]LogModuleManager: Shutting down and abandoning module XmlParser (416)
[2018.04.16-22.56.11:134][341]LogModuleManager: Shutting down and abandoning module Blutility (414)
[2018.04.16-22.56.11:134][341]LogModuleManager: Shutting down and abandoning module ProjectSettingsViewer (412)
[2018.04.16-22.56.11:134][341]LogModuleManager: Shutting down and abandoning module ProjectTargetPlatformEditor (411)
[2018.04.16-22.56.11:135][341]LogModuleManager: Shutting down and abandoning module EditorSettingsViewer (408)
[2018.04.16-22.56.11:135][341]LogModuleManager: Shutting down and abandoning module SettingsEditor (406)
[2018.04.16-22.56.11:135][341]LogModuleManager: Shutting down and abandoning module ProjectLauncher (404)
[2018.04.16-22.56.11:135][341]LogModuleManager: Shutting down and abandoning module SessionFrontend (402)
[2018.04.16-22.56.11:135][341]LogModuleManager: Shutting down and abandoning module ProfilerClient (400)
[2018.04.16-22.56.11:135][341]LogModuleManager: Shutting down and abandoning module DeviceManager (398)
[2018.04.16-22.56.11:135][341]LogModuleManager: Shutting down and abandoning module TargetDeviceServices (397)
[2018.04.16-22.56.11:186][341]LogModuleManager: Shutting down and abandoning module AutomationController (394)
[2018.04.16-22.56.11:186][341]LogModuleManager: Shutting down and abandoning module AutomationWindow (392)
[2018.04.16-22.56.11:186][341]LogModuleManager: Shutting down and abandoning module Layers (390)
[2018.04.16-22.56.11:186][341]LogModuleManager: Shutting down and abandoning module ComponentVisualizers (388)
[2018.04.16-22.56.11:186][341]LogModuleManager: Shutting down and abandoning module DetailCustomizations (386)
[2018.04.16-22.56.11:186][341]LogModuleManager: Shutting down and abandoning module PackagesDialog (384)
[2018.04.16-22.56.11:186][341]LogModuleManager: Shutting down and abandoning module Persona (382)
[2018.04.16-22.56.11:186][341]LogModuleManager: Shutting down and abandoning module AdvancedPreviewScene (381)
[2018.04.16-22.56.11:186][341]LogModuleManager: Shutting down and abandoning module AnimGraph (379)
[2018.04.16-22.56.11:186][341]LogModuleManager: Shutting down and abandoning module Kismet (376)
[2018.04.16-22.56.11:187][341]LogModuleManager: Shutting down and abandoning module ClassViewer (374)
[2018.04.16-22.56.11:187][341]LogModuleManager: Shutting down and abandoning module Toolbox (372)
[2018.04.16-22.56.11:187][341]LogModuleManager: Shutting down and abandoning module ModuleUI (370)
[2018.04.16-22.56.11:187][341]LogModuleManager: Shutting down and abandoning module MovieSceneTools (368)
[2018.04.16-22.56.11:187][341]LogModuleManager: Shutting down and abandoning module OutputLog (366)
[2018.04.16-22.56.11:187][341]LogModuleManager: Shutting down and abandoning module GammaUI (364)
[2018.04.16-22.56.11:187][341]LogModuleManager: Shutting down and abandoning module Documentation (362)
[2018.04.16-22.56.11:187][341]LogModuleManager: Shutting down and abandoning module MovieSceneTracks (360)
[2018.04.16-22.56.11:187][341]LogModuleManager: Shutting down and abandoning module MovieScene (358)
[2018.04.16-22.56.11:187][341]LogModuleManager: Shutting down and abandoning module Niagara (356)
[2018.04.16-22.56.11:187][341]LogModuleManager: Shutting down and abandoning module NiagaraEditor (355)
[2018.04.16-22.56.11:187][341]LogModuleManager: Shutting down and abandoning module StreamingPauseRendering (352)
[2018.04.16-22.56.11:187][341]LogModuleManager: Shutting down and abandoning module LauncherPlatform (350)
[2018.04.16-22.56.11:187][341]LogModuleManager: Shutting down and abandoning module AnalyticsET (348)
[2018.04.16-22.56.11:187][341]LogModuleManager: Shutting down and abandoning module PortalServices (346)
[2018.04.16-22.56.11:187][341]LogModuleManager: Shutting down and abandoning module PortalRpc (344)
[2018.04.16-22.56.11:188][341]LogModuleManager: Shutting down and abandoning module MessagingRpc (342)
[2018.04.16-22.56.11:188][341]LogModuleManager: Shutting down and abandoning module AIModule (340)
[2018.04.16-22.56.11:188][341]LogModuleManager: Shutting down and abandoning module GameplayDebugger (339)
[2018.04.16-22.56.11:188][341]LogModuleManager: Shutting down and abandoning module AITestSuite (337)
[2018.04.16-22.56.11:188][341]LogModuleManager: Shutting down and abandoning module ProfilerService (334)
[2018.04.16-22.56.11:390][341]LogModuleManager: Shutting down and abandoning module TaskGraph (332)
[2018.04.16-22.56.11:390][341]LogModuleManager: Shutting down and abandoning module SteamVRController (330)
[2018.04.16-22.56.11:390][341]LogModuleManager: Shutting down and abandoning module ProceduralMeshComponentEditor (328)
[2018.04.16-22.56.11:390][341]LogModuleManager: Shutting down and abandoning module ProceduralMeshComponent (326)
[2018.04.16-22.56.11:390][341]LogModuleManager: Shutting down and abandoning module OculusInput (324)
[2018.04.16-22.56.11:390][341]LogModuleManager: Shutting down and abandoning module MobilePatchingUtils (322)
[2018.04.16-22.56.11:390][341]LogModuleManager: Shutting down and abandoning module CustomMeshComponent (320)
[2018.04.16-22.56.11:390][341]LogModuleManager: Shutting down and abandoning module CableComponent (318)
[2018.04.16-22.56.11:390][341]LogModuleManager: Shutting down and abandoning module ArchVisCharacter (316)
[2018.04.16-22.56.11:390][341]LogModuleManager: Shutting down and abandoning module AndroidPermission (314)
[2018.04.16-22.56.11:390][341]LogModuleManager: Shutting down and abandoning module MediaPlayerEditor (310)
[2018.04.16-22.56.11:390][341]LogModuleManager: Shutting down and abandoning module HTML5Networking (308)
[2018.04.16-22.56.11:390][341]LogModuleManager: Shutting down and abandoning module AlembicImporter (306)
[2018.04.16-22.56.11:390][341]LogModuleManager: Shutting down and abandoning module AlembicLibrary (305)
[2018.04.16-22.56.11:390][341]LogModuleManager: Shutting down and abandoning module GeometryCache (304)
[2018.04.16-22.56.11:390][341]LogModuleManager: Shutting down and abandoning module GeometryCacheEd (303)
[2018.04.16-22.56.11:390][341]LogModuleManager: Shutting down and abandoning module SpeedTreeImporter (298)
[2018.04.16-22.56.11:390][341]LogModuleManager: Shutting down and abandoning module PluginBrowser (296)
[2018.04.16-22.56.11:390][341]LogModuleManager: Shutting down and abandoning module MobileLauncherProfileWizard (294)
[2018.04.16-22.56.11:390][341]LogModuleManager: Shutting down and abandoning module VisualStudioSourceCodeAccess (292)
[2018.04.16-22.56.11:390][341]LogModuleManager: Shutting down and abandoning module DesktopPlatform (291)
[2018.04.16-22.56.11:390][341]LogModuleManager: Shutting down and abandoning module UObjectPlugin (288)
[2018.04.16-22.56.11:390][341]LogModuleManager: Shutting down and abandoning module SubversionSourceControl (286)
[2018.04.16-22.56.11:390][341]LogModuleManager: Shutting down and abandoning module PerforceSourceControl (284)
[2018.04.16-22.56.11:390][341]LogModuleManager: Shutting down and abandoning module GitSourceControl (282)
[2018.04.16-22.56.11:390][341]LogModuleManager: Shutting down and abandoning module SourceControl (281)
[2018.04.16-22.56.11:391][341]LogModuleManager: Shutting down and abandoning module LightPropagationVolumeEditor (278)
[2018.04.16-22.56.11:391][341]LogModuleManager: Shutting down and abandoning module PaperTiledImporter (276)
[2018.04.16-22.56.11:391][341]LogModuleManager: Shutting down and abandoning module PaperSpriteSheetImporter (274)
[2018.04.16-22.56.11:391][341]LogModuleManager: Shutting down and abandoning module Paper2DEditor (272)
[2018.04.16-22.56.11:391][341]LogModuleManager: Shutting down and abandoning module MeshPaint (271)
[2018.04.16-22.56.11:391][341]LogModuleManager: Shutting down and abandoning module LevelEditor (269)
[2018.04.16-22.56.11:391][341]LogModuleManager: Shutting down and abandoning module PixelInspectorModule (268)
[2018.04.16-22.56.11:391][341]LogModuleManager: Shutting down and abandoning module MainFrame (266)
[2018.04.16-22.56.11:391][341]LogModuleManager: Shutting down and abandoning module HotReload (265)
[2018.04.16-22.56.11:392][341]LogModuleManager: Shutting down and abandoning module RuntimePhysXCooking (260)
[2018.04.16-22.56.11:392][341]LogModuleManager: Shutting down and abandoning module PhysXVehiclesEditor (258)
[2018.04.16-22.56.11:392][341]LogModuleManager: Shutting down and abandoning module PhysXVehicles (256)
[2018.04.16-22.56.11:392][341]LogModuleManager: Shutting down and abandoning module OculusEditor (254)
[2018.04.16-22.56.11:392][341]LogModuleManager: Shutting down and abandoning module LocationServicesBPLibrary (252)
[2018.04.16-22.56.11:392][341]LogModuleManager: Shutting down and abandoning module ImmediatePhysicsEditor (250)
[2018.04.16-22.56.11:392][341]LogModuleManager: Shutting down and abandoning module ImmediatePhysics (248)
[2018.04.16-22.56.11:392][341]LogModuleManager: Shutting down and abandoning module UdpMessaging (246)
[2018.04.16-22.56.11:492][341]LogModuleManager: Shutting down and abandoning module TcpMessaging (244)
[2018.04.16-22.56.11:592][341]LogModuleManager: Shutting down and abandoning module GameplayTagsEditor (242)
[2018.04.16-22.56.11:592][341]LogModuleManager: Shutting down and abandoning module FacialAnimationEditor (240)
[2018.04.16-22.56.11:592][341]LogModuleManager: Shutting down and abandoning module FacialAnimation (238)
[2018.04.16-22.56.11:592][341]LogModuleManager: Shutting down and abandoning module AssetManagerEditor (236)
[2018.04.16-22.56.11:592][341]LogModuleManager: Shutting down and abandoning module GraphEditor (235)
[2018.04.16-22.56.11:592][341]LogModuleManager: Shutting down and abandoning module ContentBrowser (233)
[2018.04.16-22.56.11:593][341]LogModuleManager: Shutting down and abandoning module LightPropagationVolumeRuntime (230)
[2018.04.16-22.56.11:593][341]LogModuleManager: Shutting down and abandoning module Paper2D (228)
[2018.04.16-22.56.11:593][341]LogModuleManager: Shutting down and abandoning module WindowsMoviePlayer (226)
[2018.04.16-22.56.11:593][341]LogModuleManager: Shutting down and abandoning module WmfMedia (224)
[2018.04.16-22.56.11:593][341]LogModuleManager: Shutting down and abandoning module PacketHandler (222)
[2018.04.16-22.56.11:593][341]LogModuleManager: Shutting down and abandoning module ClothingSystemEditor (220)
[2018.04.16-22.56.11:593][341]LogModuleManager: Shutting down and abandoning module ClothingSystemRuntime (218)
[2018.04.16-22.56.11:593][341]LogModuleManager: Shutting down and abandoning module Overlay (216)
[2018.04.16-22.56.11:593][341]LogModuleManager: Shutting down and abandoning module OverlayEditor (215)
[2018.04.16-22.56.11:593][341]LogModuleManager: Shutting down and abandoning module MediaAssets (212)
[2018.04.16-22.56.11:593][341]LogModuleManager: Shutting down and abandoning module VREditor (210)
[2018.04.16-22.56.11:593][341]LogModuleManager: Shutting down and abandoning module StringTableEditor (208)
[2018.04.16-22.56.11:593][341]LogModuleManager: Shutting down and abandoning module GameplayTasksEditor (206)
[2018.04.16-22.56.11:593][341]LogModuleManager: Shutting down and abandoning module BehaviorTreeEditor (204)
[2018.04.16-22.56.11:593][341]LogModuleManager: Shutting down and abandoning module FunctionalTesting (202)
[2018.04.16-22.56.11:593][341]LogModuleManager: Shutting down and abandoning module CollisionAnalyzer (200)
[2018.04.16-22.56.11:593][341]LogModuleManager: Shutting down and abandoning module WorkspaceMenuStructure (199)
[2018.04.16-22.56.11:593][341]LogModuleManager: Shutting down and abandoning module UMG (196)
[2018.04.16-22.56.11:593][341]LogModuleManager: Shutting down and abandoning module UMGEditor (195)
[2018.04.16-22.56.11:593][341]LogModuleManager: Shutting down and abandoning module Sequencer (194)
[2018.04.16-22.56.11:594][341]LogModuleManager: Shutting down and abandoning module MessageLog (191)
[2018.04.16-22.56.11:594][341]LogModuleManager: Shutting down and abandoning module SlateReflector (186)
[2018.04.16-22.56.11:594][341]LogModuleManager: Shutting down and abandoning module Slate (184)
[2018.04.16-22.56.11:594][341]LogModuleManager: Shutting down and abandoning module EditorStyle (182)
[2018.04.16-22.56.11:595][341]LogModuleManager: Shutting down and abandoning module MRMesh (180)
[2018.04.16-22.56.11:595][341]LogModuleManager: Shutting down and abandoning module SourceCodeAccess (178)
[2018.04.16-22.56.11:595][341]LogModuleManager: Shutting down and abandoning module HeadMountedDisplay (176)
[2018.04.16-22.56.11:595][341]LogModuleManager: Shutting down and abandoning module XAudio2 (174)
[2018.04.16-22.56.11:595][341]LogModuleManager: Shutting down and abandoning module Networking (172)
[2018.04.16-22.56.11:595][341]LogModuleManager: Shutting down and abandoning module Core (168)
[2018.04.16-22.56.11:595][341]LogModuleManager: Shutting down and abandoning module KismetCompiler (164)
[2018.04.16-22.56.11:595][341]LogModuleManager: Shutting down and abandoning module MeshUtilities (162)
[2018.04.16-22.56.11:595][341]LogModuleManager: Shutting down and abandoning module MeshMergeUtilities (161)
[2018.04.16-22.56.11:596][341]LogModuleManager: Shutting down and abandoning module MeshReductionInterface (160)
[2018.04.16-22.56.11:596][341]LogModuleManager: Shutting down and abandoning module SimplygonSwarm (159)
[2018.04.16-22.56.11:596][341]LogModuleManager: Shutting down and abandoning module SimplygonMeshReduction (157)
[2018.04.16-22.56.11:596][341]LogModuleManager: Shutting down and abandoning module QuadricMeshReduction (155)
[2018.04.16-22.56.11:596][341]LogModuleManager: Shutting down and abandoning module MaterialBaking (151)
[2018.04.16-22.56.11:596][341]LogModuleManager: Shutting down and abandoning module LevelSequence (148)
[2018.04.16-22.56.11:596][341]LogModuleManager: Shutting down and abandoning module DirectoryWatcher (146)
[2018.04.16-22.56.11:596][341]LogModuleManager: Shutting down and abandoning module DerivedDataCache (144)
[2018.04.16-22.56.12:054][341]LogDerivedDataCache: Shutdown
[2018.04.16-22.56.12:054][341]LogModuleManager: Shutting down and abandoning module TargetPlatform (142)
[2018.04.16-22.56.12:054][341]LogModuleManager: Shutting down and abandoning module VulkanShaderFormat (141)
[2018.04.16-22.56.12:054][341]LogModuleManager: Shutting down and abandoning module ShaderFormatVectorVM (139)
[2018.04.16-22.56.12:054][341]LogModuleManager: Shutting down and abandoning module ShaderFormatOpenGL (137)
[2018.04.16-22.56.12:054][341]LogModuleManager: Shutting down and abandoning module ShaderFormatD3D (135)
[2018.04.16-22.56.12:054][341]LogModuleManager: Shutting down and abandoning module MetalShaderFormat (133)
[2018.04.16-22.56.12:054][341]LogModuleManager: Shutting down and abandoning module TextureFormatUncompressed (131)
[2018.04.16-22.56.12:054][341]LogModuleManager: Shutting down and abandoning module TextureFormatPVR (129)
[2018.04.16-22.56.12:054][341]LogModuleManager: Shutting down and abandoning module TextureFormatDXT (127)
[2018.04.16-22.56.12:054][341]LogModuleManager: Shutting down and abandoning module TextureFormatIntelISPCTexComp (125)
[2018.04.16-22.56.12:054][341]LogModuleManager: Shutting down and abandoning module TextureFormatASTC (123)
[2018.04.16-22.56.12:054][341]LogModuleManager: Shutting down and abandoning module ImageWrapper (122)
[2018.04.16-22.56.12:054][341]LogModuleManager: Shutting down and abandoning module TextureFormatAndroid (119)
[2018.04.16-22.56.12:054][341]LogModuleManager: Shutting down and abandoning module AudioFormatOpus (117)
[2018.04.16-22.56.12:054][341]LogModuleManager: Shutting down and abandoning module AudioFormatOgg (115)
[2018.04.16-22.56.12:054][341]LogModuleManager: Shutting down and abandoning module AudioFormatADPCM (113)
[2018.04.16-22.56.12:054][341]LogModuleManager: Shutting down and abandoning module LinuxTargetPlatform (111)
[2018.04.16-22.56.12:054][341]LogModuleManager: Shutting down and abandoning module LinuxServerTargetPlatform (109)
[2018.04.16-22.56.12:054][341]LogModuleManager: Shutting down and abandoning module LinuxNoEditorTargetPlatform (107)
[2018.04.16-22.56.12:055][341]LogModuleManager: Shutting down and abandoning module LinuxClientTargetPlatform (105)
[2018.04.16-22.56.12:055][341]LogModuleManager: Shutting down and abandoning module TVOSTargetPlatform (103)
[2018.04.16-22.56.12:055][341]LogModuleManager: Shutting down and abandoning module Messaging (101)
[2018.04.16-22.56.12:055][341]LogModuleManager: Shutting down and abandoning module IOSTargetPlatform (99)
[2018.04.16-22.56.12:055][341]LogModuleManager: Shutting down and abandoning module HTML5TargetPlatform (97)
[2018.04.16-22.56.12:055][341]LogModuleManager: Shutting down and abandoning module Android_PVRTCTargetPlatform (95)
[2018.04.16-22.56.12:055][341]LogModuleManager: Shutting down and abandoning module Android_MultiTargetPlatform (93)
[2018.04.16-22.56.12:055][341]LogModuleManager: Shutting down and abandoning module Android_ETC2TargetPlatform (91)
[2018.04.16-22.56.12:055][341]LogModuleManager: Shutting down and abandoning module Android_ETC1TargetPlatform (89)
[2018.04.16-22.56.12:055][341]LogModuleManager: Shutting down and abandoning module Android_DXTTargetPlatform (87)
[2018.04.16-22.56.12:055][341]LogModuleManager: Shutting down and abandoning module Android_ATCTargetPlatform (85)
[2018.04.16-22.56.12:055][341]LogModuleManager: Shutting down and abandoning module Android_ASTCTargetPlatform (83)
[2018.04.16-22.56.12:055][341]LogModuleManager: Shutting down and abandoning module AndroidTargetPlatform (81)
[2018.04.16-22.56.12:055][341]LogModuleManager: Shutting down and abandoning module WindowsTargetPlatform (79)
[2018.04.16-22.56.12:055][341]LogModuleManager: Shutting down and abandoning module WindowsServerTargetPlatform (77)
[2018.04.16-22.56.12:055][341]LogModuleManager: Shutting down and abandoning module WindowsNoEditorTargetPlatform (75)
[2018.04.16-22.56.12:055][341]LogModuleManager: Shutting down and abandoning module WindowsClientTargetPlatform (73)
[2018.04.16-22.56.12:055][341]LogModuleManager: Shutting down and abandoning module MacTargetPlatform (71)
[2018.04.16-22.56.12:055][341]LogModuleManager: Shutting down and abandoning module MacServerTargetPlatform (69)
[2018.04.16-22.56.12:055][341]LogModuleManager: Shutting down and abandoning module MacNoEditorTargetPlatform (67)
[2018.04.16-22.56.12:055][341]LogModuleManager: Shutting down and abandoning module MacClientTargetPlatform (65)
[2018.04.16-22.56.12:055][341]LogModuleManager: Shutting down and abandoning module AllDesktopTargetPlatform (63)
[2018.04.16-22.56.12:055][341]LogModuleManager: Shutting down and abandoning module InputCore (60)
[2018.04.16-22.56.12:055][341]LogModuleManager: Shutting down and abandoning module Settings (58)
[2018.04.16-22.56.12:055][341]LogModuleManager: Shutting down and abandoning module PhysXCooking (56)
[2018.04.16-22.56.12:055][341]LogModuleManager: Shutting down and abandoning module SteamVR (54)
[2018.04.16-22.56.12:055][341]LogModuleManager: Shutting down and abandoning module OculusHMD (52)
[2018.04.16-22.56.12:055][341]LogModuleManager: Shutting down and abandoning module ExampleDeviceProfileSelector (50)
[2018.04.16-22.56.12:055][341]LogModuleManager: Shutting down and abandoning module OnlineBlueprintSupport (48)
[2018.04.16-22.56.12:055][341]LogModuleManager: Shutting down and abandoning module OnlineSubsystem (44)
[2018.04.16-22.56.12:055][341]LogOnline: Display: Unloading online subsystem: NULL
[2018.04.16-22.56.12:055][341]LogModuleManager: Shutting down and abandoning module XMPP (43)
[2018.04.16-22.56.12:055][341]LogModuleManager: Shutting down and abandoning module HTTP (41)
[2018.04.16-22.56.12:055][341]LogHttp: Display: Http module shutting down, but needs to wait on 1 outstanding Http requests:
[2018.04.16-22.56.12:055][341]LogHttp: Display: 	verb=[POST] url=[https://datarouter.ol.epicgames.com/datarouter/api/v1/public/data?SessionID=%7BC06C1DCC-46C2-B7FB-A6B4-A2831E42DFC9%7D&AppID=UEEditor.Rocket.Release&AppVersion=4.17.2-3658906%2B%2B%2BUE4%2BRelease-4.17&UserID=f0ff1c4046fab7ae648280b23d3dc67b%7C605c327114b04007b266258920196fd5%7C8a61c09e-5bb7-433a-9111-afc627312955&AppEnvironment=datacollector-binary&UploadType=eteventstream] status=Processing
[2018.04.16-22.56.12:086][341]LogModuleManager: Shutting down and abandoning module SSL (40)
[2018.04.16-22.56.12:087][341]LogModuleManager: Shutting down and abandoning module AnimationModifiers (36)
[2018.04.16-22.56.12:087][341]LogModuleManager: Shutting down and abandoning module PropertyEditor (35)
[2018.04.16-22.56.12:087][341]LogModuleManager: Shutting down and abandoning module AudioEditor (32)
[2018.04.16-22.56.12:087][341]LogModuleManager: Shutting down and abandoning module TextureCompressor (30)
[2018.04.16-22.56.12:087][341]LogModuleManager: Shutting down and abandoning module ShaderCore (28)
[2018.04.16-22.56.12:087][341]LogModuleManager: Shutting down and abandoning module Landscape (26)
[2018.04.16-22.56.12:087][341]LogModuleManager: Shutting down and abandoning module SlateRHIRenderer (24)
[2018.04.16-22.56.12:087][341]LogModuleManager: Shutting down and abandoning module OpenGLDrv (22)
[2018.04.16-22.56.12:087][341]LogModuleManager: Shutting down and abandoning module D3D11RHI (20)
[2018.04.16-22.56.12:087][341]LogModuleManager: Shutting down and abandoning module AnimGraphRuntime (18)
[2018.04.16-22.56.12:088][341]LogModuleManager: Shutting down and abandoning module Renderer (16)
[2018.04.16-22.56.12:088][341]LogModuleManager: Shutting down and abandoning module Engine (14)
[2018.04.16-22.56.12:088][341]LogModuleManager: Shutting down and abandoning module CoreUObject (12)
[2018.04.16-22.56.12:088][341]LogModuleManager: Shutting down and abandoning module NetworkFile (10)
[2018.04.16-22.56.12:088][341]LogModuleManager: Shutting down and abandoning module CookedIterativeFile (8)
[2018.04.16-22.56.12:088][341]LogModuleManager: Shutting down and abandoning module StreamingFile (6)
[2018.04.16-22.56.12:088][341]LogModuleManager: Shutting down and abandoning module SandboxFile (4)
[2018.04.16-22.56.12:088][341]LogModuleManager: Shutting down and abandoning module PakFile (2)
[2018.04.16-22.56.12:090][341]LogExit: Exiting.
[2018.04.16-22.56.12:099][341]Log file closed, 04/16/18 23:56:12
