Log file open, 04/12/18 20:18:37
LogWindows: Failed to load 'aqProf.dll' (GetLastError=126)
LogWindows: File 'aqProf.dll' does not exist
LogWindows: Failed to load 'VtuneApi.dll' (GetLastError=126)
LogWindows: File 'VtuneApi.dll' does not exist
LogWindows: Failed to load 'VtuneApi32e.dll' (GetLastError=126)
LogWindows: File 'VtuneApi32e.dll' does not exist
LogInit: Display: Running engine for game: MyProject9
LogPlatformFile: Not using cached read wrapper
LogInit: Display: RandInit(-1664516445) SRandInit(-1664516444).
LogTaskGraph: Started task graph with 5 named threads and 14 total threads with 3 sets of task threads.
LogStats: Stats thread started at 0.145176
LogD3D11RHI: Aftermath initialized
LogPluginManager: Mounting plugin Paper2D
LogPluginManager: Mounting plugin LightPropagationVolume
LogPluginManager: Mounting plugin CodeLiteSourceCodeAccess
LogPluginManager: Mounting plugin GitSourceControl
LogPluginManager: Mounting plugin KDevelopSourceCodeAccess
LogPluginManager: Mounting plugin NullSourceCodeAccess
LogPluginManager: Mounting plugin PerforceSourceControl
LogPluginManager: Mounting plugin SubversionSourceControl
LogPluginManager: Mounting plugin UObjectPlugin
LogPluginManager: Mounting plugin VisualStudioSourceCodeAccess
LogPluginManager: Mounting plugin XCodeSourceCodeAccess
LogPluginManager: Mounting plugin AssetManagerEditor
LogPluginManager: Mounting plugin AudioCapture
LogPluginManager: Mounting plugin FacialAnimation
LogPluginManager: Mounting plugin GameplayTagsEditor
LogPluginManager: Mounting plugin MobileLauncherProfileWizard
LogPluginManager: Mounting plugin PluginBrowser
LogPluginManager: Mounting plugin SpeedTreeImporter
LogPluginManager: Mounting plugin AlembicImporter
LogPluginManager: Mounting plugin CharacterAI
LogPluginManager: Mounting plugin HTML5Networking
LogPluginManager: Mounting plugin AndroidMedia
LogPluginManager: Mounting plugin AvfMedia
LogPluginManager: Mounting plugin MediaPlayerEditor
LogPluginManager: Mounting plugin WmfMedia
LogPluginManager: Mounting plugin TcpMessaging
LogPluginManager: Mounting plugin UdpMessaging
LogPluginManager: Mounting plugin ActorSequenceEditor
LogPluginManager: Mounting plugin LevelSequenceEditor
LogPluginManager: Mounting plugin MatineeToLevelSequence
LogPluginManager: Mounting plugin OnlineSubsystemGooglePlay
LogPluginManager: Mounting plugin OnlineSubsystemIOS
LogPluginManager: Mounting plugin OnlineSubsystem
LogPluginManager: Mounting plugin OnlineSubsystemNull
LogPluginManager: Mounting plugin OnlineSubsystemUtils
LogPluginManager: Mounting plugin AndroidDeviceProfileSelector
LogPluginManager: Mounting plugin AndroidMoviePlayer
LogPluginManager: Mounting plugin AndroidPermission
LogPluginManager: Mounting plugin AppleMoviePlayer
LogPluginManager: Mounting plugin ArchVisCharacter
LogPluginManager: Mounting plugin CableComponent
LogPluginManager: Mounting plugin CustomMeshComponent
LogPluginManager: Mounting plugin ExampleDeviceProfileSelector
LogPluginManager: Mounting plugin GoogleCloudMessaging
LogPluginManager: Mounting plugin ImmediatePhysics
LogPluginManager: Mounting plugin IOSDeviceProfileSelector
LogPluginManager: Mounting plugin LinuxDeviceProfileSelector
LogPluginManager: Mounting plugin LocationServicesBPLibrary
LogPluginManager: Mounting plugin MobilePatchingUtils
LogPluginManager: Mounting plugin OculusVR
LogPluginManager: Mounting plugin PhysXVehicles
LogPluginManager: Mounting plugin ProceduralMeshComponent
LogPluginManager: Mounting plugin RuntimePhysXCooking
LogPluginManager: Mounting plugin SteamVR
LogPluginManager: Mounting plugin WindowsMoviePlayer
LogInit: Using libcurl 7.47.1
LogInit:  - built for x86_64-pc-win32
LogInit:  - supports SSL with OpenSSL/1.0.2g
LogInit:  - supports HTTP deflate (compression) using libz 1.2.8
LogInit:  - other features:
LogInit:      CURL_VERSION_SSL
LogInit:      CURL_VERSION_LIBZ
LogInit:      CURL_VERSION_IPV6
LogInit:      CURL_VERSION_ASYNCHDNS
LogInit:      CURL_VERSION_LARGEFILE
LogInit:      CURL_VERSION_IDN
LogInit:  CurlRequestOptions (configurable via config and command line):
LogInit:  - bVerifyPeer = false  - Libcurl will NOT verify peer certificate
LogInit:  - bUseHttpProxy = false  - Libcurl will NOT use HTTP proxy
LogInit:  - bDontReuseConnections = false  - Libcurl will reuse connections
LogInit:  - CertBundlePath = nullptr  - Libcurl will use whatever was configured at build time.
LogInit: Build: ++UE4+Release-4.17-CL-3658906
LogInit: Engine Version: 4.17.2-3658906+++UE4+Release-4.17
LogInit: Compatible Engine Version: 4.17.0-3573198+++UE4+Release-4.17
LogInit: Net CL: 3573198
LogDevObjectVersion: Number of dev versions registered: 16
LogDevObjectVersion:   Dev-Blueprints (B0D832E4-1F89-4F0D-ACCF-7EB736FD4AA2): 10
LogDevObjectVersion:   Dev-Build (E1C64328-A22C-4D53-A36C-8E866417BD8C): 0
LogDevObjectVersion:   Dev-Core (375EC13C-06E4-48FB-B500-84F0262A717E): 2
LogDevObjectVersion:   Dev-Editor (E4B068ED-F494-42E9-A231-DA0B2E46BB41): 20
LogDevObjectVersion:   Dev-Framework (CFFC743F-43B0-4480-9391-14DF171D2073): 28
LogDevObjectVersion:   Dev-Mobile (B02B49B5-BB20-44E9-A304-32B752E40360): 0
LogDevObjectVersion:   Dev-Networking (A4E4105C-59A1-49B5-A7C5-40C4547EDFEE): 0
LogDevObjectVersion:   Dev-Online (39C831C9-5AE6-47DC-9A44-9C173E1C8E7C): 0
LogDevObjectVersion:   Dev-Physics (78F01B33-EBEA-4F98-B9B4-84EACCB95AA2): 0
LogDevObjectVersion:   Dev-Platform (6631380F-2D4D-43E0-8009-CF276956A95A): 0
LogDevObjectVersion:   Dev-Rendering (12F88B9F-8875-4AFC-A67C-D90C383ABD29): 19
LogDevObjectVersion:   Dev-Sequencer (7B5AE74C-D270-4C10-A958-57980B212A5A): 4
LogDevObjectVersion:   Dev-VR (D7296918-1DD6-4BDD-9DE2-64A83CC13884): 0
LogDevObjectVersion:   Dev-LoadTimes (C2A15278-BFE7-4AFE-6C17-90FF531DF755): 1
LogDevObjectVersion:   Private-Geometry (6EACA3D4-40EC-4CC1-B786-8BED09428FC5): 1
LogDevObjectVersion:   Dev-AnimPhys (29E575DD-E0A3-4627-9D10-D276232CDCEA): 7
LogInit: Compiled (64-bit): Sep 22 2017 13:47:16
LogInit: Compiled with Visual C++: 19.00.24215.01
LogInit: Build Configuration: Development
LogInit: Branch Name: ++UE4+Release-4.17
LogInit: Command line: -EpicPortal 
LogInit: Base directory: C:/Program Files/Epic Games/UE_4.17/Engine/Binaries/Win64/
LogInit: Installed Engine Build: 1
LogInit: Presizing for max 8388607 objects, including 0 objects not considered by GC, pre-allocating 0 bytes for permanent pool.
LogInit: Object subsystem initialized
[2018.04.12-19.18.38:186][  0]LogInit: Selected Device Profile: [Windows]
[2018.04.12-19.18.38:186][  0]LogInit: Applying CVar settings loaded from the selected device profile: [Windows]
[2018.04.12-19.18.38:219][  0]LogInit: Computer: KATALYTIC-PC
[2018.04.12-19.18.38:219][  0]LogInit: User: KATALYTIC
[2018.04.12-19.18.38:219][  0]LogInit: CPU Page size=4096, Cores=4
[2018.04.12-19.18.38:219][  0]LogInit: High frequency timer resolution =3.904003 MHz
[2018.04.12-19.18.38:219][  0]LogMemory: Memory total: Physical=15.9GB (16GB approx)
[2018.04.12-19.18.38:219][  0]LogMemory: Platform Memory Stats for Windows
[2018.04.12-19.18.38:219][  0]LogMemory: Process Physical Memory: 281.91 MB used, 281.91 MB peak
[2018.04.12-19.18.38:219][  0]LogMemory: Process Virtual Memory: 289.63 MB used, 289.63 MB peak
[2018.04.12-19.18.38:219][  0]LogMemory: Physical Memory: 9489.66 MB used,  6837.19 MB free, 16326.85 MB total
[2018.04.12-19.18.38:219][  0]LogMemory: Virtual Memory: 669.18 MB used,  6837.19 MB free, 8388608.00 MB total
[2018.04.12-19.18.38:322][  0]LogInit: Using OS detected language (en-GB).
[2018.04.12-19.18.38:322][  0]LogInit: Using OS detected locale (en-GB).
[2018.04.12-19.18.38:324][  0]LogTextLocalizationManager: No specific localization for 'en-GB' exists, so the 'en' localization will be used.
[2018.04.12-19.18.38:845][  0]LogD3D11RHI: D3D11 adapters:
[2018.04.12-19.18.38:860][  0]LogD3D11RHI:    0. 'NVIDIA GeForce GTX 960' (Feature Level 11_0)
[2018.04.12-19.18.38:860][  0]LogD3D11RHI:       1969/0/7907 MB DedicatedVideo/DedicatedSystem/SharedSystem, Outputs:2, VendorId:0x10de
[2018.04.12-19.18.38:860][  0]LogD3D11RHI: Chosen D3D11 Adapter: 0
[2018.04.12-19.18.38:865][  0]LogD3D11RHI: Creating new Direct3DDevice
[2018.04.12-19.18.38:866][  0]LogD3D11RHI:     GPU DeviceId: 0x1401 (for the marketing name, search the web for "GPU Device Id")
[2018.04.12-19.18.38:866][  0]LogWindows: EnumDisplayDevices:
[2018.04.12-19.18.38:866][  0]LogWindows:    0. 'NVIDIA GeForce GTX 960' (P:1 D:1)
[2018.04.12-19.18.38:867][  0]LogWindows:    1. 'NVIDIA GeForce GTX 960' (P:0 D:1)
[2018.04.12-19.18.38:867][  0]LogWindows:    2. 'NVIDIA GeForce GTX 960' (P:0 D:0)
[2018.04.12-19.18.38:867][  0]LogWindows:    3. 'NVIDIA GeForce GTX 960' (P:0 D:0)
[2018.04.12-19.18.38:867][  0]LogWindows:    4. 'RDPDD Chained DD' (P:0 D:0)
[2018.04.12-19.18.38:867][  0]LogWindows:    5. 'RDP Encoder Mirror Driver' (P:0 D:0)
[2018.04.12-19.18.38:867][  0]LogWindows:    6. 'RDP Reflector Display Driver' (P:0 D:0)
[2018.04.12-19.18.38:867][  0]LogWindows: DebugString: GetVideoDriverDetailsInvalid PrimaryIsNotTheChoosenAdapter GetVideoDriverDetailsInvalid PrimaryIsNotTheChoosenAdapter GetVideoDriverDetailsInvalid PrimaryIsNotTheChoosenAdapter FoundDriverCount:4 
[2018.04.12-19.18.38:867][  0]LogD3D11RHI:     Adapter Name: NVIDIA GeForce GTX 960
[2018.04.12-19.18.38:867][  0]LogD3D11RHI:   Driver Version: 388.59 (internal:23.21.13.8859, unified:388.59)
[2018.04.12-19.18.38:867][  0]LogD3D11RHI:      Driver Date: 12-5-2017
[2018.04.12-19.18.38:867][  0]LogRHI: Texture pool is 1361 MB (70% of 1945 MB)
[2018.04.12-19.18.38:874][  0]LogD3D11RHI: Async texture creation enabled
[2018.04.12-19.18.38:889][  0]LogD3D11RHI: GPU Timing Frequency: 1000.000000 (Debug: 2 2)
[2018.04.12-19.18.38:894][  0]LogShaderCompilers: Guid format shader working directory is -12 characters bigger than the processId version (D:/University/Year 2/Digital Scripting/LabyrinthGame - Alpha2/Intermediate/Shaders/WorkingDirectory/12248/).
[2018.04.12-19.18.38:894][  0]LogShaderCompilers: Cleaned the shader compiler working directory 'C:/Users/KATALYTIC/AppData/Local/Temp/UnrealShaderWorkingDir/CA1BB30949E1154F0B30CDA992B10CBF/'.
[2018.04.12-19.18.38:894][  0]LogShaderCompilers: Display: Using Local Shader Compiler.
[2018.04.12-19.18.39:787][  0]LogTemp: Display: Loaded TP AllDesktopTargetPlatform
[2018.04.12-19.18.39:818][  0]LogTemp: Display: Loaded TP MacClientTargetPlatform
[2018.04.12-19.18.39:850][  0]LogTemp: Display: Loaded TP MacNoEditorTargetPlatform
[2018.04.12-19.18.39:893][  0]LogTemp: Display: Loaded TP MacServerTargetPlatform
[2018.04.12-19.18.39:946][  0]LogTemp: Display: Loaded TP MacTargetPlatform
[2018.04.12-19.18.39:977][  0]LogTemp: Display: Loaded TP WindowsClientTargetPlatform
[2018.04.12-19.18.40:023][  0]LogTemp: Display: Loaded TP WindowsNoEditorTargetPlatform
[2018.04.12-19.18.40:053][  0]LogTemp: Display: Loaded TP WindowsServerTargetPlatform
[2018.04.12-19.18.40:078][  0]LogTemp: Display: Loaded TP WindowsTargetPlatform
[2018.04.12-19.18.40:108][  0]LogTemp: Display: Loaded TP AndroidTargetPlatform
[2018.04.12-19.18.40:137][  0]LogTemp: Display: Loaded TP Android_ASTCTargetPlatform
[2018.04.12-19.18.40:166][  0]LogTemp: Display: Loaded TP Android_ATCTargetPlatform
[2018.04.12-19.18.40:195][  0]LogTemp: Display: Loaded TP Android_DXTTargetPlatform
[2018.04.12-19.18.40:224][  0]LogTemp: Display: Loaded TP Android_ETC1TargetPlatform
[2018.04.12-19.18.40:253][  0]LogTemp: Display: Loaded TP Android_ETC2TargetPlatform
[2018.04.12-19.18.40:311][  0]LogTemp: Display: Loaded TP Android_MultiTargetPlatform
[2018.04.12-19.18.40:311][  0]LogTemp: Display: Loaded TP Android_PVRTCTargetPlatform
[2018.04.12-19.18.40:332][  0]LogTemp: Display: Loaded TP HTML5TargetPlatform
[2018.04.12-19.18.40:392][  0]LogTemp: Display: Loaded TP IOSTargetPlatform
[2018.04.12-19.18.40:410][  0]LogTemp: Display: Loaded TP TVOSTargetPlatform
[2018.04.12-19.18.40:441][  0]LogTemp: Display: Loaded TP LinuxClientTargetPlatform
[2018.04.12-19.18.40:469][  0]LogTemp: Display: Loaded TP LinuxNoEditorTargetPlatform
[2018.04.12-19.18.40:498][  0]LogTemp: Display: Loaded TP LinuxServerTargetPlatform
[2018.04.12-19.18.40:526][  0]LogTemp: Display: Loaded TP LinuxTargetPlatform
[2018.04.12-19.18.40:526][  0]LogTargetPlatformManager: Display: Building Assets For Windows
[2018.04.12-19.18.40:778][  0]LogDerivedDataCache: Display: Max Cache Size: 512 MB
[2018.04.12-19.18.40:869][  0]LogDerivedDataCache: Loaded boot cache 0.09s 93MB C:/Users/KATALYTIC/AppData/Local/UnrealEngine/4.17/DerivedDataCache/Boot.ddc.
[2018.04.12-19.18.40:869][  0]LogDerivedDataCache: Display: Loaded Boot cache: C:/Users/KATALYTIC/AppData/Local/UnrealEngine/4.17/DerivedDataCache/Boot.ddc
[2018.04.12-19.18.40:869][  0]LogDerivedDataCache: FDerivedDataBackendGraph:  Pak pak cache file D:/University/Year 2/Digital Scripting/LabyrinthGame - Alpha2/DerivedDataCache/DDC.ddp not found, will not use a pak cache.
[2018.04.12-19.18.40:869][  0]LogDerivedDataCache: Unable to find inner node Pak for hierarchical cache Hierarchy.
[2018.04.12-19.18.40:869][  0]LogDerivedDataCache: FDerivedDataBackendGraph:  CompressedPak pak cache file D:/University/Year 2/Digital Scripting/LabyrinthGame - Alpha2/DerivedDataCache/Compressed.ddp not found, will not use a pak cache.
[2018.04.12-19.18.40:869][  0]LogDerivedDataCache: Unable to find inner node CompressedPak for hierarchical cache Hierarchy.
[2018.04.12-19.18.40:884][  0]LogDerivedDataCache: Display: Pak cache opened for reading ../../../Engine/DerivedDataCache/Compressed.ddp.
[2018.04.12-19.18.40:894][  0]LogDerivedDataCache: Using Local data cache path C:/Users/KATALYTIC/AppData/Local/UnrealEngine/Common/DerivedDataCache: Writable
[2018.04.12-19.18.40:902][  0]LogMaterial: Verifying Global Shaders for PCD3D_SM5
[2018.04.12-19.18.40:902][  0]LogSlate: Using Freetype 2.6.0
[2018.04.12-19.18.40:903][  0]LogSlate: SlateFontCache - WITH_FREETYPE: 1, WITH_HARFBUZZ: 1
[2018.04.12-19.18.40:903][  0]LogSlate: SlateFontCache - WITH_FREETYPE: 1, WITH_HARFBUZZ: 1
[2018.04.12-19.18.41:105][  0]LogAssetRegistry: FAssetRegistry took 0.0237 seconds to start up
[2018.04.12-19.18.41:277][  0]LogInit: Selected Device Profile: [Windows]
[2018.04.12-19.18.41:280][  0]LogContentStreaming: Texture pool size is 0.00 MB
[2018.04.12-19.18.41:604][  0]LogSimplygon: Simplygon DLL not present - disabling.
[2018.04.12-19.18.41:635][  0]LogMeshReduction: Using SimplygonSwarm for distributed automatic mesh merging
[2018.04.12-19.18.41:635][  0]LogMeshReduction: Using QuadricMeshReduction for automatic static mesh reduction
[2018.04.12-19.18.41:635][  0]LogMeshReduction: No automatic skeletal mesh reduction module available
[2018.04.12-19.18.41:635][  0]LogMeshReduction: No automatic mesh merging module available
[2018.04.12-19.18.41:635][  0]LogMeshMerging: No automatic mesh merging module available
[2018.04.12-19.18.41:973][  0]LogNetVersion: MyProject9 , NetCL: 3573198, EngineNetVer: 2, GameNetVer: 0 (Checksum: 1926956936)
[2018.04.12-19.18.42:599][  0]LogPackageLocalizationCache: Processed 5 localized package path(s) for 2 prioritized culture(s) in 0.519441 seconds
[2018.04.12-19.18.42:604][  0]LogUObjectArray: 35825 objects as part of root set at end of initial load.
[2018.04.12-19.18.42:604][  0]LogUObjectAllocator: 7529104 out of 0 bytes used by permanent object pool.
[2018.04.12-19.18.42:604][  0]LogUObjectArray: CloseDisregardForGC: 0/0 objects in disregard for GC pool
[2018.04.12-19.18.42:635][  0]LogInit: WinSock: version 1.1 (2.2), MaxSocks=32767, MaxUdp=65467
[2018.04.12-19.18.45:032][  0]LogTcpMessaging: Initializing TcpMessaging bridge
[2018.04.12-19.18.45:059][  0]LogUdpMessaging: Initializing bridge on interface 0.0.0.0:0 to multicast group 230.0.0.1:6666.
[2018.04.12-19.18.45:424][  0]LogMaterial: Uniform references updated for custom material expression Custom.
[2018.04.12-19.18.45:660][  0]SourceControl: Source control is disabled
[2018.04.12-19.18.45:660][  0]SourceControl: Source control is disabled
[2018.04.12-19.18.45:684][  0]SourceControl: Source control is disabled
[2018.04.12-19.18.45:709][  0]SourceControl: Source control is disabled
[2018.04.12-19.18.46:008][  0]LogAndroidPermission: UAndroidPermissionCallbackProxy::GetInstance
[2018.04.12-19.18.46:135][  0]LogOcInput: OculusInput pre-init called
[2018.04.12-19.18.46:283][  0]LogEngine: Initializing Engine...
[2018.04.12-19.18.46:284][  0]LogHMD: Failed to initialize OpenVR with code 110
[2018.04.12-19.18.46:461][  0]LogStats: UGameplayTagsManager::ConstructGameplayTagTree: Construct from data asset -  0.000 s
[2018.04.12-19.18.46:461][  0]LogStats: UGameplayTagsManager::ConstructGameplayTagTree: GameplayTagTreeChangedEvent.Broadcast -  0.000 s
[2018.04.12-19.18.46:530][  0]LogAIModule: Creating AISystem for world Untitled
[2018.04.12-19.18.46:538][  0]LogInit: XAudio2 using 'Headset Earphone (3- ASTRO MixAmp Pro           )' : 2 channels at 48 kHz using 16 bits per sample (channel mask 0x3)
[2018.04.12-19.18.46:612][  0]LogInit: FAudioDevice initialized.
[2018.04.12-19.18.47:130][  0]LogDerivedDataCache: Saved boot cache 0.52s 93MB C:/Users/KATALYTIC/AppData/Local/UnrealEngine/4.17/DerivedDataCache/Boot.ddc.
[2018.04.12-19.18.47:142][  0]LogInit: Texture streaming: Enabled
[2018.04.12-19.18.47:202][  0]LogEngineSessionManager: EngineSessionManager initialized
[2018.04.12-19.18.47:349][  0]LogInit: Transaction tracking system initialized
[2018.04.12-19.18.47:517][  0]BlueprintLog: New page: Editor Load
[2018.04.12-19.18.47:994][  0]LocalizationService: Localization service is disabled
[2018.04.12-19.18.48:370][  0]LogConsoleResponse: Display: 
[2018.04.12-19.18.48:532][  0]LogCook: Display: Max memory allowance for cook 16384mb min free memory 0mb
[2018.04.12-19.18.48:532][  0]LogCook: Display: Mobile HDR setting 1
[2018.04.12-19.18.48:532][  0]LogGameplayTags: Display: UGameplayTagsManager::DoneAddingNativeTags. DelegateIsBound: 0
[2018.04.12-19.18.49:735][  0]LogFileCache: Scanning file cache for directory 'D:/University/Year 2/Digital Scripting/LabyrinthGame - Alpha2/Content/' took 0.01s
[2018.04.12-19.18.49:761][  0]SourceControl: Source control is disabled
[2018.04.12-19.18.49:761][  0]Cmd: MAP LOAD FILE="D:/University/Year 2/Digital Scripting/LabyrinthGame - Alpha2/Content/Levels/PlatformTest.umap" TEMPLATE=0 SHOWPROGRESS=1 FEATURELEVEL=3
[2018.04.12-19.18.49:762][  0]LightingResults: New page: Lighting Build
[2018.04.12-19.18.49:785][  0]MapCheck: New page: Map Check
[2018.04.12-19.18.49:785][  0]LightingResults: New page: Lighting Build
[2018.04.12-19.18.52:175][  0]LogAIModule: Creating AISystem for world PlatformTest
[2018.04.12-19.18.52:253][  0]LogEditorServer: Finished looking for orphan Actors (0.000 secs)
[2018.04.12-19.18.52:264][  0]Cmd: MAP CHECKDEP NOCLEARLOG
[2018.04.12-19.18.52:291][  0]MapCheck: Map check complete: 0 Error(s), 0 Warning(s), took 27.175ms to complete.
[2018.04.12-19.18.52:291][  0]LogFileHelpers: Loading map 'PlatformTest' took 2.531
[2018.04.12-19.18.53:774][  0]LogCollectionManager: Loaded 0 collections in 0.000843 seconds
[2018.04.12-19.18.54:458][  0]LogFileCache: Scanning file cache for directory 'D:/University/Year 2/Digital Scripting/LabyrinthGame - Alpha2/Saved/Collections/' took 0.01s
[2018.04.12-19.18.54:458][  0]LogFileCache: Scanning file cache for directory 'D:/University/Year 2/Digital Scripting/LabyrinthGame - Alpha2/Content/Developers/KATALYTIC/Collections/' took 0.01s
[2018.04.12-19.18.54:458][  0]LogFileCache: Scanning file cache for directory 'D:/University/Year 2/Digital Scripting/LabyrinthGame - Alpha2/Content/Collections/' took 0.01s
[2018.04.12-19.18.54:458][  0]LogCollectionManager: Rebuilt the GUID cache for 0 collections in 0.000001 seconds
[2018.04.12-19.18.54:526][  0]LogContentBrowser: Native class hierarchy populated in 0.0345 seconds. Added 2389 classes and 502 folders.
[2018.04.12-19.18.54:699][  0]LogContentBrowser: Native class hierarchy updated for 'WidgetCarousel' in 0.0126 seconds. Added 0 classes and 0 folders.
[2018.04.12-19.18.58:411][  0]LogContentBrowser: Native class hierarchy updated for 'AddContentDialog' in 0.0005 seconds. Added 0 classes and 0 folders.
[2018.04.12-19.18.58:891][  0]LogContentBrowser: Native class hierarchy updated for 'SceneOutliner' in 0.0005 seconds. Added 1 classes and 2 folders.
[2018.04.12-19.19.00:419][  0]LogSlate: Took 0.000259 seconds to synchronously load lazily loaded font '../../../Engine/Content/Slate/Fonts/Roboto-Regular.ttf' (155K)
[2018.04.12-19.19.00:447][  0]LogSlate: Took 0.000119 seconds to synchronously load lazily loaded font '../../../Engine/Content/Slate/Fonts/Roboto-Bold.ttf' (160K)
[2018.04.12-19.19.00:618][  0]LogSlate: Took 0.029411 seconds to synchronously load lazily loaded font '../../../Engine/Content/Editor/Slate/Fonts/FontAwesome.ttf' (139K)
[2018.04.12-19.19.01:488][  0]LogRenderer: Reallocating scene render targets to support 1208x580 Format 10 NumSamples 1 (Frame:1).
[2018.04.12-19.19.02:829][  0]LogContentBrowser: Native class hierarchy updated for 'HierarchicalLODOutliner' in 0.0006 seconds. Added 1 classes and 2 folders.
[2018.04.12-19.19.02:829][  0]LogLoad: (Engine Initialization) Total time: 25.89 seconds
[2018.04.12-19.19.02:829][  0]LogLoad: (Engine Initialization) Total Blueprint compile time: 0.00 seconds
[2018.04.12-19.19.02:829][  0]LogExternalProfiler: Found external profiler: VSPerf
[2018.04.12-19.19.02:829][  0]LogExternalProfiler: Using external profiler: VSPerf
[2018.04.12-19.19.02:866][  0]LogContentStreaming: Texture pool size now 1000 MB
[2018.04.12-19.19.03:112][  0]LogSlate: Took 0.033651 seconds to synchronously load lazily loaded font '../../../Engine/Content/Slate/Fonts/Roboto-Light.ttf' (159K)
[2018.04.12-19.19.04:965][165]LogAssetRegistry: Asset discovery search completed in 23.8805 seconds
[2018.04.12-19.19.04:966][165]LogCollectionManager: Rebuilt the object cache for 0 collections in 0.000001 seconds (found 0 objects)
[2018.04.12-19.19.04:966][165]LogCollectionManager: Fixed up redirectors for 0 collections in 0.000029 seconds (updated 0 objects)
[2018.04.12-19.20.58:876][673]LogSlate: Took 0.000170 seconds to synchronously load lazily loaded font '../../../Engine/Content/Slate/Fonts/Roboto-Light.ttf' (159K)
[2018.04.12-19.20.59:407][673]LogTexture: Display: Building textures: Instructions (BGRA8, 764X294)
[2018.04.12-19.20.59:407][673]LogTexture: Display: Building textures: Quit (BGRA8, 764X294)
[2018.04.12-19.20.59:407][673]LogTexture: Display: Building textures: Play (BGRA8, 764X294)
[2018.04.12-19.20.59:409][673]LogAIModule: Creating AISystem for world MainMenu
[2018.04.12-19.20.59:439][673]Cmd: MAP LOAD FILE="D:/University/Year 2/Digital Scripting/LabyrinthGame - Alpha2/Content/Levels/MainMenu.umap" TEMPLATE=0 SHOWPROGRESS=1 FEATURELEVEL=3
[2018.04.12-19.20.59:440][673]LightingResults: New page: Lighting Build
[2018.04.12-19.20.59:440][673]LoadErrors: New page: Loading map: MainMenu.umap
[2018.04.12-19.20.59:441][673]MapCheck: New page: Map Check
[2018.04.12-19.20.59:441][673]LightingResults: New page: Lighting Build
[2018.04.12-19.20.59:468][673]LogEditorServer: Finished looking for orphan Actors (0.000 secs)
[2018.04.12-19.20.59:493][673]Cmd: MAP CHECKDEP NOCLEARLOG
[2018.04.12-19.20.59:522][673]MapCheck: Map check complete: 0 Error(s), 0 Warning(s), took 29.557ms to complete.
[2018.04.12-19.20.59:522][673]LogFileHelpers: Loading map 'MainMenu' took 0.084
[2018.04.12-19.21.00:559][789]LogTemp: Repeating last play command: Selected Viewport
[2018.04.12-19.21.00:599][789]LogBlueprintUserMessages: Early PlayInEditor Detection: Level '/Game/Levels/MainMenu.MainMenu:PersistentLevel' has LevelScriptBlueprint '/Game/Levels/MainMenu.MainMenu:PersistentLevel.MainMenu' with GeneratedClass '/Game/Levels/MainMenu.MainMenu_C' with ClassGeneratedBy '/Game/Levels/MainMenu.MainMenu:PersistentLevel.MainMenu'
[2018.04.12-19.21.00:599][789]LogPlayLevel: PlayLevel: No blueprints needed recompiling
[2018.04.12-19.21.00:621][789]PIE: New page: PIE session: MainMenu (12 Apr 2018 21:21:00)
[2018.04.12-19.21.00:621][789]LogPlayLevel: Creating play world package: /Game/Levels/UEDPIE_0_MainMenu
[2018.04.12-19.21.00:639][789]LogPlayLevel: PIE: StaticDuplicateObject took: (0.017615s)
[2018.04.12-19.21.00:639][789]LogAIModule: Creating AISystem for world MainMenu
[2018.04.12-19.21.00:639][789]LogPlayLevel: PIE: World Init took: (0.000585s)
[2018.04.12-19.21.00:639][789]LogPlayLevel: PIE: Created PIE world by copying editor world from /Game/Levels/MainMenu.MainMenu to /Game/Levels/UEDPIE_0_MainMenu.MainMenu (0.018462s)
[2018.04.12-19.21.00:650][789]LogInit: XAudio2 using 'Headset Earphone (3- ASTRO MixAmp Pro           )' : 2 channels at 48 kHz using 16 bits per sample (channel mask 0x3)
[2018.04.12-19.21.00:656][789]LogInit: FAudioDevice initialized.
[2018.04.12-19.21.00:704][789]LogLoad: Game class is 'MyGameMode_C'
[2018.04.12-19.21.00:719][789]LogWorld: Bringing World /Game/Levels/UEDPIE_0_MainMenu.MainMenu up for play (max tick rate 0) at 2018.04.12-20.21.00
[2018.04.12-19.21.00:731][789]LogWorld: Bringing up level for play took: 0.012008
[2018.04.12-19.21.00:782][789]LogContentBrowser: Native class hierarchy updated for 'MovieSceneCapture' in 0.0006 seconds. Added 11 classes and 0 folders.
[2018.04.12-19.21.00:826][789]PIE: Play in editor start time for /Game/Levels/UEDPIE_0_MainMenu 0.197
[2018.04.12-19.21.00:827][789]LogBlueprintUserMessages: Late PlayInEditor Detection: Level '/Game/Levels/MainMenu.MainMenu:PersistentLevel' has LevelScriptBlueprint '/Game/Levels/MainMenu.MainMenu:PersistentLevel.MainMenu' with GeneratedClass '/Game/Levels/MainMenu.MainMenu_C' with ClassGeneratedBy '/Game/Levels/MainMenu.MainMenu:PersistentLevel.MainMenu'
[2018.04.12-19.21.03:097][ 51]LogNet: Browse: /Game/Levels/PlatformTest
[2018.04.12-19.21.03:097][ 51]LogLoad: LoadMap: /Game/Levels/PlatformTest
[2018.04.12-19.21.03:106][ 51]Cmd: MEM
[2018.04.12-19.21.03:149][ 51]LogMemory: Platform Memory Stats for Windows
[2018.04.12-19.21.03:149][ 51]LogMemory: Process Physical Memory: 1042.61 MB used, 1239.32 MB peak
[2018.04.12-19.21.03:149][ 51]LogMemory: Process Virtual Memory: 1799.20 MB used, 2017.39 MB peak
[2018.04.12-19.21.03:149][ 51]LogMemory: Physical Memory: 9311.79 MB used,  7015.06 MB free, 16326.85 MB total
[2018.04.12-19.21.03:149][ 51]LogMemory: Virtual Memory: 2512.72 MB used,  7015.06 MB free, 8388608.00 MB total
[2018.04.12-19.21.03:149][ 51]LogMemory: 
[2018.04.12-19.21.03:149][ 51]Allocator Stats for TBB: (not implemented)
[2018.04.12-19.21.03:695][ 51]LogAIModule: Creating AISystem for world PlatformTest
[2018.04.12-19.21.03:695][ 51]LogLoad: Game class is 'MyGameMode_C'
[2018.04.12-19.21.03:699][ 51]LogWorld: Bringing World /Game/Levels/UEDPIE_0_PlatformTest.PlatformTest up for play (max tick rate 0) at 2018.04.12-20.21.03
[2018.04.12-19.21.03:754][ 51]LogWorld: Bringing up level for play took: 0.057814
[2018.04.12-19.21.03:754][ 51]LogGameMode: FindPlayerStart: PATHS NOT DEFINED or NO PLAYERSTART with positive rating
[2018.04.12-19.21.03:772][ 51]LogLoad: Took 0.674168 seconds to LoadMap(/Game/Levels/PlatformTest)
[2018.04.12-19.21.36:113][921]LogBlueprintUserMessages: Early EndPlayMap Detection: Level '/Game/Levels/MainMenu.MainMenu:PersistentLevel' has LevelScriptBlueprint '/Game/Levels/MainMenu.MainMenu:PersistentLevel.MainMenu' with GeneratedClass '/Game/Levels/MainMenu.MainMenu_C' with ClassGeneratedBy '/Game/Levels/MainMenu.MainMenu:PersistentLevel.MainMenu'
[2018.04.12-19.21.36:167][921]LogBlueprintUserMessages: Late EndPlayMap Detection: Level '/Game/Levels/MainMenu.MainMenu:PersistentLevel' has LevelScriptBlueprint '/Game/Levels/MainMenu.MainMenu:PersistentLevel.MainMenu' with GeneratedClass '/Game/Levels/MainMenu.MainMenu_C' with ClassGeneratedBy '/Game/Levels/MainMenu.MainMenu:PersistentLevel.MainMenu'
[2018.04.12-19.21.41:288][529]LogTemp: Repeating last play command: Selected Viewport
[2018.04.12-19.21.41:300][529]LogBlueprintUserMessages: Early PlayInEditor Detection: Level '/Game/Levels/MainMenu.MainMenu:PersistentLevel' has LevelScriptBlueprint '/Game/Levels/MainMenu.MainMenu:PersistentLevel.MainMenu' with GeneratedClass '/Game/Levels/MainMenu.MainMenu_C' with ClassGeneratedBy '/Game/Levels/MainMenu.MainMenu:PersistentLevel.MainMenu'
[2018.04.12-19.21.41:300][529]LogPlayLevel: PlayLevel: No blueprints needed recompiling
[2018.04.12-19.21.41:300][529]PIE: New page: PIE session: MainMenu (12 Apr 2018 21:21:41)
[2018.04.12-19.21.41:300][529]LogPlayLevel: Creating play world package: /Game/Levels/UEDPIE_0_MainMenu
[2018.04.12-19.21.41:301][529]LogPlayLevel: PIE: StaticDuplicateObject took: (0.000646s)
[2018.04.12-19.21.41:301][529]LogAIModule: Creating AISystem for world MainMenu
[2018.04.12-19.21.41:301][529]LogPlayLevel: PIE: World Init took: (0.000464s)
[2018.04.12-19.21.41:301][529]LogPlayLevel: PIE: Created PIE world by copying editor world from /Game/Levels/MainMenu.MainMenu to /Game/Levels/UEDPIE_0_MainMenu.MainMenu (0.001266s)
[2018.04.12-19.21.41:310][529]LogInit: XAudio2 using 'Headset Earphone (3- ASTRO MixAmp Pro           )' : 2 channels at 48 kHz using 16 bits per sample (channel mask 0x3)
[2018.04.12-19.21.41:314][529]LogInit: FAudioDevice initialized.
[2018.04.12-19.21.41:342][529]LogLoad: Game class is 'MyGameMode_C'
[2018.04.12-19.21.41:343][529]LogWorld: Bringing World /Game/Levels/UEDPIE_0_MainMenu.MainMenu up for play (max tick rate 0) at 2018.04.12-20.21.41
[2018.04.12-19.21.41:343][529]LogWorld: Bringing up level for play took: 0.000560
[2018.04.12-19.21.41:345][529]PIE: Play in editor start time for /Game/Levels/UEDPIE_0_MainMenu 0.716
[2018.04.12-19.21.41:345][529]LogBlueprintUserMessages: Late PlayInEditor Detection: Level '/Game/Levels/MainMenu.MainMenu:PersistentLevel' has LevelScriptBlueprint '/Game/Levels/MainMenu.MainMenu:PersistentLevel.MainMenu' with GeneratedClass '/Game/Levels/MainMenu.MainMenu_C' with ClassGeneratedBy '/Game/Levels/MainMenu.MainMenu:PersistentLevel.MainMenu'
[2018.04.12-19.21.51:630][762]LogBlueprintUserMessages: Early EndPlayMap Detection: Level '/Game/Levels/MainMenu.MainMenu:PersistentLevel' has LevelScriptBlueprint '/Game/Levels/MainMenu.MainMenu:PersistentLevel.MainMenu' with GeneratedClass '/Game/Levels/MainMenu.MainMenu_C' with ClassGeneratedBy '/Game/Levels/MainMenu.MainMenu:PersistentLevel.MainMenu'
[2018.04.12-19.21.51:661][762]LogBlueprintUserMessages: Late EndPlayMap Detection: Level '/Game/Levels/MainMenu.MainMenu:PersistentLevel' has LevelScriptBlueprint '/Game/Levels/MainMenu.MainMenu:PersistentLevel.MainMenu' with GeneratedClass '/Game/Levels/MainMenu.MainMenu_C' with ClassGeneratedBy '/Game/Levels/MainMenu.MainMenu:PersistentLevel.MainMenu'
[2018.04.12-19.55.48:130][805]LogContentBrowser: Native class hierarchy updated for 'BlueprintGraph' in 0.0008 seconds. Added 113 classes and 0 folders.
[2018.04.12-19.55.49:652][805]LogSlate: Took 0.015249 seconds to synchronously load lazily loaded font '../../../Engine/Content/Slate/Fonts/Roboto-Regular.ttf' (155K)
[2018.04.12-19.55.50:189][805]LogSlate: Took 0.016676 seconds to synchronously load lazily loaded font '../../../Engine/Content/Editor/Slate/Fonts/Roboto-BoldCondensed.ttf' (158K)
[2018.04.12-19.55.57:539][423]LogSlate: Took 0.245242 seconds to synchronously load lazily loaded font '../../../Engine/Content/Editor/Slate/Fonts/Roboto-Italic.ttf' (157K)
[2018.04.12-19.57.43:864][980]LogActorComponent: UnregisterComponent: (/Engine/Transient.EditorFloorComp) Not registered. Aborting.
[2018.04.12-19.57.52:898][634]LogAIModule: Creating AISystem for world PlatformTest
[2018.04.12-19.57.54:717][634]Cmd: MAP LOAD FILE="D:/University/Year 2/Digital Scripting/LabyrinthGame - Alpha2/Content/Levels/PlatformTest.umap" TEMPLATE=0 SHOWPROGRESS=1 FEATURELEVEL=3
[2018.04.12-19.57.54:718][634]LightingResults: New page: Lighting Build
[2018.04.12-19.57.54:719][634]LoadErrors: New page: Loading map: PlatformTest.umap
[2018.04.12-19.57.54:719][634]MapCheck: New page: Map Check
[2018.04.12-19.57.54:719][634]LightingResults: New page: Lighting Build
[2018.04.12-19.57.54:736][634]LogEditorServer: Finished looking for orphan Actors (0.000 secs)
[2018.04.12-19.57.54:766][634]Cmd: MAP CHECKDEP NOCLEARLOG
[2018.04.12-19.57.55:750][634]MapCheck: Map check complete: 0 Error(s), 0 Warning(s), took 984.041ms to complete.
[2018.04.12-19.57.55:751][634]LogFileHelpers: Loading map 'PlatformTest' took 1.035
[2018.04.12-19.57.56:879][753]LogEditorViewport: Clicking on Actor (LMB): gateButton_C (gateButton)
[2018.04.12-19.58.27:144][208]Cmd: DELETE
[2018.04.12-19.58.27:144][208]Cmd: ACTOR DELETE
[2018.04.12-19.58.27:182][208]LogEditorActor: Deleted Actor: gateButton_C
[2018.04.12-19.58.27:206][208]LogEditorActor: Deleted 1 Actors (0.033 secs)
[2018.04.12-19.58.28:557][369]LogTemp: Repeating last play command: Selected Viewport
[2018.04.12-19.58.28:572][369]LogBlueprintUserMessages: Early PlayInEditor Detection: Level '/Game/Levels/PlatformTest.PlatformTest:PersistentLevel' has LevelScriptBlueprint '/Game/Levels/PlatformTest.PlatformTest:PersistentLevel.PlatformTest' with GeneratedClass '/Game/Levels/PlatformTest.PlatformTest_C' with ClassGeneratedBy '/Game/Levels/PlatformTest.PlatformTest:PersistentLevel.PlatformTest'
[2018.04.12-19.58.28:572][369]LogPlayLevel: PlayLevel: No blueprints needed recompiling
[2018.04.12-19.58.28:572][369]PIE: New page: PIE session: PlatformTest (12 Apr 2018 21:58:28)
[2018.04.12-19.58.28:572][369]LogPlayLevel: Creating play world package: /Game/Levels/UEDPIE_0_PlatformTest
[2018.04.12-19.58.28:575][369]LogPlayLevel: PIE: StaticDuplicateObject took: (0.002940s)
[2018.04.12-19.58.28:575][369]LogAIModule: Creating AISystem for world PlatformTest
[2018.04.12-19.58.28:575][369]LogPlayLevel: PIE: World Init took: (0.000498s)
[2018.04.12-19.58.28:575][369]LogPlayLevel: PIE: Created PIE world by copying editor world from /Game/Levels/PlatformTest.PlatformTest to /Game/Levels/UEDPIE_0_PlatformTest.PlatformTest (0.003618s)
[2018.04.12-19.58.28:589][369]LogInit: XAudio2 using 'Headset Earphone (3- ASTRO MixAmp Pro           )' : 2 channels at 48 kHz using 16 bits per sample (channel mask 0x3)
[2018.04.12-19.58.28:604][369]LogInit: FAudioDevice initialized.
[2018.04.12-19.58.28:637][369]LogLoad: Game class is 'MyGameMode_C'
[2018.04.12-19.58.28:638][369]LogWorld: Bringing World /Game/Levels/UEDPIE_0_PlatformTest.PlatformTest up for play (max tick rate 0) at 2018.04.12-20.58.28
[2018.04.12-19.58.28:639][369]LogWorld: Bringing up level for play took: 0.001337
[2018.04.12-19.58.28:640][369]PIE: Play in editor start time for /Game/Levels/UEDPIE_0_PlatformTest 0.003
[2018.04.12-19.58.28:640][369]LogBlueprintUserMessages: Late PlayInEditor Detection: Level '/Game/Levels/PlatformTest.PlatformTest:PersistentLevel' has LevelScriptBlueprint '/Game/Levels/PlatformTest.PlatformTest:PersistentLevel.PlatformTest' with GeneratedClass '/Game/Levels/PlatformTest.PlatformTest_C' with ClassGeneratedBy '/Game/Levels/PlatformTest.PlatformTest:PersistentLevel.PlatformTest'
[2018.04.12-19.59.28:592][546]LogBlueprintUserMessages: Early EndPlayMap Detection: Level '/Game/Levels/PlatformTest.PlatformTest:PersistentLevel' has LevelScriptBlueprint '/Game/Levels/PlatformTest.PlatformTest:PersistentLevel.PlatformTest' with GeneratedClass '/Game/Levels/PlatformTest.PlatformTest_C' with ClassGeneratedBy '/Game/Levels/PlatformTest.PlatformTest:PersistentLevel.PlatformTest'
[2018.04.12-19.59.28:623][546]LogBlueprintUserMessages: Late EndPlayMap Detection: Level '/Game/Levels/PlatformTest.PlatformTest:PersistentLevel' has LevelScriptBlueprint '/Game/Levels/PlatformTest.PlatformTest:PersistentLevel.PlatformTest' with GeneratedClass '/Game/Levels/PlatformTest.PlatformTest_C' with ClassGeneratedBy '/Game/Levels/PlatformTest.PlatformTest:PersistentLevel.PlatformTest'
[2018.04.12-20.00.50:856][359]LogMetaData: Removing '/Game/Blueprints/gateButton1.gateButton1:UserConstructionScript.K2Node_FunctionEntry_0' ref from Metadata '/Game/Blueprints/gateButton.PackageMetaData'
[2018.04.12-20.00.50:856][359]LogMetaData: Removing '/Game/Blueprints/gateButton1.gateButton1_C' ref from Metadata '/Game/Blueprints/gateButton.PackageMetaData'
[2018.04.12-20.00.50:856][359]LogMetaData: Removing '/Game/Blueprints/gateButton1.SKEL_gateButton1_C' ref from Metadata '/Game/Blueprints/gateButton.PackageMetaData'
[2018.04.12-20.00.50:957][359]Cmd: OBJ SAVEPACKAGE PACKAGE="/Game/Blueprints/gateButton1" FILE="D:/University/Year 2/Digital Scripting/LabyrinthGame - Alpha2/Content/Blueprints/gateButton1.uasset" SILENT=true
[2018.04.12-20.00.51:282][359]LogSavePackage: Save=305.29ms
[2018.04.12-20.00.51:283][359]LogSavePackage: Moving 'D:/University/Year 2/Digital Scripting/LabyrinthGame - Alpha2/Saved/gateButton168CB9C6B4865EFFA557043AA5AC73E3F.tmp' to 'D:/University/Year 2/Digital Scripting/LabyrinthGame - Alpha2/Content/Blueprints/gateButton1.uasset'
[2018.04.12-20.00.51:286][359]LogSavePackage: Display: Finished SavePackage D:/University/Year 2/Digital Scripting/LabyrinthGame - Alpha2/Content/Blueprints/gateButton1.uasset
[2018.04.12-20.00.51:288][359]Cmd: OBJ SAVEPACKAGE PACKAGE="/Game/Blueprints/gateButton" FILE="D:/University/Year 2/Digital Scripting/LabyrinthGame - Alpha2/Content/Blueprints/gateButton.uasset" SILENT=true
[2018.04.12-20.00.51:335][359]LogSavePackage: Save=8.87ms
[2018.04.12-20.00.51:335][359]LogSavePackage: Moving 'D:/University/Year 2/Digital Scripting/LabyrinthGame - Alpha2/Saved/gateButton682625C54EB8BF30833339A6C3013743.tmp' to 'D:/University/Year 2/Digital Scripting/LabyrinthGame - Alpha2/Content/Blueprints/gateButton.uasset'
[2018.04.12-20.00.51:340][359]LogSavePackage: Display: Finished SavePackage D:/University/Year 2/Digital Scripting/LabyrinthGame - Alpha2/Content/Blueprints/gateButton.uasset
[2018.04.12-20.00.55:512][799]LogEditorViewport: Clicking on Actor (LMB): gateButton1_C (gateButton)
[2018.04.12-20.00.57:807][ 70]LogEditorViewport: Clicking on Actor (LMB): gateButton1_C (gateButton1)
[2018.04.12-20.01.09:949][139]LogRenderer: Reallocating scene render targets to support 1208x720 Format 10 NumSamples 1 (Frame:1).
[2018.04.12-20.02.15:620][773]BlueprintLog: New page: Compile gateButton1
[2018.04.12-20.02.16:745][810]Cmd: OBJ SAVEPACKAGE PACKAGE="/Game/Blueprints/gateButton1" FILE="D:/University/Year 2/Digital Scripting/LabyrinthGame - Alpha2/Content/Blueprints/gateButton1.uasset" SILENT=true
[2018.04.12-20.02.16:767][810]LogSavePackage: Save=17.25ms
[2018.04.12-20.02.16:767][810]LogSavePackage: Moving 'D:/University/Year 2/Digital Scripting/LabyrinthGame - Alpha2/Saved/gateButton1888366E849AE3F1F39D713B564164935.tmp' to 'D:/University/Year 2/Digital Scripting/LabyrinthGame - Alpha2/Content/Blueprints/gateButton1.uasset'
[2018.04.12-20.02.16:770][810]LogSavePackage: Display: Finished SavePackage D:/University/Year 2/Digital Scripting/LabyrinthGame - Alpha2/Content/Blueprints/gateButton1.uasset
[2018.04.12-20.02.39:905][894]Cmd: DELETE
[2018.04.12-20.02.39:905][894]Cmd: ACTOR DELETE
[2018.04.12-20.02.39:905][894]LogEditorActor: Deleted Actor: gateButton1_C
[2018.04.12-20.02.39:922][894]LogEditorActor: Deleted 1 Actors (0.017 secs)
[2018.04.12-20.02.41:205][ 47]LogEditorViewport: Clicking on Actor (LMB): gateButton1_C (gateButton)
[2018.04.12-20.03.04:903][ 27]Cmd: OBJ SAVEPACKAGE PACKAGE="/Game/Blueprints/gateButton1" FILE="D:/University/Year 2/Digital Scripting/LabyrinthGame - Alpha2/Content/Blueprints/gateButton1.uasset" SILENT=true
[2018.04.12-20.03.04:919][ 27]LogSavePackage: Save=10.43ms
[2018.04.12-20.03.04:919][ 27]LogSavePackage: Moving 'D:/University/Year 2/Digital Scripting/LabyrinthGame - Alpha2/Saved/gateButton14BEF8EAA493D642B35E72CBE0FFB0DD3.tmp' to 'D:/University/Year 2/Digital Scripting/LabyrinthGame - Alpha2/Content/Blueprints/gateButton1.uasset'
[2018.04.12-20.03.04:922][ 27]LogSavePackage: Display: Finished SavePackage D:/University/Year 2/Digital Scripting/LabyrinthGame - Alpha2/Content/Blueprints/gateButton1.uasset
[2018.04.12-20.03.20:021][717]LogEditorViewport: Clicking on Actor (LMB): Platform_C (Platform)
[2018.04.12-20.03.33:439][221]Cmd: DELETE
[2018.04.12-20.03.33:439][221]Cmd: ACTOR DELETE
[2018.04.12-20.03.33:439][221]LogEditorActor: Deleted Actor: gateButton1_C
[2018.04.12-20.03.33:456][221]LogEditorActor: Deleted 1 Actors (0.017 secs)
[2018.04.12-20.03.34:408][335]LogEditorViewport: Clicking on Actor (LMB): gateButton1_C (gateButton)
[2018.04.12-20.03.36:063][530]Cmd: DELETE
[2018.04.12-20.03.36:063][530]Cmd: ACTOR DELETE
[2018.04.12-20.03.36:063][530]LogEditorActor: Deleted Actor: gateButton1_C
[2018.04.12-20.03.36:079][530]LogEditorActor: Deleted 1 Actors (0.016 secs)
[2018.04.12-20.03.49:323][594]Cmd: OBJ SAVEPACKAGE PACKAGE="/Game/Blueprints/gateButton1" FILE="D:/University/Year 2/Digital Scripting/LabyrinthGame - Alpha2/Content/Blueprints/gateButton1.uasset" SILENT=true
[2018.04.12-20.03.49:338][594]LogSavePackage: Save=10.29ms
[2018.04.12-20.03.49:338][594]LogSavePackage: Moving 'D:/University/Year 2/Digital Scripting/LabyrinthGame - Alpha2/Saved/gateButton1B920E2F34B7C3EBB7FD53699C63F3B3B.tmp' to 'D:/University/Year 2/Digital Scripting/LabyrinthGame - Alpha2/Content/Blueprints/gateButton1.uasset'
[2018.04.12-20.03.49:341][594]LogSavePackage: Display: Finished SavePackage D:/University/Year 2/Digital Scripting/LabyrinthGame - Alpha2/Content/Blueprints/gateButton1.uasset
[2018.04.12-20.03.57:942][479]LogEditorViewport: Clicking on Actor (LMB): turntableButton_C (turntableButton)
[2018.04.12-20.04.02:482][ 19]LogEditorViewport: Clicking on Actor (LMB): gateButton1_C (gateButton2)
[2018.04.12-20.04.13:607][929]Cmd: OBJ SAVEPACKAGE PACKAGE="/Game/Blueprints/gateButton1" FILE="D:/University/Year 2/Digital Scripting/LabyrinthGame - Alpha2/Content/Blueprints/gateButton1.uasset" SILENT=true
[2018.04.12-20.04.13:624][929]LogSavePackage: Save=10.43ms
[2018.04.12-20.04.13:624][929]LogSavePackage: Moving 'D:/University/Year 2/Digital Scripting/LabyrinthGame - Alpha2/Saved/gateButton13B07D670467CBF96900CE69DB16F18BF.tmp' to 'D:/University/Year 2/Digital Scripting/LabyrinthGame - Alpha2/Content/Blueprints/gateButton1.uasset'
[2018.04.12-20.04.13:627][929]LogSavePackage: Display: Finished SavePackage D:/University/Year 2/Digital Scripting/LabyrinthGame - Alpha2/Content/Blueprints/gateButton1.uasset
[2018.04.12-20.04.27:018][368]Cmd: DELETE
[2018.04.12-20.04.27:018][368]Cmd: ACTOR DELETE
[2018.04.12-20.04.27:018][368]LogEditorActor: Deleted Actor: gateButton1_C
[2018.04.12-20.04.27:038][368]LogEditorActor: Deleted 1 Actors (0.020 secs)
[2018.04.12-20.04.28:248][512]LogEditorViewport: Clicking on Actor (LMB): gateButton1_C (gateButton2)
[2018.04.12-20.04.41:876][135]LogTemp: Repeating last play command: Selected Viewport
[2018.04.12-20.04.41:893][135]LogBlueprintUserMessages: Early PlayInEditor Detection: Level '/Game/Levels/PlatformTest.PlatformTest:PersistentLevel' has LevelScriptBlueprint '/Game/Levels/PlatformTest.PlatformTest:PersistentLevel.PlatformTest' with GeneratedClass '/Game/Levels/PlatformTest.PlatformTest_C' with ClassGeneratedBy '/Game/Levels/PlatformTest.PlatformTest:PersistentLevel.PlatformTest'
[2018.04.12-20.04.41:893][135]BlueprintLog: New page: Pre-Play auto-recompile
[2018.04.12-20.04.41:898][135]LogPlayLevel: [PlayLevel] Compiling PlatformTest before play...
[2018.04.12-20.04.41:920][135]LogPlayLevel: PlayLevel: Blueprint regeneration took 26 ms (1 blueprints)
[2018.04.12-20.04.41:920][135]PIE: New page: PIE session: PlatformTest (12 Apr 2018 22:04:41)
[2018.04.12-20.04.41:921][135]LogPlayLevel: Creating play world package: /Game/Levels/UEDPIE_0_PlatformTest
[2018.04.12-20.04.41:923][135]LogPlayLevel: PIE: StaticDuplicateObject took: (0.002712s)
[2018.04.12-20.04.41:924][135]LogAIModule: Creating AISystem for world PlatformTest
[2018.04.12-20.04.41:924][135]LogPlayLevel: PIE: World Init took: (0.000681s)
[2018.04.12-20.04.41:924][135]LogPlayLevel: PIE: Created PIE world by copying editor world from /Game/Levels/PlatformTest.PlatformTest to /Game/Levels/UEDPIE_0_PlatformTest.PlatformTest (0.003621s)
[2018.04.12-20.04.41:940][135]LogInit: XAudio2 using 'Headset Earphone (3- ASTRO MixAmp Pro           )' : 2 channels at 48 kHz using 16 bits per sample (channel mask 0x3)
[2018.04.12-20.04.41:945][135]LogInit: FAudioDevice initialized.
[2018.04.12-20.04.41:972][135]LogLoad: Game class is 'MyGameMode_C'
[2018.04.12-20.04.41:974][135]LogWorld: Bringing World /Game/Levels/UEDPIE_0_PlatformTest.PlatformTest up for play (max tick rate 0) at 2018.04.12-21.04.41
[2018.04.12-20.04.41:974][135]LogWorld: Bringing up level for play took: 0.001355
[2018.04.12-20.04.41:975][135]PIE: Play in editor start time for /Game/Levels/UEDPIE_0_PlatformTest -0.664
[2018.04.12-20.04.41:976][135]LogBlueprintUserMessages: Late PlayInEditor Detection: Level '/Game/Levels/PlatformTest.PlatformTest:PersistentLevel' has LevelScriptBlueprint '/Game/Levels/PlatformTest.PlatformTest:PersistentLevel.PlatformTest' with GeneratedClass '/Game/Levels/PlatformTest.PlatformTest_C' with ClassGeneratedBy '/Game/Levels/PlatformTest.PlatformTest:PersistentLevel.PlatformTest'
[2018.04.12-20.04.44:944][488]LogBlueprintUserMessages: Early EndPlayMap Detection: Level '/Game/Levels/PlatformTest.PlatformTest:PersistentLevel' has LevelScriptBlueprint '/Game/Levels/PlatformTest.PlatformTest:PersistentLevel.PlatformTest' with GeneratedClass '/Game/Levels/PlatformTest.PlatformTest_C' with ClassGeneratedBy '/Game/Levels/PlatformTest.PlatformTest:PersistentLevel.PlatformTest'
[2018.04.12-20.04.44:980][488]LogBlueprintUserMessages: Late EndPlayMap Detection: Level '/Game/Levels/PlatformTest.PlatformTest:PersistentLevel' has LevelScriptBlueprint '/Game/Levels/PlatformTest.PlatformTest:PersistentLevel.PlatformTest' with GeneratedClass '/Game/Levels/PlatformTest.PlatformTest_C' with ClassGeneratedBy '/Game/Levels/PlatformTest.PlatformTest:PersistentLevel.PlatformTest'
[2018.04.12-20.04.47:715][799]Cmd: DELETE
[2018.04.12-20.04.47:715][799]Cmd: ACTOR DELETE
[2018.04.12-20.04.47:716][799]LogEditorActor: Deleted Actor: gateButton1_C
[2018.04.12-20.04.47:733][799]LogEditorActor: Deleted 1 Actors (0.018 secs)
[2018.04.12-20.05.20:706][607]EditorErrors: New page: Actor attachment
[2018.04.12-20.05.22:099][768]LogTemp: Repeating last play command: Selected Viewport
[2018.04.12-20.05.22:122][768]LogBlueprintUserMessages: Early PlayInEditor Detection: Level '/Game/Levels/PlatformTest.PlatformTest:PersistentLevel' has LevelScriptBlueprint '/Game/Levels/PlatformTest.PlatformTest:PersistentLevel.PlatformTest' with GeneratedClass '/Game/Levels/PlatformTest.PlatformTest_C' with ClassGeneratedBy '/Game/Levels/PlatformTest.PlatformTest:PersistentLevel.PlatformTest'
[2018.04.12-20.05.22:122][768]LogPlayLevel: PlayLevel: No blueprints needed recompiling
[2018.04.12-20.05.22:122][768]PIE: New page: PIE session: PlatformTest (12 Apr 2018 22:05:22)
[2018.04.12-20.05.22:122][768]LogPlayLevel: Creating play world package: /Game/Levels/UEDPIE_0_PlatformTest
[2018.04.12-20.05.22:125][768]LogPlayLevel: PIE: StaticDuplicateObject took: (0.002380s)
[2018.04.12-20.05.22:125][768]LogAIModule: Creating AISystem for world PlatformTest
[2018.04.12-20.05.22:125][768]LogPlayLevel: PIE: World Init took: (0.000492s)
[2018.04.12-20.05.22:125][768]LogPlayLevel: PIE: Created PIE world by copying editor world from /Game/Levels/PlatformTest.PlatformTest to /Game/Levels/UEDPIE_0_PlatformTest.PlatformTest (0.003053s)
[2018.04.12-20.05.22:145][768]LogInit: XAudio2 using 'Headset Earphone (3- ASTRO MixAmp Pro           )' : 2 channels at 48 kHz using 16 bits per sample (channel mask 0x3)
[2018.04.12-20.05.22:163][768]LogInit: FAudioDevice initialized.
[2018.04.12-20.05.22:195][768]LogLoad: Game class is 'MyGameMode_C'
[2018.04.12-20.05.22:197][768]LogWorld: Bringing World /Game/Levels/UEDPIE_0_PlatformTest.PlatformTest up for play (max tick rate 0) at 2018.04.12-21.05.22
[2018.04.12-20.05.22:197][768]LogWorld: Bringing up level for play took: 0.001271
[2018.04.12-20.05.22:198][768]PIE: Play in editor start time for /Game/Levels/UEDPIE_0_PlatformTest -0.441
[2018.04.12-20.05.22:198][768]LogBlueprintUserMessages: Late PlayInEditor Detection: Level '/Game/Levels/PlatformTest.PlatformTest:PersistentLevel' has LevelScriptBlueprint '/Game/Levels/PlatformTest.PlatformTest:PersistentLevel.PlatformTest' with GeneratedClass '/Game/Levels/PlatformTest.PlatformTest_C' with ClassGeneratedBy '/Game/Levels/PlatformTest.PlatformTest:PersistentLevel.PlatformTest'
[2018.04.12-20.05.31:971][934]LogBlueprintUserMessages: Early EndPlayMap Detection: Level '/Game/Levels/PlatformTest.PlatformTest:PersistentLevel' has LevelScriptBlueprint '/Game/Levels/PlatformTest.PlatformTest:PersistentLevel.PlatformTest' with GeneratedClass '/Game/Levels/PlatformTest.PlatformTest_C' with ClassGeneratedBy '/Game/Levels/PlatformTest.PlatformTest:PersistentLevel.PlatformTest'
[2018.04.12-20.05.32:012][934]LogBlueprintUserMessages: Late EndPlayMap Detection: Level '/Game/Levels/PlatformTest.PlatformTest:PersistentLevel' has LevelScriptBlueprint '/Game/Levels/PlatformTest.PlatformTest:PersistentLevel.PlatformTest' with GeneratedClass '/Game/Levels/PlatformTest.PlatformTest_C' with ClassGeneratedBy '/Game/Levels/PlatformTest.PlatformTest:PersistentLevel.PlatformTest'
[2018.04.12-20.05.33:904][147]LogTemp: Repeating last play command: Selected Viewport
[2018.04.12-20.05.33:916][147]LogBlueprintUserMessages: Early PlayInEditor Detection: Level '/Game/Levels/PlatformTest.PlatformTest:PersistentLevel' has LevelScriptBlueprint '/Game/Levels/PlatformTest.PlatformTest:PersistentLevel.PlatformTest' with GeneratedClass '/Game/Levels/PlatformTest.PlatformTest_C' with ClassGeneratedBy '/Game/Levels/PlatformTest.PlatformTest:PersistentLevel.PlatformTest'
[2018.04.12-20.05.33:916][147]LogPlayLevel: PlayLevel: No blueprints needed recompiling
[2018.04.12-20.05.33:916][147]PIE: New page: PIE session: PlatformTest (12 Apr 2018 22:05:33)
[2018.04.12-20.05.33:916][147]LogPlayLevel: Creating play world package: /Game/Levels/UEDPIE_0_PlatformTest
[2018.04.12-20.05.33:918][147]LogPlayLevel: PIE: StaticDuplicateObject took: (0.002297s)
[2018.04.12-20.05.33:919][147]LogAIModule: Creating AISystem for world PlatformTest
[2018.04.12-20.05.33:919][147]LogPlayLevel: PIE: World Init took: (0.000526s)
[2018.04.12-20.05.33:919][147]LogPlayLevel: PIE: Created PIE world by copying editor world from /Game/Levels/PlatformTest.PlatformTest to /Game/Levels/UEDPIE_0_PlatformTest.PlatformTest (0.003003s)
[2018.04.12-20.05.33:935][147]LogInit: XAudio2 using 'Headset Earphone (3- ASTRO MixAmp Pro           )' : 2 channels at 48 kHz using 16 bits per sample (channel mask 0x3)
[2018.04.12-20.05.33:939][147]LogInit: FAudioDevice initialized.
[2018.04.12-20.05.33:965][147]LogLoad: Game class is 'MyGameMode_C'
[2018.04.12-20.05.33:966][147]LogWorld: Bringing World /Game/Levels/UEDPIE_0_PlatformTest.PlatformTest up for play (max tick rate 0) at 2018.04.12-21.05.33
[2018.04.12-20.05.33:967][147]LogWorld: Bringing up level for play took: 0.001201
[2018.04.12-20.05.33:968][147]PIE: Play in editor start time for /Game/Levels/UEDPIE_0_PlatformTest -0.672
[2018.04.12-20.05.33:968][147]LogBlueprintUserMessages: Late PlayInEditor Detection: Level '/Game/Levels/PlatformTest.PlatformTest:PersistentLevel' has LevelScriptBlueprint '/Game/Levels/PlatformTest.PlatformTest:PersistentLevel.PlatformTest' with GeneratedClass '/Game/Levels/PlatformTest.PlatformTest_C' with ClassGeneratedBy '/Game/Levels/PlatformTest.PlatformTest:PersistentLevel.PlatformTest'
[2018.04.12-20.05.40:959][982]LogBlueprintUserMessages: Early EndPlayMap Detection: Level '/Game/Levels/PlatformTest.PlatformTest:PersistentLevel' has LevelScriptBlueprint '/Game/Levels/PlatformTest.PlatformTest:PersistentLevel.PlatformTest' with GeneratedClass '/Game/Levels/PlatformTest.PlatformTest_C' with ClassGeneratedBy '/Game/Levels/PlatformTest.PlatformTest:PersistentLevel.PlatformTest'
[2018.04.12-20.05.40:998][982]LogBlueprintUserMessages: Late EndPlayMap Detection: Level '/Game/Levels/PlatformTest.PlatformTest:PersistentLevel' has LevelScriptBlueprint '/Game/Levels/PlatformTest.PlatformTest:PersistentLevel.PlatformTest' with GeneratedClass '/Game/Levels/PlatformTest.PlatformTest_C' with ClassGeneratedBy '/Game/Levels/PlatformTest.PlatformTest:PersistentLevel.PlatformTest'
[2018.04.12-20.05.44:944][172]LogActorComponent: UnregisterComponent: (/Engine/Transient.EditorFloorComp) Not registered. Aborting.
[2018.04.12-20.05.45:249][173]Cmd: QUIT_EDITOR
[2018.04.12-20.05.45:309][173]LogExit: Preparing to exit.
[2018.04.12-20.05.46:385][173]LogExit: Editor shut down
[2018.04.12-20.05.46:388][173]LogExit: Transaction tracking system shut down
[2018.04.12-20.05.46:608][173]LogDirectoryWatcher: A directory notification for '../../../Engine/Content/' was aborted.
[2018.04.12-20.05.46:608][173]LogDirectoryWatcher: A directory notification for 'D:/University/Year 2/Digital Scripting/LabyrinthGame - Alpha2/Content/' was aborted.
[2018.04.12-20.05.46:608][173]LogDirectoryWatcher: A directory notification for '../../../Engine/Plugins/2D/Paper2D/Content/' was aborted.
[2018.04.12-20.05.46:608][173]LogDirectoryWatcher: A directory notification for '../../../Engine/Plugins/Runtime/Oculus/OculusVR/Content/' was aborted.
[2018.04.12-20.05.46:608][173]LogDirectoryWatcher: A directory notification for '../../../Engine/Plugins/Runtime/Steam/SteamVR/Content/' was aborted.
[2018.04.12-20.05.46:708][173]LogExit: Object subsystem successfully closed.
[2018.04.12-20.05.46:762][173]LogD3D11RHI: Shutdown
[2018.04.12-20.05.46:762][173]LogD3D11RHI: CleanupD3DDevice
[2018.04.12-20.05.46:861][173]LogD3D11RHI: ~FD3D11DynamicRHI
[2018.04.12-20.05.46:898][173]LogModuleManager: Shutting down and abandoning module BlueprintGraph (538)
[2018.04.12-20.05.46:899][173]LogModuleManager: Shutting down and abandoning module BlueprintProfiler (536)
[2018.04.12-20.05.46:910][173]LogModuleManager: Shutting down and abandoning module MovieSceneCapture (534)
[2018.04.12-20.05.46:911][173]LogModuleManager: Shutting down and abandoning module HierarchicalLODOutliner (532)
[2018.04.12-20.05.46:911][173]LogModuleManager: Shutting down and abandoning module SceneOutliner (530)
[2018.04.12-20.05.46:911][173]LogModuleManager: Shutting down and abandoning module AddContentDialog (528)
[2018.04.12-20.05.46:929][173]LogDirectoryWatcher: A directory notification for 'C:/Program Files/Epic Games/UE_4.17/FeaturePacks/' was aborted.
[2018.04.12-20.05.46:930][173]LogModuleManager: Shutting down and abandoning module WidgetCarousel (527)
[2018.04.12-20.05.46:930][173]LogModuleManager: Shutting down and abandoning module EditorWidgets (524)
[2018.04.12-20.05.46:930][173]LogModuleManager: Shutting down and abandoning module CollectionManager (522)
[2018.04.12-20.05.46:930][173]LogDirectoryWatcher: A directory notification for 'D:/University/Year 2/Digital Scripting/LabyrinthGame - Alpha2/Content/Collections/' was aborted.
[2018.04.12-20.05.46:930][173]LogDirectoryWatcher: A directory notification for 'D:/University/Year 2/Digital Scripting/LabyrinthGame - Alpha2/Content/Developers/KATALYTIC/Collections/' was aborted.
[2018.04.12-20.05.46:930][173]LogDirectoryWatcher: A directory notification for 'D:/University/Year 2/Digital Scripting/LabyrinthGame - Alpha2/Saved/Collections/' was aborted.
[2018.04.12-20.05.46:930][173]LogModuleManager: Shutting down and abandoning module StatsViewer (520)
[2018.04.12-20.05.46:930][173]LogModuleManager: Shutting down and abandoning module FoliageEdit (518)
[2018.04.12-20.05.46:930][173]LogModuleManager: Shutting down and abandoning module LandscapeEditor (516)
[2018.04.12-20.05.46:930][173]LogModuleManager: Shutting down and abandoning module MeshPaintMode (514)
[2018.04.12-20.05.46:930][173]LogModuleManager: Shutting down and abandoning module SceneDepthPickerMode (512)
[2018.04.12-20.05.46:930][173]LogModuleManager: Shutting down and abandoning module ActorPickerMode (510)
[2018.04.12-20.05.46:930][173]LogModuleManager: Shutting down and abandoning module GeometryMode (508)
[2018.04.12-20.05.46:930][173]LogModuleManager: Shutting down and abandoning module TextureAlignMode (506)
[2018.04.12-20.05.46:930][173]LogModuleManager: Shutting down and abandoning module BspMode (504)
[2018.04.12-20.05.46:930][173]LogModuleManager: Shutting down and abandoning module PIEPreviewDeviceProfileSelector (502)
[2018.04.12-20.05.46:930][173]LogModuleManager: Shutting down and abandoning module HardwareSurvey (500)
[2018.04.12-20.05.46:930][173]LogModuleManager: Shutting down and abandoning module SequenceRecorderSections (498)
[2018.04.12-20.05.46:930][173]LogModuleManager: Shutting down and abandoning module AutomationWorker (496)
[2018.04.12-20.05.46:930][173]LogModuleManager: Shutting down and abandoning module MatineeToLevelSequence (494)
[2018.04.12-20.05.46:930][173]LogModuleManager: Shutting down and abandoning module LevelSequenceEditor (492)
[2018.04.12-20.05.46:931][173]LogModuleManager: Shutting down and abandoning module PlacementMode (491)
[2018.04.12-20.05.46:931][173]LogModuleManager: Shutting down and abandoning module ActorSequenceEditor (488)
[2018.04.12-20.05.46:939][173]LogModuleManager: Shutting down and abandoning module WmfMediaFactory (486)
[2018.04.12-20.05.46:939][173]LogModuleManager: Shutting down and abandoning module WmfMediaEditor (484)
[2018.04.12-20.05.46:939][173]LogModuleManager: Shutting down and abandoning module AvfMediaFactory (482)
[2018.04.12-20.05.46:939][173]LogModuleManager: Shutting down and abandoning module AvfMediaEditor (480)
[2018.04.12-20.05.46:939][173]LogModuleManager: Shutting down and abandoning module AndroidMediaFactory (478)
[2018.04.12-20.05.46:939][173]LogModuleManager: Shutting down and abandoning module Media (477)
[2018.04.12-20.05.46:939][173]LogModuleManager: Shutting down and abandoning module AndroidMediaEditor (474)
[2018.04.12-20.05.46:939][173]LogModuleManager: Shutting down and abandoning module CharacterAI (472)
[2018.04.12-20.05.46:939][173]LogModuleManager: Shutting down and abandoning module AudioCapture (470)
[2018.04.12-20.05.46:940][173]LogModuleManager: Shutting down and abandoning module SequenceRecorder (469)
[2018.04.12-20.05.46:940][173]LogModuleManager: Shutting down and abandoning module SmartSnapping (466)
[2018.04.12-20.05.46:940][173]LogModuleManager: Shutting down and abandoning module SessionServices (464)
[2018.04.12-20.05.46:940][173]LogModuleManager: Shutting down and abandoning module ViewportSnapping (462)
[2018.04.12-20.05.46:940][173]LogModuleManager: Shutting down and abandoning module ViewportInteraction (460)
[2018.04.12-20.05.46:940][173]LogModuleManager: Shutting down and abandoning module ClothPainter (458)
[2018.04.12-20.05.46:940][173]LogModuleManager: Shutting down and abandoning module LogVisualizer (456)
[2018.04.12-20.05.46:940][173]LogModuleManager: Shutting down and abandoning module IntroTutorials (454)
[2018.04.12-20.05.46:940][173]LogModuleManager: Shutting down and abandoning module GameProjectGeneration (453)
[2018.04.12-20.05.46:940][173]LogModuleManager: Shutting down and abandoning module IOSPlatformEditor (450)
[2018.04.12-20.05.46:940][173]LogModuleManager: Shutting down and abandoning module HTML5PlatformEditor (448)
[2018.04.12-20.05.46:940][173]LogModuleManager: Shutting down and abandoning module AndroidPlatformEditor (446)
[2018.04.12-20.05.46:940][173]LogModuleManager: Shutting down and abandoning module AndroidDeviceDetection (445)
[2018.04.12-20.05.47:355][173]LogModuleManager: Shutting down and abandoning module WindowsPlatformEditor (442)
[2018.04.12-20.05.47:355][173]LogModuleManager: Shutting down and abandoning module IOSRuntimeSettings (440)
[2018.04.12-20.05.47:355][173]LogModuleManager: Shutting down and abandoning module AndroidRuntimeSettings (438)
[2018.04.12-20.05.47:355][173]LogModuleManager: Shutting down and abandoning module InputBindingEditor (436)
[2018.04.12-20.05.47:355][173]LogModuleManager: Shutting down and abandoning module MergeActors (434)
[2018.04.12-20.05.47:355][173]LogModuleManager: Shutting down and abandoning module SizeMap (432)
[2018.04.12-20.05.47:355][173]LogModuleManager: Shutting down and abandoning module TreeMap (430)
[2018.04.12-20.05.47:355][173]LogModuleManager: Shutting down and abandoning module ReferenceViewer (428)
[2018.04.12-20.05.47:355][173]LogModuleManager: Shutting down and abandoning module LocalizationDashboard (426)
[2018.04.12-20.05.47:355][173]LogModuleManager: Shutting down and abandoning module LocalizationService (425)
[2018.04.12-20.05.47:355][173]LogModuleManager: Shutting down and abandoning module HardwareTargeting (422)
[2018.04.12-20.05.47:355][173]LogModuleManager: Shutting down and abandoning module DeviceProfileEditor (420)
[2018.04.12-20.05.47:355][173]LogModuleManager: Shutting down and abandoning module UndoHistory (418)
[2018.04.12-20.05.47:355][173]LogModuleManager: Shutting down and abandoning module XmlParser (416)
[2018.04.12-20.05.47:355][173]LogModuleManager: Shutting down and abandoning module Blutility (414)
[2018.04.12-20.05.47:355][173]LogModuleManager: Shutting down and abandoning module ProjectSettingsViewer (412)
[2018.04.12-20.05.47:355][173]LogModuleManager: Shutting down and abandoning module ProjectTargetPlatformEditor (411)
[2018.04.12-20.05.47:355][173]LogModuleManager: Shutting down and abandoning module EditorSettingsViewer (408)
[2018.04.12-20.05.47:355][173]LogModuleManager: Shutting down and abandoning module SettingsEditor (406)
[2018.04.12-20.05.47:355][173]LogModuleManager: Shutting down and abandoning module ProjectLauncher (404)
[2018.04.12-20.05.47:355][173]LogModuleManager: Shutting down and abandoning module SessionFrontend (402)
[2018.04.12-20.05.47:356][173]LogModuleManager: Shutting down and abandoning module ProfilerClient (400)
[2018.04.12-20.05.47:356][173]LogModuleManager: Shutting down and abandoning module DeviceManager (398)
[2018.04.12-20.05.47:356][173]LogModuleManager: Shutting down and abandoning module TargetDeviceServices (397)
[2018.04.12-20.05.47:406][173]LogModuleManager: Shutting down and abandoning module AutomationController (394)
[2018.04.12-20.05.47:406][173]LogModuleManager: Shutting down and abandoning module AutomationWindow (392)
[2018.04.12-20.05.47:406][173]LogModuleManager: Shutting down and abandoning module Layers (390)
[2018.04.12-20.05.47:406][173]LogModuleManager: Shutting down and abandoning module ComponentVisualizers (388)
[2018.04.12-20.05.47:406][173]LogModuleManager: Shutting down and abandoning module DetailCustomizations (386)
[2018.04.12-20.05.47:406][173]LogModuleManager: Shutting down and abandoning module PackagesDialog (384)
[2018.04.12-20.05.47:406][173]LogModuleManager: Shutting down and abandoning module Persona (382)
[2018.04.12-20.05.47:406][173]LogModuleManager: Shutting down and abandoning module AdvancedPreviewScene (381)
[2018.04.12-20.05.47:406][173]LogModuleManager: Shutting down and abandoning module AnimGraph (379)
[2018.04.12-20.05.47:406][173]LogModuleManager: Shutting down and abandoning module Kismet (376)
[2018.04.12-20.05.47:411][173]LogModuleManager: Shutting down and abandoning module ClassViewer (374)
[2018.04.12-20.05.47:411][173]LogModuleManager: Shutting down and abandoning module Toolbox (372)
[2018.04.12-20.05.47:411][173]LogModuleManager: Shutting down and abandoning module ModuleUI (370)
[2018.04.12-20.05.47:411][173]LogModuleManager: Shutting down and abandoning module MovieSceneTools (368)
[2018.04.12-20.05.47:411][173]LogModuleManager: Shutting down and abandoning module OutputLog (366)
[2018.04.12-20.05.47:411][173]LogModuleManager: Shutting down and abandoning module GammaUI (364)
[2018.04.12-20.05.47:411][173]LogModuleManager: Shutting down and abandoning module Documentation (362)
[2018.04.12-20.05.47:411][173]LogModuleManager: Shutting down and abandoning module MovieSceneTracks (360)
[2018.04.12-20.05.47:411][173]LogModuleManager: Shutting down and abandoning module MovieScene (358)
[2018.04.12-20.05.47:411][173]LogModuleManager: Shutting down and abandoning module Niagara (356)
[2018.04.12-20.05.47:411][173]LogModuleManager: Shutting down and abandoning module NiagaraEditor (355)
[2018.04.12-20.05.47:411][173]LogModuleManager: Shutting down and abandoning module StreamingPauseRendering (352)
[2018.04.12-20.05.47:411][173]LogModuleManager: Shutting down and abandoning module LauncherPlatform (350)
[2018.04.12-20.05.47:411][173]LogModuleManager: Shutting down and abandoning module AnalyticsET (348)
[2018.04.12-20.05.47:412][173]LogModuleManager: Shutting down and abandoning module PortalServices (346)
[2018.04.12-20.05.47:412][173]LogModuleManager: Shutting down and abandoning module PortalRpc (344)
[2018.04.12-20.05.47:412][173]LogModuleManager: Shutting down and abandoning module MessagingRpc (342)
[2018.04.12-20.05.47:412][173]LogModuleManager: Shutting down and abandoning module AIModule (340)
[2018.04.12-20.05.47:412][173]LogModuleManager: Shutting down and abandoning module GameplayDebugger (339)
[2018.04.12-20.05.47:412][173]LogModuleManager: Shutting down and abandoning module AITestSuite (337)
[2018.04.12-20.05.47:412][173]LogModuleManager: Shutting down and abandoning module ProfilerService (334)
[2018.04.12-20.05.47:584][173]LogModuleManager: Shutting down and abandoning module TaskGraph (332)
[2018.04.12-20.05.47:584][173]LogModuleManager: Shutting down and abandoning module SteamVRController (330)
[2018.04.12-20.05.47:584][173]LogModuleManager: Shutting down and abandoning module ProceduralMeshComponentEditor (328)
[2018.04.12-20.05.47:584][173]LogModuleManager: Shutting down and abandoning module ProceduralMeshComponent (326)
[2018.04.12-20.05.47:584][173]LogModuleManager: Shutting down and abandoning module OculusInput (324)
[2018.04.12-20.05.47:584][173]LogModuleManager: Shutting down and abandoning module MobilePatchingUtils (322)
[2018.04.12-20.05.47:584][173]LogModuleManager: Shutting down and abandoning module CustomMeshComponent (320)
[2018.04.12-20.05.47:584][173]LogModuleManager: Shutting down and abandoning module CableComponent (318)
[2018.04.12-20.05.47:584][173]LogModuleManager: Shutting down and abandoning module ArchVisCharacter (316)
[2018.04.12-20.05.47:584][173]LogModuleManager: Shutting down and abandoning module AndroidPermission (314)
[2018.04.12-20.05.47:584][173]LogModuleManager: Shutting down and abandoning module MediaPlayerEditor (310)
[2018.04.12-20.05.47:584][173]LogModuleManager: Shutting down and abandoning module HTML5Networking (308)
[2018.04.12-20.05.47:584][173]LogModuleManager: Shutting down and abandoning module AlembicImporter (306)
[2018.04.12-20.05.47:584][173]LogModuleManager: Shutting down and abandoning module AlembicLibrary (305)
[2018.04.12-20.05.47:584][173]LogModuleManager: Shutting down and abandoning module GeometryCache (304)
[2018.04.12-20.05.47:584][173]LogModuleManager: Shutting down and abandoning module GeometryCacheEd (303)
[2018.04.12-20.05.47:584][173]LogModuleManager: Shutting down and abandoning module SpeedTreeImporter (298)
[2018.04.12-20.05.47:584][173]LogModuleManager: Shutting down and abandoning module PluginBrowser (296)
[2018.04.12-20.05.47:584][173]LogModuleManager: Shutting down and abandoning module MobileLauncherProfileWizard (294)
[2018.04.12-20.05.47:584][173]LogModuleManager: Shutting down and abandoning module VisualStudioSourceCodeAccess (292)
[2018.04.12-20.05.47:584][173]LogModuleManager: Shutting down and abandoning module DesktopPlatform (291)
[2018.04.12-20.05.47:584][173]LogModuleManager: Shutting down and abandoning module UObjectPlugin (288)
[2018.04.12-20.05.47:584][173]LogModuleManager: Shutting down and abandoning module SubversionSourceControl (286)
[2018.04.12-20.05.47:584][173]LogModuleManager: Shutting down and abandoning module PerforceSourceControl (284)
[2018.04.12-20.05.47:584][173]LogModuleManager: Shutting down and abandoning module GitSourceControl (282)
[2018.04.12-20.05.47:585][173]LogModuleManager: Shutting down and abandoning module SourceControl (281)
[2018.04.12-20.05.47:585][173]LogModuleManager: Shutting down and abandoning module LightPropagationVolumeEditor (278)
[2018.04.12-20.05.47:585][173]LogModuleManager: Shutting down and abandoning module PaperTiledImporter (276)
[2018.04.12-20.05.47:585][173]LogModuleManager: Shutting down and abandoning module PaperSpriteSheetImporter (274)
[2018.04.12-20.05.47:585][173]LogModuleManager: Shutting down and abandoning module Paper2DEditor (272)
[2018.04.12-20.05.47:585][173]LogModuleManager: Shutting down and abandoning module MeshPaint (271)
[2018.04.12-20.05.47:585][173]LogModuleManager: Shutting down and abandoning module LevelEditor (269)
[2018.04.12-20.05.47:585][173]LogModuleManager: Shutting down and abandoning module PixelInspectorModule (268)
[2018.04.12-20.05.47:585][173]LogModuleManager: Shutting down and abandoning module MainFrame (266)
[2018.04.12-20.05.47:585][173]LogModuleManager: Shutting down and abandoning module HotReload (265)
[2018.04.12-20.05.47:586][173]LogModuleManager: Shutting down and abandoning module RuntimePhysXCooking (260)
[2018.04.12-20.05.47:586][173]LogModuleManager: Shutting down and abandoning module PhysXVehiclesEditor (258)
[2018.04.12-20.05.47:586][173]LogModuleManager: Shutting down and abandoning module PhysXVehicles (256)
[2018.04.12-20.05.47:586][173]LogModuleManager: Shutting down and abandoning module OculusEditor (254)
[2018.04.12-20.05.47:586][173]LogModuleManager: Shutting down and abandoning module LocationServicesBPLibrary (252)
[2018.04.12-20.05.47:586][173]LogModuleManager: Shutting down and abandoning module ImmediatePhysicsEditor (250)
[2018.04.12-20.05.47:586][173]LogModuleManager: Shutting down and abandoning module ImmediatePhysics (248)
[2018.04.12-20.05.47:586][173]LogModuleManager: Shutting down and abandoning module UdpMessaging (246)
[2018.04.12-20.05.47:686][173]LogModuleManager: Shutting down and abandoning module TcpMessaging (244)
[2018.04.12-20.05.47:786][173]LogModuleManager: Shutting down and abandoning module GameplayTagsEditor (242)
[2018.04.12-20.05.47:786][173]LogModuleManager: Shutting down and abandoning module FacialAnimationEditor (240)
[2018.04.12-20.05.47:786][173]LogModuleManager: Shutting down and abandoning module FacialAnimation (238)
[2018.04.12-20.05.47:786][173]LogModuleManager: Shutting down and abandoning module AssetManagerEditor (236)
[2018.04.12-20.05.47:786][173]LogModuleManager: Shutting down and abandoning module GraphEditor (235)
[2018.04.12-20.05.47:786][173]LogModuleManager: Shutting down and abandoning module ContentBrowser (233)
[2018.04.12-20.05.47:787][173]LogModuleManager: Shutting down and abandoning module LightPropagationVolumeRuntime (230)
[2018.04.12-20.05.47:787][173]LogModuleManager: Shutting down and abandoning module Paper2D (228)
[2018.04.12-20.05.47:787][173]LogModuleManager: Shutting down and abandoning module WindowsMoviePlayer (226)
[2018.04.12-20.05.47:787][173]LogModuleManager: Shutting down and abandoning module WmfMedia (224)
[2018.04.12-20.05.47:787][173]LogModuleManager: Shutting down and abandoning module PacketHandler (222)
[2018.04.12-20.05.47:787][173]LogModuleManager: Shutting down and abandoning module ClothingSystemEditor (220)
[2018.04.12-20.05.47:787][173]LogModuleManager: Shutting down and abandoning module ClothingSystemRuntime (218)
[2018.04.12-20.05.47:787][173]LogModuleManager: Shutting down and abandoning module Overlay (216)
[2018.04.12-20.05.47:787][173]LogModuleManager: Shutting down and abandoning module OverlayEditor (215)
[2018.04.12-20.05.47:787][173]LogModuleManager: Shutting down and abandoning module MediaAssets (212)
[2018.04.12-20.05.47:787][173]LogModuleManager: Shutting down and abandoning module VREditor (210)
[2018.04.12-20.05.47:787][173]LogModuleManager: Shutting down and abandoning module StringTableEditor (208)
[2018.04.12-20.05.47:787][173]LogModuleManager: Shutting down and abandoning module GameplayTasksEditor (206)
[2018.04.12-20.05.47:787][173]LogModuleManager: Shutting down and abandoning module BehaviorTreeEditor (204)
[2018.04.12-20.05.47:788][173]LogModuleManager: Shutting down and abandoning module FunctionalTesting (202)
[2018.04.12-20.05.47:788][173]LogModuleManager: Shutting down and abandoning module CollisionAnalyzer (200)
[2018.04.12-20.05.47:788][173]LogModuleManager: Shutting down and abandoning module WorkspaceMenuStructure (199)
[2018.04.12-20.05.47:788][173]LogModuleManager: Shutting down and abandoning module UMG (196)
[2018.04.12-20.05.47:788][173]LogModuleManager: Shutting down and abandoning module UMGEditor (195)
[2018.04.12-20.05.47:788][173]LogModuleManager: Shutting down and abandoning module Sequencer (194)
[2018.04.12-20.05.47:788][173]LogModuleManager: Shutting down and abandoning module MessageLog (191)
[2018.04.12-20.05.47:788][173]LogModuleManager: Shutting down and abandoning module SlateReflector (186)
[2018.04.12-20.05.47:788][173]LogModuleManager: Shutting down and abandoning module Slate (184)
[2018.04.12-20.05.47:788][173]LogModuleManager: Shutting down and abandoning module EditorStyle (182)
[2018.04.12-20.05.47:790][173]LogModuleManager: Shutting down and abandoning module MRMesh (180)
[2018.04.12-20.05.47:790][173]LogModuleManager: Shutting down and abandoning module SourceCodeAccess (178)
[2018.04.12-20.05.47:790][173]LogModuleManager: Shutting down and abandoning module HeadMountedDisplay (176)
[2018.04.12-20.05.47:790][173]LogModuleManager: Shutting down and abandoning module XAudio2 (174)
[2018.04.12-20.05.47:790][173]LogModuleManager: Shutting down and abandoning module Networking (172)
[2018.04.12-20.05.47:790][173]LogModuleManager: Shutting down and abandoning module Core (168)
[2018.04.12-20.05.47:790][173]LogModuleManager: Shutting down and abandoning module KismetCompiler (164)
[2018.04.12-20.05.47:790][173]LogModuleManager: Shutting down and abandoning module MeshUtilities (162)
[2018.04.12-20.05.47:790][173]LogModuleManager: Shutting down and abandoning module MeshMergeUtilities (161)
[2018.04.12-20.05.47:790][173]LogModuleManager: Shutting down and abandoning module MeshReductionInterface (160)
[2018.04.12-20.05.47:790][173]LogModuleManager: Shutting down and abandoning module SimplygonSwarm (159)
[2018.04.12-20.05.47:790][173]LogModuleManager: Shutting down and abandoning module SimplygonMeshReduction (157)
[2018.04.12-20.05.47:790][173]LogModuleManager: Shutting down and abandoning module QuadricMeshReduction (155)
[2018.04.12-20.05.47:790][173]LogModuleManager: Shutting down and abandoning module MaterialBaking (151)
[2018.04.12-20.05.47:790][173]LogModuleManager: Shutting down and abandoning module LevelSequence (148)
[2018.04.12-20.05.47:790][173]LogModuleManager: Shutting down and abandoning module DirectoryWatcher (146)
[2018.04.12-20.05.47:790][173]LogModuleManager: Shutting down and abandoning module DerivedDataCache (144)
[2018.04.12-20.05.47:871][173]LogDerivedDataCache: Shutdown
[2018.04.12-20.05.47:871][173]LogModuleManager: Shutting down and abandoning module TargetPlatform (142)
[2018.04.12-20.05.47:871][173]LogModuleManager: Shutting down and abandoning module VulkanShaderFormat (141)
[2018.04.12-20.05.47:871][173]LogModuleManager: Shutting down and abandoning module ShaderFormatVectorVM (139)
[2018.04.12-20.05.47:871][173]LogModuleManager: Shutting down and abandoning module ShaderFormatOpenGL (137)
[2018.04.12-20.05.47:871][173]LogModuleManager: Shutting down and abandoning module ShaderFormatD3D (135)
[2018.04.12-20.05.47:871][173]LogModuleManager: Shutting down and abandoning module MetalShaderFormat (133)
[2018.04.12-20.05.47:871][173]LogModuleManager: Shutting down and abandoning module TextureFormatUncompressed (131)
[2018.04.12-20.05.47:871][173]LogModuleManager: Shutting down and abandoning module TextureFormatPVR (129)
[2018.04.12-20.05.47:871][173]LogModuleManager: Shutting down and abandoning module TextureFormatDXT (127)
[2018.04.12-20.05.47:871][173]LogModuleManager: Shutting down and abandoning module TextureFormatIntelISPCTexComp (125)
[2018.04.12-20.05.47:871][173]LogModuleManager: Shutting down and abandoning module TextureFormatASTC (123)
[2018.04.12-20.05.47:871][173]LogModuleManager: Shutting down and abandoning module ImageWrapper (122)
[2018.04.12-20.05.47:871][173]LogModuleManager: Shutting down and abandoning module TextureFormatAndroid (119)
[2018.04.12-20.05.47:871][173]LogModuleManager: Shutting down and abandoning module AudioFormatOpus (117)
[2018.04.12-20.05.47:871][173]LogModuleManager: Shutting down and abandoning module AudioFormatOgg (115)
[2018.04.12-20.05.47:871][173]LogModuleManager: Shutting down and abandoning module AudioFormatADPCM (113)
[2018.04.12-20.05.47:871][173]LogModuleManager: Shutting down and abandoning module LinuxTargetPlatform (111)
[2018.04.12-20.05.47:871][173]LogModuleManager: Shutting down and abandoning module LinuxServerTargetPlatform (109)
[2018.04.12-20.05.47:871][173]LogModuleManager: Shutting down and abandoning module LinuxNoEditorTargetPlatform (107)
[2018.04.12-20.05.47:871][173]LogModuleManager: Shutting down and abandoning module LinuxClientTargetPlatform (105)
[2018.04.12-20.05.47:871][173]LogModuleManager: Shutting down and abandoning module TVOSTargetPlatform (103)
[2018.04.12-20.05.47:871][173]LogModuleManager: Shutting down and abandoning module Messaging (101)
[2018.04.12-20.05.47:871][173]LogModuleManager: Shutting down and abandoning module IOSTargetPlatform (99)
[2018.04.12-20.05.47:871][173]LogModuleManager: Shutting down and abandoning module HTML5TargetPlatform (97)
[2018.04.12-20.05.47:871][173]LogModuleManager: Shutting down and abandoning module Android_PVRTCTargetPlatform (95)
[2018.04.12-20.05.47:871][173]LogModuleManager: Shutting down and abandoning module Android_MultiTargetPlatform (93)
[2018.04.12-20.05.47:871][173]LogModuleManager: Shutting down and abandoning module Android_ETC2TargetPlatform (91)
[2018.04.12-20.05.47:872][173]LogModuleManager: Shutting down and abandoning module Android_ETC1TargetPlatform (89)
[2018.04.12-20.05.47:872][173]LogModuleManager: Shutting down and abandoning module Android_DXTTargetPlatform (87)
[2018.04.12-20.05.47:872][173]LogModuleManager: Shutting down and abandoning module Android_ATCTargetPlatform (85)
[2018.04.12-20.05.47:872][173]LogModuleManager: Shutting down and abandoning module Android_ASTCTargetPlatform (83)
[2018.04.12-20.05.47:872][173]LogModuleManager: Shutting down and abandoning module AndroidTargetPlatform (81)
[2018.04.12-20.05.47:872][173]LogModuleManager: Shutting down and abandoning module WindowsTargetPlatform (79)
[2018.04.12-20.05.47:872][173]LogModuleManager: Shutting down and abandoning module WindowsServerTargetPlatform (77)
[2018.04.12-20.05.47:872][173]LogModuleManager: Shutting down and abandoning module WindowsNoEditorTargetPlatform (75)
[2018.04.12-20.05.47:872][173]LogModuleManager: Shutting down and abandoning module WindowsClientTargetPlatform (73)
[2018.04.12-20.05.47:872][173]LogModuleManager: Shutting down and abandoning module MacTargetPlatform (71)
[2018.04.12-20.05.47:872][173]LogModuleManager: Shutting down and abandoning module MacServerTargetPlatform (69)
[2018.04.12-20.05.47:872][173]LogModuleManager: Shutting down and abandoning module MacNoEditorTargetPlatform (67)
[2018.04.12-20.05.47:872][173]LogModuleManager: Shutting down and abandoning module MacClientTargetPlatform (65)
[2018.04.12-20.05.47:872][173]LogModuleManager: Shutting down and abandoning module AllDesktopTargetPlatform (63)
[2018.04.12-20.05.47:872][173]LogModuleManager: Shutting down and abandoning module InputCore (60)
[2018.04.12-20.05.47:872][173]LogModuleManager: Shutting down and abandoning module Settings (58)
[2018.04.12-20.05.47:872][173]LogModuleManager: Shutting down and abandoning module PhysXCooking (56)
[2018.04.12-20.05.47:872][173]LogModuleManager: Shutting down and abandoning module SteamVR (54)
[2018.04.12-20.05.47:872][173]LogModuleManager: Shutting down and abandoning module OculusHMD (52)
[2018.04.12-20.05.47:872][173]LogModuleManager: Shutting down and abandoning module ExampleDeviceProfileSelector (50)
[2018.04.12-20.05.47:872][173]LogModuleManager: Shutting down and abandoning module OnlineBlueprintSupport (48)
[2018.04.12-20.05.47:872][173]LogModuleManager: Shutting down and abandoning module OnlineSubsystem (44)
[2018.04.12-20.05.47:872][173]LogOnline: Display: Unloading online subsystem: NULL
[2018.04.12-20.05.47:872][173]LogModuleManager: Shutting down and abandoning module XMPP (43)
[2018.04.12-20.05.47:872][173]LogModuleManager: Shutting down and abandoning module HTTP (41)
[2018.04.12-20.05.47:872][173]LogHttp: Display: Http module shutting down, but needs to wait on 1 outstanding Http requests:
[2018.04.12-20.05.47:872][173]LogHttp: Display: 	verb=[POST] url=[https://datarouter.ol.epicgames.com/datarouter/api/v1/public/data?SessionID=%7B16C3D575-47E8-95D3-7D3D-4398A7205968%7D&AppID=UEEditor.Rocket.Release&AppVersion=4.17.2-3658906%2B%2B%2BUE4%2BRelease-4.17&UserID=f0ff1c4046fab7ae648280b23d3dc67b%7C605c327114b04007b266258920196fd5%7C8a61c09e-5bb7-433a-9111-afc627312955&AppEnvironment=datacollector-binary&UploadType=eteventstream] status=Processing
[2018.04.12-20.05.47:890][173]LogModuleManager: Shutting down and abandoning module SSL (40)
[2018.04.12-20.05.47:891][173]LogModuleManager: Shutting down and abandoning module AnimationModifiers (36)
[2018.04.12-20.05.47:891][173]LogModuleManager: Shutting down and abandoning module PropertyEditor (35)
[2018.04.12-20.05.47:891][173]LogModuleManager: Shutting down and abandoning module AudioEditor (32)
[2018.04.12-20.05.47:891][173]LogModuleManager: Shutting down and abandoning module TextureCompressor (30)
[2018.04.12-20.05.47:891][173]LogModuleManager: Shutting down and abandoning module ShaderCore (28)
[2018.04.12-20.05.47:891][173]LogModuleManager: Shutting down and abandoning module Landscape (26)
[2018.04.12-20.05.47:891][173]LogModuleManager: Shutting down and abandoning module SlateRHIRenderer (24)
[2018.04.12-20.05.47:893][173]LogModuleManager: Shutting down and abandoning module OpenGLDrv (22)
[2018.04.12-20.05.47:893][173]LogModuleManager: Shutting down and abandoning module D3D11RHI (20)
[2018.04.12-20.05.47:893][173]LogModuleManager: Shutting down and abandoning module AnimGraphRuntime (18)
[2018.04.12-20.05.47:893][173]LogModuleManager: Shutting down and abandoning module Renderer (16)
[2018.04.12-20.05.47:893][173]LogModuleManager: Shutting down and abandoning module Engine (14)
[2018.04.12-20.05.47:893][173]LogModuleManager: Shutting down and abandoning module CoreUObject (12)
[2018.04.12-20.05.47:893][173]LogModuleManager: Shutting down and abandoning module NetworkFile (10)
[2018.04.12-20.05.47:893][173]LogModuleManager: Shutting down and abandoning module CookedIterativeFile (8)
[2018.04.12-20.05.47:893][173]LogModuleManager: Shutting down and abandoning module StreamingFile (6)
[2018.04.12-20.05.47:893][173]LogModuleManager: Shutting down and abandoning module SandboxFile (4)
[2018.04.12-20.05.47:893][173]LogModuleManager: Shutting down and abandoning module PakFile (2)
[2018.04.12-20.05.47:895][173]LogExit: Exiting.
[2018.04.12-20.05.47:904][173]Log file closed, 04/12/18 21:05:47
