Log file open, 04/12/18 21:06:45
LogWindows: Failed to load 'aqProf.dll' (GetLastError=126)
LogWindows: File 'aqProf.dll' does not exist
LogWindows: Failed to load 'VtuneApi.dll' (GetLastError=126)
LogWindows: File 'VtuneApi.dll' does not exist
LogWindows: Failed to load 'VtuneApi32e.dll' (GetLastError=126)
LogWindows: File 'VtuneApi32e.dll' does not exist
LogInit: Display: Running engine for game: MyProject9
LogPlatformFile: Not using cached read wrapper
LogInit: Display: RandInit(1018439346) SRandInit(1018439346).
LogTaskGraph: Started task graph with 5 named threads and 14 total threads with 3 sets of task threads.
LogStats: Stats thread started at 0.143220
LogD3D11RHI: Aftermath initialized
LogPluginManager: Mounting plugin Paper2D
LogPluginManager: Mounting plugin LightPropagationVolume
LogPluginManager: Mounting plugin CodeLiteSourceCodeAccess
LogPluginManager: Mounting plugin GitSourceControl
LogPluginManager: Mounting plugin KDevelopSourceCodeAccess
LogPluginManager: Mounting plugin NullSourceCodeAccess
LogPluginManager: Mounting plugin PerforceSourceControl
LogPluginManager: Mounting plugin SubversionSourceControl
LogPluginManager: Mounting plugin UObjectPlugin
LogPluginManager: Mounting plugin VisualStudioSourceCodeAccess
LogPluginManager: Mounting plugin XCodeSourceCodeAccess
LogPluginManager: Mounting plugin AssetManagerEditor
LogPluginManager: Mounting plugin AudioCapture
LogPluginManager: Mounting plugin FacialAnimation
LogPluginManager: Mounting plugin GameplayTagsEditor
LogPluginManager: Mounting plugin MobileLauncherProfileWizard
LogPluginManager: Mounting plugin PluginBrowser
LogPluginManager: Mounting plugin SpeedTreeImporter
LogPluginManager: Mounting plugin AlembicImporter
LogPluginManager: Mounting plugin CharacterAI
LogPluginManager: Mounting plugin HTML5Networking
LogPluginManager: Mounting plugin AndroidMedia
LogPluginManager: Mounting plugin AvfMedia
LogPluginManager: Mounting plugin MediaPlayerEditor
LogPluginManager: Mounting plugin WmfMedia
LogPluginManager: Mounting plugin TcpMessaging
LogPluginManager: Mounting plugin UdpMessaging
LogPluginManager: Mounting plugin ActorSequenceEditor
LogPluginManager: Mounting plugin LevelSequenceEditor
LogPluginManager: Mounting plugin MatineeToLevelSequence
LogPluginManager: Mounting plugin OnlineSubsystemGooglePlay
LogPluginManager: Mounting plugin OnlineSubsystemIOS
LogPluginManager: Mounting plugin OnlineSubsystem
LogPluginManager: Mounting plugin OnlineSubsystemNull
LogPluginManager: Mounting plugin OnlineSubsystemUtils
LogPluginManager: Mounting plugin AndroidDeviceProfileSelector
LogPluginManager: Mounting plugin AndroidMoviePlayer
LogPluginManager: Mounting plugin AndroidPermission
LogPluginManager: Mounting plugin AppleMoviePlayer
LogPluginManager: Mounting plugin ArchVisCharacter
LogPluginManager: Mounting plugin CableComponent
LogPluginManager: Mounting plugin CustomMeshComponent
LogPluginManager: Mounting plugin ExampleDeviceProfileSelector
LogPluginManager: Mounting plugin GoogleCloudMessaging
LogPluginManager: Mounting plugin ImmediatePhysics
LogPluginManager: Mounting plugin IOSDeviceProfileSelector
LogPluginManager: Mounting plugin LinuxDeviceProfileSelector
LogPluginManager: Mounting plugin LocationServicesBPLibrary
LogPluginManager: Mounting plugin MobilePatchingUtils
LogPluginManager: Mounting plugin OculusVR
LogPluginManager: Mounting plugin PhysXVehicles
LogPluginManager: Mounting plugin ProceduralMeshComponent
LogPluginManager: Mounting plugin RuntimePhysXCooking
LogPluginManager: Mounting plugin SteamVR
LogPluginManager: Mounting plugin WindowsMoviePlayer
LogInit: Using libcurl 7.47.1
LogInit:  - built for x86_64-pc-win32
LogInit:  - supports SSL with OpenSSL/1.0.2g
LogInit:  - supports HTTP deflate (compression) using libz 1.2.8
LogInit:  - other features:
LogInit:      CURL_VERSION_SSL
LogInit:      CURL_VERSION_LIBZ
LogInit:      CURL_VERSION_IPV6
LogInit:      CURL_VERSION_ASYNCHDNS
LogInit:      CURL_VERSION_LARGEFILE
LogInit:      CURL_VERSION_IDN
LogInit:  CurlRequestOptions (configurable via config and command line):
LogInit:  - bVerifyPeer = false  - Libcurl will NOT verify peer certificate
LogInit:  - bUseHttpProxy = false  - Libcurl will NOT use HTTP proxy
LogInit:  - bDontReuseConnections = false  - Libcurl will reuse connections
LogInit:  - CertBundlePath = nullptr  - Libcurl will use whatever was configured at build time.
LogInit: Build: ++UE4+Release-4.17-CL-3658906
LogInit: Engine Version: 4.17.2-3658906+++UE4+Release-4.17
LogInit: Compatible Engine Version: 4.17.0-3573198+++UE4+Release-4.17
LogInit: Net CL: 3573198
LogDevObjectVersion: Number of dev versions registered: 16
LogDevObjectVersion:   Dev-Blueprints (B0D832E4-1F89-4F0D-ACCF-7EB736FD4AA2): 10
LogDevObjectVersion:   Dev-Build (E1C64328-A22C-4D53-A36C-8E866417BD8C): 0
LogDevObjectVersion:   Dev-Core (375EC13C-06E4-48FB-B500-84F0262A717E): 2
LogDevObjectVersion:   Dev-Editor (E4B068ED-F494-42E9-A231-DA0B2E46BB41): 20
LogDevObjectVersion:   Dev-Framework (CFFC743F-43B0-4480-9391-14DF171D2073): 28
LogDevObjectVersion:   Dev-Mobile (B02B49B5-BB20-44E9-A304-32B752E40360): 0
LogDevObjectVersion:   Dev-Networking (A4E4105C-59A1-49B5-A7C5-40C4547EDFEE): 0
LogDevObjectVersion:   Dev-Online (39C831C9-5AE6-47DC-9A44-9C173E1C8E7C): 0
LogDevObjectVersion:   Dev-Physics (78F01B33-EBEA-4F98-B9B4-84EACCB95AA2): 0
LogDevObjectVersion:   Dev-Platform (6631380F-2D4D-43E0-8009-CF276956A95A): 0
LogDevObjectVersion:   Dev-Rendering (12F88B9F-8875-4AFC-A67C-D90C383ABD29): 19
LogDevObjectVersion:   Dev-Sequencer (7B5AE74C-D270-4C10-A958-57980B212A5A): 4
LogDevObjectVersion:   Dev-VR (D7296918-1DD6-4BDD-9DE2-64A83CC13884): 0
LogDevObjectVersion:   Dev-LoadTimes (C2A15278-BFE7-4AFE-6C17-90FF531DF755): 1
LogDevObjectVersion:   Private-Geometry (6EACA3D4-40EC-4CC1-B786-8BED09428FC5): 1
LogDevObjectVersion:   Dev-AnimPhys (29E575DD-E0A3-4627-9D10-D276232CDCEA): 7
LogInit: Compiled (64-bit): Sep 22 2017 13:47:16
LogInit: Compiled with Visual C++: 19.00.24215.01
LogInit: Build Configuration: Development
LogInit: Branch Name: ++UE4+Release-4.17
LogInit: Command line: -EpicPortal 
LogInit: Base directory: C:/Program Files/Epic Games/UE_4.17/Engine/Binaries/Win64/
LogInit: Installed Engine Build: 1
LogInit: Presizing for max 8388607 objects, including 0 objects not considered by GC, pre-allocating 0 bytes for permanent pool.
LogInit: Object subsystem initialized
[2018.04.12-20.06.45:698][  0]LogInit: Selected Device Profile: [Windows]
[2018.04.12-20.06.45:698][  0]LogInit: Applying CVar settings loaded from the selected device profile: [Windows]
[2018.04.12-20.06.45:721][  0]LogInit: Computer: KATALYTIC-PC
[2018.04.12-20.06.45:721][  0]LogInit: User: KATALYTIC
[2018.04.12-20.06.45:721][  0]LogInit: CPU Page size=4096, Cores=4
[2018.04.12-20.06.45:721][  0]LogInit: High frequency timer resolution =3.904003 MHz
[2018.04.12-20.06.45:721][  0]LogMemory: Memory total: Physical=15.9GB (16GB approx)
[2018.04.12-20.06.45:721][  0]LogMemory: Platform Memory Stats for Windows
[2018.04.12-20.06.45:721][  0]LogMemory: Process Physical Memory: 281.33 MB used, 281.33 MB peak
[2018.04.12-20.06.45:721][  0]LogMemory: Process Virtual Memory: 285.61 MB used, 285.61 MB peak
[2018.04.12-20.06.45:721][  0]LogMemory: Physical Memory: 9728.41 MB used,  6598.43 MB free, 16326.85 MB total
[2018.04.12-20.06.45:721][  0]LogMemory: Virtual Memory: 665.18 MB used,  6598.43 MB free, 8388608.00 MB total
[2018.04.12-20.06.45:811][  0]LogInit: Using OS detected language (en-GB).
[2018.04.12-20.06.45:811][  0]LogInit: Using OS detected locale (en-GB).
[2018.04.12-20.06.45:812][  0]LogTextLocalizationManager: No specific localization for 'en-GB' exists, so the 'en' localization will be used.
[2018.04.12-20.06.46:304][  0]LogD3D11RHI: D3D11 adapters:
[2018.04.12-20.06.46:338][  0]LogD3D11RHI:    0. 'NVIDIA GeForce GTX 960' (Feature Level 11_0)
[2018.04.12-20.06.46:338][  0]LogD3D11RHI:       1969/0/7907 MB DedicatedVideo/DedicatedSystem/SharedSystem, Outputs:2, VendorId:0x10de
[2018.04.12-20.06.46:338][  0]LogD3D11RHI: Chosen D3D11 Adapter: 0
[2018.04.12-20.06.46:344][  0]LogD3D11RHI: Creating new Direct3DDevice
[2018.04.12-20.06.46:344][  0]LogD3D11RHI:     GPU DeviceId: 0x1401 (for the marketing name, search the web for "GPU Device Id")
[2018.04.12-20.06.46:344][  0]LogWindows: EnumDisplayDevices:
[2018.04.12-20.06.46:344][  0]LogWindows:    0. 'NVIDIA GeForce GTX 960' (P:1 D:1)
[2018.04.12-20.06.46:344][  0]LogWindows:    1. 'NVIDIA GeForce GTX 960' (P:0 D:1)
[2018.04.12-20.06.46:344][  0]LogWindows:    2. 'NVIDIA GeForce GTX 960' (P:0 D:0)
[2018.04.12-20.06.46:344][  0]LogWindows:    3. 'NVIDIA GeForce GTX 960' (P:0 D:0)
[2018.04.12-20.06.46:344][  0]LogWindows:    4. 'RDPDD Chained DD' (P:0 D:0)
[2018.04.12-20.06.46:344][  0]LogWindows:    5. 'RDP Encoder Mirror Driver' (P:0 D:0)
[2018.04.12-20.06.46:344][  0]LogWindows:    6. 'RDP Reflector Display Driver' (P:0 D:0)
[2018.04.12-20.06.46:344][  0]LogWindows: DebugString: GetVideoDriverDetailsInvalid PrimaryIsNotTheChoosenAdapter GetVideoDriverDetailsInvalid PrimaryIsNotTheChoosenAdapter GetVideoDriverDetailsInvalid PrimaryIsNotTheChoosenAdapter FoundDriverCount:4 
[2018.04.12-20.06.46:344][  0]LogD3D11RHI:     Adapter Name: NVIDIA GeForce GTX 960
[2018.04.12-20.06.46:344][  0]LogD3D11RHI:   Driver Version: 388.59 (internal:23.21.13.8859, unified:388.59)
[2018.04.12-20.06.46:344][  0]LogD3D11RHI:      Driver Date: 12-5-2017
[2018.04.12-20.06.46:344][  0]LogRHI: Texture pool is 1361 MB (70% of 1945 MB)
[2018.04.12-20.06.46:354][  0]LogD3D11RHI: Async texture creation enabled
[2018.04.12-20.06.46:370][  0]LogD3D11RHI: GPU Timing Frequency: 1000.000000 (Debug: 2 2)
[2018.04.12-20.06.46:371][  0]LogShaderCompilers: Guid format shader working directory is -11 characters bigger than the processId version (D:/University/Year 2/Digital Scripting/LabyrinthGame - Alpha2/Intermediate/Shaders/WorkingDirectory/6840/).
[2018.04.12-20.06.46:371][  0]LogShaderCompilers: Cleaned the shader compiler working directory 'C:/Users/KATALYTIC/AppData/Local/Temp/UnrealShaderWorkingDir/45D011B74747F64140EBDA87AC20C1E4/'.
[2018.04.12-20.06.46:371][  0]LogShaderCompilers: Display: Using Local Shader Compiler.
[2018.04.12-20.06.47:021][  0]LogTemp: Display: Loaded TP AllDesktopTargetPlatform
[2018.04.12-20.06.47:051][  0]LogTemp: Display: Loaded TP MacClientTargetPlatform
[2018.04.12-20.06.47:081][  0]LogTemp: Display: Loaded TP MacNoEditorTargetPlatform
[2018.04.12-20.06.47:111][  0]LogTemp: Display: Loaded TP MacServerTargetPlatform
[2018.04.12-20.06.47:142][  0]LogTemp: Display: Loaded TP MacTargetPlatform
[2018.04.12-20.06.47:172][  0]LogTemp: Display: Loaded TP WindowsClientTargetPlatform
[2018.04.12-20.06.47:202][  0]LogTemp: Display: Loaded TP WindowsNoEditorTargetPlatform
[2018.04.12-20.06.47:232][  0]LogTemp: Display: Loaded TP WindowsServerTargetPlatform
[2018.04.12-20.06.47:256][  0]LogTemp: Display: Loaded TP WindowsTargetPlatform
[2018.04.12-20.06.47:285][  0]LogTemp: Display: Loaded TP AndroidTargetPlatform
[2018.04.12-20.06.47:315][  0]LogTemp: Display: Loaded TP Android_ASTCTargetPlatform
[2018.04.12-20.06.47:343][  0]LogTemp: Display: Loaded TP Android_ATCTargetPlatform
[2018.04.12-20.06.47:372][  0]LogTemp: Display: Loaded TP Android_DXTTargetPlatform
[2018.04.12-20.06.47:401][  0]LogTemp: Display: Loaded TP Android_ETC1TargetPlatform
[2018.04.12-20.06.47:429][  0]LogTemp: Display: Loaded TP Android_ETC2TargetPlatform
[2018.04.12-20.06.47:490][  0]LogTemp: Display: Loaded TP Android_MultiTargetPlatform
[2018.04.12-20.06.47:490][  0]LogTemp: Display: Loaded TP Android_PVRTCTargetPlatform
[2018.04.12-20.06.47:512][  0]LogTemp: Display: Loaded TP HTML5TargetPlatform
[2018.04.12-20.06.47:575][  0]LogTemp: Display: Loaded TP IOSTargetPlatform
[2018.04.12-20.06.47:594][  0]LogTemp: Display: Loaded TP TVOSTargetPlatform
[2018.04.12-20.06.47:625][  0]LogTemp: Display: Loaded TP LinuxClientTargetPlatform
[2018.04.12-20.06.47:678][  0]LogTemp: Display: Loaded TP LinuxNoEditorTargetPlatform
[2018.04.12-20.06.47:710][  0]LogTemp: Display: Loaded TP LinuxServerTargetPlatform
[2018.04.12-20.06.47:741][  0]LogTemp: Display: Loaded TP LinuxTargetPlatform
[2018.04.12-20.06.47:741][  0]LogTargetPlatformManager: Display: Building Assets For Windows
[2018.04.12-20.06.48:020][  0]LogDerivedDataCache: Display: Max Cache Size: 512 MB
[2018.04.12-20.06.48:101][  0]LogDerivedDataCache: Loaded boot cache 0.08s 93MB C:/Users/KATALYTIC/AppData/Local/UnrealEngine/4.17/DerivedDataCache/Boot.ddc.
[2018.04.12-20.06.48:102][  0]LogDerivedDataCache: Display: Loaded Boot cache: C:/Users/KATALYTIC/AppData/Local/UnrealEngine/4.17/DerivedDataCache/Boot.ddc
[2018.04.12-20.06.48:102][  0]LogDerivedDataCache: FDerivedDataBackendGraph:  Pak pak cache file D:/University/Year 2/Digital Scripting/LabyrinthGame - Alpha2/DerivedDataCache/DDC.ddp not found, will not use a pak cache.
[2018.04.12-20.06.48:102][  0]LogDerivedDataCache: Unable to find inner node Pak for hierarchical cache Hierarchy.
[2018.04.12-20.06.48:102][  0]LogDerivedDataCache: FDerivedDataBackendGraph:  CompressedPak pak cache file D:/University/Year 2/Digital Scripting/LabyrinthGame - Alpha2/DerivedDataCache/Compressed.ddp not found, will not use a pak cache.
[2018.04.12-20.06.48:102][  0]LogDerivedDataCache: Unable to find inner node CompressedPak for hierarchical cache Hierarchy.
[2018.04.12-20.06.48:117][  0]LogDerivedDataCache: Display: Pak cache opened for reading ../../../Engine/DerivedDataCache/Compressed.ddp.
[2018.04.12-20.06.48:127][  0]LogDerivedDataCache: Using Local data cache path C:/Users/KATALYTIC/AppData/Local/UnrealEngine/Common/DerivedDataCache: Writable
[2018.04.12-20.06.48:135][  0]LogMaterial: Verifying Global Shaders for PCD3D_SM5
[2018.04.12-20.06.48:136][  0]LogSlate: Using Freetype 2.6.0
[2018.04.12-20.06.48:136][  0]LogSlate: SlateFontCache - WITH_FREETYPE: 1, WITH_HARFBUZZ: 1
[2018.04.12-20.06.48:136][  0]LogSlate: SlateFontCache - WITH_FREETYPE: 1, WITH_HARFBUZZ: 1
[2018.04.12-20.06.48:336][  0]LogAssetRegistry: FAssetRegistry took 0.0231 seconds to start up
[2018.04.12-20.06.48:461][  0]LogInit: Selected Device Profile: [Windows]
[2018.04.12-20.06.48:464][  0]LogContentStreaming: Texture pool size is 0.00 MB
[2018.04.12-20.06.48:707][  0]LogSimplygon: Simplygon DLL not present - disabling.
[2018.04.12-20.06.48:729][  0]LogMeshReduction: Using SimplygonSwarm for distributed automatic mesh merging
[2018.04.12-20.06.48:729][  0]LogMeshReduction: Using QuadricMeshReduction for automatic static mesh reduction
[2018.04.12-20.06.48:729][  0]LogMeshReduction: No automatic skeletal mesh reduction module available
[2018.04.12-20.06.48:729][  0]LogMeshReduction: No automatic mesh merging module available
[2018.04.12-20.06.48:729][  0]LogMeshMerging: No automatic mesh merging module available
[2018.04.12-20.06.49:001][  0]LogNetVersion: MyProject9 , NetCL: 3573198, EngineNetVer: 2, GameNetVer: 0 (Checksum: 1926956936)
[2018.04.12-20.06.49:181][  0]LogPackageLocalizationCache: Processed 5 localized package path(s) for 2 prioritized culture(s) in 0.068985 seconds
[2018.04.12-20.06.49:186][  0]LogUObjectArray: 35825 objects as part of root set at end of initial load.
[2018.04.12-20.06.49:186][  0]LogUObjectAllocator: 7529104 out of 0 bytes used by permanent object pool.
[2018.04.12-20.06.49:186][  0]LogUObjectArray: CloseDisregardForGC: 0/0 objects in disregard for GC pool
[2018.04.12-20.06.49:216][  0]LogInit: WinSock: version 1.1 (2.2), MaxSocks=32767, MaxUdp=65467
[2018.04.12-20.06.50:801][  0]LogTcpMessaging: Initializing TcpMessaging bridge
[2018.04.12-20.06.50:825][  0]LogUdpMessaging: Initializing bridge on interface 0.0.0.0:0 to multicast group 230.0.0.1:6666.
[2018.04.12-20.06.51:198][  0]LogMaterial: Uniform references updated for custom material expression Custom.
[2018.04.12-20.06.51:441][  0]SourceControl: Source control is disabled
[2018.04.12-20.06.51:441][  0]SourceControl: Source control is disabled
[2018.04.12-20.06.51:466][  0]SourceControl: Source control is disabled
[2018.04.12-20.06.51:489][  0]SourceControl: Source control is disabled
[2018.04.12-20.06.51:795][  0]LogAndroidPermission: UAndroidPermissionCallbackProxy::GetInstance
[2018.04.12-20.06.51:923][  0]LogOcInput: OculusInput pre-init called
[2018.04.12-20.06.52:071][  0]LogEngine: Initializing Engine...
[2018.04.12-20.06.52:073][  0]LogHMD: Failed to initialize OpenVR with code 110
[2018.04.12-20.06.52:260][  0]LogStats: UGameplayTagsManager::ConstructGameplayTagTree: Construct from data asset -  0.000 s
[2018.04.12-20.06.52:260][  0]LogStats: UGameplayTagsManager::ConstructGameplayTagTree: GameplayTagTreeChangedEvent.Broadcast -  0.000 s
[2018.04.12-20.06.52:331][  0]LogAIModule: Creating AISystem for world Untitled
[2018.04.12-20.06.52:340][  0]LogInit: XAudio2 using 'Headset Earphone (3- ASTRO MixAmp Pro           )' : 2 channels at 48 kHz using 16 bits per sample (channel mask 0x3)
[2018.04.12-20.06.52:374][  0]LogInit: FAudioDevice initialized.
[2018.04.12-20.06.52:738][  0]LogDerivedDataCache: Saved boot cache 0.36s 93MB C:/Users/KATALYTIC/AppData/Local/UnrealEngine/4.17/DerivedDataCache/Boot.ddc.
[2018.04.12-20.06.52:742][  0]LogInit: Texture streaming: Enabled
[2018.04.12-20.06.52:802][  0]LogEngineSessionManager: EngineSessionManager initialized
[2018.04.12-20.06.52:921][  0]LogInit: Transaction tracking system initialized
[2018.04.12-20.06.53:092][  0]BlueprintLog: New page: Editor Load
[2018.04.12-20.06.53:586][  0]LocalizationService: Localization service is disabled
[2018.04.12-20.06.53:989][  0]LogConsoleResponse: Display: 
[2018.04.12-20.06.54:119][  0]LogCook: Display: Max memory allowance for cook 16384mb min free memory 0mb
[2018.04.12-20.06.54:119][  0]LogCook: Display: Mobile HDR setting 1
[2018.04.12-20.06.54:119][  0]LogGameplayTags: Display: UGameplayTagsManager::DoneAddingNativeTags. DelegateIsBound: 0
[2018.04.12-20.06.54:766][  0]LogFileCache: Scanning file cache for directory 'D:/University/Year 2/Digital Scripting/LabyrinthGame - Alpha2/Content/' took 0.01s
[2018.04.12-20.06.54:766][  0]SourceControl: Source control is disabled
[2018.04.12-20.06.54:766][  0]Cmd: MAP LOAD FILE="D:/University/Year 2/Digital Scripting/LabyrinthGame - Alpha2/Content/Levels/PlatformTest.umap" TEMPLATE=0 SHOWPROGRESS=1 FEATURELEVEL=3
[2018.04.12-20.06.54:767][  0]LightingResults: New page: Lighting Build
[2018.04.12-20.06.54:793][  0]MapCheck: New page: Map Check
[2018.04.12-20.06.54:793][  0]LightingResults: New page: Lighting Build
[2018.04.12-20.06.55:349][  0]LogAIModule: Creating AISystem for world PlatformTest
[2018.04.12-20.06.55:356][  0]LogEditorServer: Finished looking for orphan Actors (0.000 secs)
[2018.04.12-20.06.55:367][  0]Cmd: MAP CHECKDEP NOCLEARLOG
[2018.04.12-20.06.55:404][  0]MapCheck: Map check complete: 0 Error(s), 0 Warning(s), took 36.912ms to complete.
[2018.04.12-20.06.55:404][  0]LogFileHelpers: Loading map 'PlatformTest' took 0.639
[2018.04.12-20.06.55:573][  0]LogCollectionManager: Loaded 0 collections in 0.000877 seconds
[2018.04.12-20.06.55:632][  0]LogFileCache: Scanning file cache for directory 'D:/University/Year 2/Digital Scripting/LabyrinthGame - Alpha2/Saved/Collections/' took 0.01s
[2018.04.12-20.06.55:632][  0]LogFileCache: Scanning file cache for directory 'D:/University/Year 2/Digital Scripting/LabyrinthGame - Alpha2/Content/Developers/KATALYTIC/Collections/' took 0.01s
[2018.04.12-20.06.55:632][  0]LogFileCache: Scanning file cache for directory 'D:/University/Year 2/Digital Scripting/LabyrinthGame - Alpha2/Content/Collections/' took 0.01s
[2018.04.12-20.06.55:632][  0]LogCollectionManager: Rebuilt the GUID cache for 0 collections in 0.000001 seconds
[2018.04.12-20.06.55:639][  0]LogContentBrowser: Native class hierarchy populated in 0.0069 seconds. Added 2389 classes and 502 folders.
[2018.04.12-20.06.55:676][  0]LogContentBrowser: Native class hierarchy updated for 'WidgetCarousel' in 0.0005 seconds. Added 0 classes and 0 folders.
[2018.04.12-20.06.56:700][  0]LogContentBrowser: Native class hierarchy updated for 'AddContentDialog' in 0.0006 seconds. Added 0 classes and 0 folders.
[2018.04.12-20.06.56:726][  0]LogContentBrowser: Native class hierarchy updated for 'SceneOutliner' in 0.0005 seconds. Added 1 classes and 2 folders.
[2018.04.12-20.06.56:746][  0]LogSlate: Took 0.000103 seconds to synchronously load lazily loaded font '../../../Engine/Content/Slate/Fonts/Roboto-Regular.ttf' (155K)
[2018.04.12-20.06.56:747][  0]LogSlate: Took 0.000143 seconds to synchronously load lazily loaded font '../../../Engine/Content/Slate/Fonts/Roboto-Bold.ttf' (160K)
[2018.04.12-20.06.56:789][  0]LogSlate: Took 0.038291 seconds to synchronously load lazily loaded font '../../../Engine/Content/Editor/Slate/Fonts/FontAwesome.ttf' (139K)
[2018.04.12-20.06.57:041][  0]LogRenderer: Reallocating scene render targets to support 1208x580 Format 10 NumSamples 1 (Frame:1).
[2018.04.12-20.06.57:214][  0]LogContentBrowser: Native class hierarchy updated for 'HierarchicalLODOutliner' in 0.0006 seconds. Added 1 classes and 2 folders.
[2018.04.12-20.06.57:214][  0]LogLoad: (Engine Initialization) Total time: 12.74 seconds
[2018.04.12-20.06.57:214][  0]LogLoad: (Engine Initialization) Total Blueprint compile time: 0.00 seconds
[2018.04.12-20.06.57:215][  0]LogExternalProfiler: Found external profiler: VSPerf
[2018.04.12-20.06.57:215][  0]LogExternalProfiler: Using external profiler: VSPerf
[2018.04.12-20.06.57:239][  0]LogAssetRegistry: Asset discovery search completed in 8.9240 seconds
[2018.04.12-20.06.57:241][  0]LogCollectionManager: Rebuilt the object cache for 0 collections in 0.000001 seconds (found 0 objects)
[2018.04.12-20.06.57:241][  0]LogCollectionManager: Fixed up redirectors for 0 collections in 0.000040 seconds (updated 0 objects)
[2018.04.12-20.06.57:244][  0]LogContentStreaming: Texture pool size now 1000 MB
[2018.04.12-20.06.57:375][  0]LogSlate: Took 0.034089 seconds to synchronously load lazily loaded font '../../../Engine/Content/Slate/Fonts/Roboto-Light.ttf' (159K)
[2018.04.12-20.06.58:338][ 46]LogSlate: Took 0.000177 seconds to synchronously load lazily loaded font '../../../Engine/Content/Slate/Fonts/Roboto-Light.ttf' (159K)
[2018.04.12-20.06.59:389][142]LogEditorViewport: Clicking on Actor (LMB): gateButton1_C (gateButton)
[2018.04.12-20.07.02:110][410]LogSlate: Took 0.000142 seconds to synchronously load lazily loaded font '../../../Engine/Content/Slate/Fonts/Roboto-Light.ttf' (159K)
[2018.04.12-20.07.05:754][410]LogContentBrowser: Native class hierarchy updated for 'BlueprintGraph' in 0.0010 seconds. Added 113 classes and 0 folders.
[2018.04.12-20.07.06:318][410]LogSlate: Took 0.000084 seconds to synchronously load lazily loaded font '../../../Engine/Content/Slate/Fonts/Roboto-Regular.ttf' (155K)
[2018.04.12-20.07.06:400][410]LogSlate: Took 0.023967 seconds to synchronously load lazily loaded font '../../../Engine/Content/Editor/Slate/Fonts/Roboto-BoldCondensed.ttf' (158K)
[2018.04.12-20.07.11:431][816]LogSlate: Took 0.020586 seconds to synchronously load lazily loaded font '../../../Engine/Content/Editor/Slate/Fonts/Roboto-Italic.ttf' (157K)
[2018.04.12-20.07.12:136][866]LogRenderer: Reallocating scene render targets to support 1208x720 Format 10 NumSamples 1 (Frame:1).
[2018.04.12-20.07.29:064][ 86]Cmd: OBJ SAVEPACKAGE PACKAGE="/Game/Blueprints/gateButton1" FILE="D:/University/Year 2/Digital Scripting/LabyrinthGame - Alpha2/Content/Blueprints/gateButton1.uasset" SILENT=true
[2018.04.12-20.07.29:088][ 86]LogSavePackage: Save=17.79ms
[2018.04.12-20.07.29:088][ 86]LogSavePackage: Moving 'D:/University/Year 2/Digital Scripting/LabyrinthGame - Alpha2/Saved/gateButton18F9CF83442EB41C86E50FFABB52CC5AF.tmp' to 'D:/University/Year 2/Digital Scripting/LabyrinthGame - Alpha2/Content/Blueprints/gateButton1.uasset'
[2018.04.12-20.07.29:091][ 86]LogSavePackage: Display: Finished SavePackage D:/University/Year 2/Digital Scripting/LabyrinthGame - Alpha2/Content/Blueprints/gateButton1.uasset
[2018.04.12-20.07.42:516][316]LogEditorViewport: Clicking on Actor (LMB): turntableButton_C (turntableButton)
[2018.04.12-20.08.17:834][503]LogTemp: Repeating last play command: Selected Viewport
[2018.04.12-20.08.17:999][503]LogBlueprintUserMessages: Early PlayInEditor Detection: Level '/Game/Levels/PlatformTest.PlatformTest:PersistentLevel' has LevelScriptBlueprint '/Game/Levels/PlatformTest.PlatformTest:PersistentLevel.PlatformTest' with GeneratedClass '/Game/Levels/PlatformTest.PlatformTest_C' with ClassGeneratedBy '/Game/Levels/PlatformTest.PlatformTest:PersistentLevel.PlatformTest'
[2018.04.12-20.08.17:999][503]LogPlayLevel: PlayLevel: No blueprints needed recompiling
[2018.04.12-20.08.17:999][503]PIE: New page: PIE session: PlatformTest (12 Apr 2018 22:08:17)
[2018.04.12-20.08.17:999][503]LogPlayLevel: Creating play world package: /Game/Levels/UEDPIE_0_PlatformTest
[2018.04.12-20.08.18:002][503]LogPlayLevel: PIE: StaticDuplicateObject took: (0.002673s)
[2018.04.12-20.08.18:003][503]LogAIModule: Creating AISystem for world PlatformTest
[2018.04.12-20.08.18:003][503]LogPlayLevel: PIE: World Init took: (0.000573s)
[2018.04.12-20.08.18:003][503]LogPlayLevel: PIE: Created PIE world by copying editor world from /Game/Levels/PlatformTest.PlatformTest to /Game/Levels/UEDPIE_0_PlatformTest.PlatformTest (0.003461s)
[2018.04.12-20.08.18:021][503]LogInit: XAudio2 using 'Headset Earphone (3- ASTRO MixAmp Pro           )' : 2 channels at 48 kHz using 16 bits per sample (channel mask 0x3)
[2018.04.12-20.08.18:026][503]LogInit: FAudioDevice initialized.
[2018.04.12-20.08.18:067][503]LogLoad: Game class is 'MyGameMode_C'
[2018.04.12-20.08.18:069][503]LogWorld: Bringing World /Game/Levels/UEDPIE_0_PlatformTest.PlatformTest up for play (max tick rate 0) at 2018.04.12-21.08.18
[2018.04.12-20.08.18:069][503]LogWorld: Bringing up level for play took: 0.001328
[2018.04.12-20.08.19:250][503]LogContentBrowser: Native class hierarchy updated for 'MovieSceneCapture' in 0.0006 seconds. Added 11 classes and 0 folders.
[2018.04.12-20.08.19:251][503]PIE: Play in editor start time for /Game/Levels/UEDPIE_0_PlatformTest 0.611
[2018.04.12-20.08.19:251][503]LogBlueprintUserMessages: Late PlayInEditor Detection: Level '/Game/Levels/PlatformTest.PlatformTest:PersistentLevel' has LevelScriptBlueprint '/Game/Levels/PlatformTest.PlatformTest:PersistentLevel.PlatformTest' with GeneratedClass '/Game/Levels/PlatformTest.PlatformTest_C' with ClassGeneratedBy '/Game/Levels/PlatformTest.PlatformTest:PersistentLevel.PlatformTest'
[2018.04.12-20.08.40:722][ 70]LogBlueprintUserMessages: Early EndPlayMap Detection: Level '/Game/Levels/PlatformTest.PlatformTest:PersistentLevel' has LevelScriptBlueprint '/Game/Levels/PlatformTest.PlatformTest:PersistentLevel.PlatformTest' with GeneratedClass '/Game/Levels/PlatformTest.PlatformTest_C' with ClassGeneratedBy '/Game/Levels/PlatformTest.PlatformTest:PersistentLevel.PlatformTest'
[2018.04.12-20.08.40:761][ 70]LogBlueprintUserMessages: Late EndPlayMap Detection: Level '/Game/Levels/PlatformTest.PlatformTest:PersistentLevel' has LevelScriptBlueprint '/Game/Levels/PlatformTest.PlatformTest:PersistentLevel.PlatformTest' with GeneratedClass '/Game/Levels/PlatformTest.PlatformTest_C' with ClassGeneratedBy '/Game/Levels/PlatformTest.PlatformTest:PersistentLevel.PlatformTest'
[2018.04.12-20.08.58:487][320]Cmd: OBJ SAVEPACKAGE PACKAGE="/Game/Blueprints/gateButton2" FILE="D:/University/Year 2/Digital Scripting/LabyrinthGame - Alpha2/Content/Blueprints/gateButton2.uasset" SILENT=true
[2018.04.12-20.08.58:575][320]LogSavePackage: Save=85.06ms
[2018.04.12-20.08.58:575][320]LogSavePackage: Moving 'D:/University/Year 2/Digital Scripting/LabyrinthGame - Alpha2/Saved/gateButton281F2B3664BFB0F58F7A5FA9991AD5C21.tmp' to 'D:/University/Year 2/Digital Scripting/LabyrinthGame - Alpha2/Content/Blueprints/gateButton2.uasset'
[2018.04.12-20.08.58:578][320]LogSavePackage: Display: Finished SavePackage D:/University/Year 2/Digital Scripting/LabyrinthGame - Alpha2/Content/Blueprints/gateButton2.uasset
[2018.04.12-20.08.58:594][320]Cmd: OBJ SAVEPACKAGE PACKAGE="/Game/Blueprints/gateButton3" FILE="D:/University/Year 2/Digital Scripting/LabyrinthGame - Alpha2/Content/Blueprints/gateButton3.uasset" SILENT=true
[2018.04.12-20.08.58:613][320]LogSavePackage: Save=17.71ms
[2018.04.12-20.08.58:613][320]LogSavePackage: Moving 'D:/University/Year 2/Digital Scripting/LabyrinthGame - Alpha2/Saved/gateButton3863FD1CB47D7894A3CB96695A862B738.tmp' to 'D:/University/Year 2/Digital Scripting/LabyrinthGame - Alpha2/Content/Blueprints/gateButton3.uasset'
[2018.04.12-20.08.58:616][320]LogSavePackage: Display: Finished SavePackage D:/University/Year 2/Digital Scripting/LabyrinthGame - Alpha2/Content/Blueprints/gateButton3.uasset
[2018.04.12-20.08.58:888][320]Cmd: OBJ SAVEPACKAGE PACKAGE="/Game/Levels/PlatformTest" FILE="D:/University/Year 2/Digital Scripting/LabyrinthGame - Alpha2/Content/Levels/PlatformTest.umap" SILENT=true AUTOSAVING=false KEEPDIRTY=false
[2018.04.12-20.08.59:013][320]LogSavePackage: Save=99.60ms
[2018.04.12-20.08.59:013][320]LogSavePackage: Moving 'D:/University/Year 2/Digital Scripting/LabyrinthGame - Alpha2/Saved/PlatformTestFC9AAD0D412A955858543F98C8ADDED2.tmp' to 'D:/University/Year 2/Digital Scripting/LabyrinthGame - Alpha2/Content/Levels/PlatformTest.umap'
[2018.04.12-20.08.59:016][320]LogSavePackage: Display: Finished SavePackage D:/University/Year 2/Digital Scripting/LabyrinthGame - Alpha2/Content/Levels/PlatformTest.umap
[2018.04.12-20.08.59:036][320]LogFileHelpers: Saving map 'PlatformTest' took 0.402
[2018.04.12-20.24.27:955][233]LogEditorViewport: Clicking on Actor (LMB): gateButton1_C (gateButton)
[2018.04.12-20.24.33:667][881]LogEditorViewport: Clicking on Actor (LMB): gateButton2_C (gateButton2)
[2018.04.12-20.24.51:494][920]LogEditorViewport: Clicking on Actor (LMB): gateButton1_C (gateButton)
[2018.04.12-20.25.04:099][215]LogEditorViewport: Clicking on Actor (LMB): gateButton1_C (gateButton1)
[2018.04.12-20.25.06:834][531]LogEditorViewport: Clicking on Actor (LMB): gateButton1_C (gateButton)
[2018.04.12-20.25.07:601][619]Cmd: DELETE
[2018.04.12-20.25.07:601][619]Cmd: ACTOR DELETE
[2018.04.12-20.25.07:601][619]LogEditorActor: Deleted Actor: gateButton1_C
[2018.04.12-20.25.07:619][619]LogEditorActor: Deleted 1 Actors (0.019 secs)
[2018.04.12-20.25.09:285][817]LogEditorViewport: Clicking on Actor (LMB): gateButton2_C (gateButton2)
[2018.04.12-20.25.11:836][109]LogEditorViewport: Clicking on Actor (LMB): gateButton2_C (gateButton3)
[2018.04.12-20.25.12:603][197]Cmd: DELETE
[2018.04.12-20.25.12:603][197]Cmd: ACTOR DELETE
[2018.04.12-20.25.12:604][197]LogEditorActor: Deleted Actor: gateButton2_C
[2018.04.12-20.25.12:618][197]LogEditorActor: Deleted 1 Actors (0.014 secs)
[2018.04.12-20.25.14:444][414]LogEditorViewport: Clicking on Actor (LMB): gateButton1_C (gateButton1)
[2018.04.12-20.26.08:060][585]BlueprintLog: New page: Compile gateButton1
[2018.04.12-20.26.22:123][810]BlueprintLog: New page: Compile gateButton2
[2018.04.12-20.26.22:909][849]Cmd: OBJ SAVEPACKAGE PACKAGE="/Game/Blueprints/gateButton2" FILE="D:/University/Year 2/Digital Scripting/LabyrinthGame - Alpha2/Content/Blueprints/gateButton2.uasset" SILENT=true
[2018.04.12-20.26.23:328][849]LogSavePackage: Save=327.51ms
[2018.04.12-20.26.23:328][849]LogSavePackage: Moving 'D:/University/Year 2/Digital Scripting/LabyrinthGame - Alpha2/Saved/gateButton202A4FC8E46FECFD7272B91A40107A0E2.tmp' to 'D:/University/Year 2/Digital Scripting/LabyrinthGame - Alpha2/Content/Blueprints/gateButton2.uasset'
[2018.04.12-20.26.23:331][849]LogSavePackage: Display: Finished SavePackage D:/University/Year 2/Digital Scripting/LabyrinthGame - Alpha2/Content/Blueprints/gateButton2.uasset
[2018.04.12-20.26.24:373][933]Cmd: OBJ SAVEPACKAGE PACKAGE="/Game/Blueprints/gateButton1" FILE="D:/University/Year 2/Digital Scripting/LabyrinthGame - Alpha2/Content/Blueprints/gateButton1.uasset" SILENT=true
[2018.04.12-20.26.24:636][933]LogSavePackage: Save=18.30ms
[2018.04.12-20.26.24:636][933]LogSavePackage: Moving 'D:/University/Year 2/Digital Scripting/LabyrinthGame - Alpha2/Saved/gateButton1EE4EF0584FD7B49F5A6F55A2AF5DDE14.tmp' to 'D:/University/Year 2/Digital Scripting/LabyrinthGame - Alpha2/Content/Blueprints/gateButton1.uasset'
[2018.04.12-20.26.24:639][933]LogSavePackage: Display: Finished SavePackage D:/University/Year 2/Digital Scripting/LabyrinthGame - Alpha2/Content/Blueprints/gateButton1.uasset
[2018.04.12-20.26.40:414][272]BlueprintLog: New page: Compile gateButton3
[2018.04.12-20.26.41:025][302]Cmd: OBJ SAVEPACKAGE PACKAGE="/Game/Blueprints/gateButton3" FILE="D:/University/Year 2/Digital Scripting/LabyrinthGame - Alpha2/Content/Blueprints/gateButton3.uasset" SILENT=true
[2018.04.12-20.26.41:110][302]LogSavePackage: Save=79.15ms
[2018.04.12-20.26.41:110][302]LogSavePackage: Moving 'D:/University/Year 2/Digital Scripting/LabyrinthGame - Alpha2/Saved/gateButton3E5399F71413ADA45C4C67AA23DC67CE2.tmp' to 'D:/University/Year 2/Digital Scripting/LabyrinthGame - Alpha2/Content/Blueprints/gateButton3.uasset'
[2018.04.12-20.26.41:113][302]LogSavePackage: Display: Finished SavePackage D:/University/Year 2/Digital Scripting/LabyrinthGame - Alpha2/Content/Blueprints/gateButton3.uasset
[2018.04.12-20.30.40:145][489]LogEditorTransaction: Undo Move Node
[2018.04.12-20.30.40:431][503]LogEditorTransaction: Undo Move Node
[2018.04.12-20.30.42:340][687]LogEditorTransaction: Undo Move Node
[2018.04.12-20.30.42:940][744]LogEditorTransaction: Undo Add Node
[2018.04.12-20.31.15:164][365]LogEditorTransaction: Undo Promote To Variable
[2018.04.12-20.33.19:694][374]LogSavePackage: Save=83.35ms
[2018.04.12-20.33.19:694][374]LogSavePackage: Moving 'D:/University/Year 2/Digital Scripting/LabyrinthGame - Alpha2/Saved/PlatformTest_Auto1492C8B464B5616275426E49E7C9EE740.tmp' to 'D:/University/Year 2/Digital Scripting/LabyrinthGame - Alpha2/Saved/Autosaves/Game/Levels/PlatformTest_Auto1.umap'
[2018.04.12-20.33.19:695][374]LogSavePackage: Display: Finished SavePackage D:/University/Year 2/Digital Scripting/LabyrinthGame - Alpha2/Saved/Autosaves/Game/Levels/PlatformTest_Auto1.umap
[2018.04.12-20.33.19:696][374]LogFileHelpers: Editor autosave (incl. sublevels) for '/Game/Levels/PlatformTest' took 0.131
[2018.04.12-20.33.19:696][374]LogFileHelpers: Editor autosave (incl. sublevels) for all levels took 0.131
[2018.04.12-20.33.19:703][374]OBJ SavePackage: Generating thumbnails for [1] asset(s) in package [/Game/Blueprints/Gate] ([1] browsable assets)...
[2018.04.12-20.33.19:715][374]OBJ SavePackage:     Rendered thumbnail for [Blueprint /Game/Blueprints/Gate.Gate]
[2018.04.12-20.33.19:715][374]OBJ SavePackage: Finished generating thumbnails for package [/Game/Blueprints/Gate]
[2018.04.12-20.33.19:715][374]Cmd: OBJ SAVEPACKAGE PACKAGE="/Game/Blueprints/Gate" FILE="D:/University/Year 2/Digital Scripting/LabyrinthGame - Alpha2/Saved/Autosaves/Game/Blueprints/Gate_Auto1.uasset" SILENT=false AUTOSAVING=true
[2018.04.12-20.33.20:062][374]LogSavePackage: Save=42.71ms
[2018.04.12-20.33.20:062][374]LogSavePackage: Moving 'D:/University/Year 2/Digital Scripting/LabyrinthGame - Alpha2/Saved/Gate_Auto1E0A200ED444FD3898046C7A605B492D1.tmp' to 'D:/University/Year 2/Digital Scripting/LabyrinthGame - Alpha2/Saved/Autosaves/Game/Blueprints/Gate_Auto1.uasset'
[2018.04.12-20.33.20:063][374]LogSavePackage: Display: Finished SavePackage D:/University/Year 2/Digital Scripting/LabyrinthGame - Alpha2/Saved/Autosaves/Game/Blueprints/Gate_Auto1.uasset
[2018.04.12-20.33.20:063][374]OBJ SavePackage: Generating thumbnails for [0] asset(s) in package [/Game/Blueprints/gateButton1] ([1] browsable assets)...
[2018.04.12-20.33.20:063][374]OBJ SavePackage: Finished generating thumbnails for package [/Game/Blueprints/gateButton1]
[2018.04.12-20.33.20:079][374]LogSavePackage: Save=10.60ms
[2018.04.12-20.33.20:079][374]LogSavePackage: Moving 'D:/University/Year 2/Digital Scripting/LabyrinthGame - Alpha2/Saved/gateButton1_Auto1DBD3879F49CADEA7FDFE10BB5597F36C.tmp' to 'D:/University/Year 2/Digital Scripting/LabyrinthGame - Alpha2/Saved/Autosaves/Game/Blueprints/gateButton1_Auto1.uasset'
[2018.04.12-20.33.20:079][374]LogSavePackage: Display: Finished SavePackage D:/University/Year 2/Digital Scripting/LabyrinthGame - Alpha2/Saved/Autosaves/Game/Blueprints/gateButton1_Auto1.uasset
[2018.04.12-20.33.20:080][374]LogFileHelpers: Auto-saving content packages took 0.380
[2018.04.12-20.33.55:728][341]LogEditorTransaction: Undo Move Node
[2018.04.12-20.33.56:943][435]LogEditorTransaction: Undo Create Pin Link
[2018.04.12-20.34.26:489][820]LogSlate: Warning: Prevented a slow task dialog from being summoned while a context menu was open
[2018.04.12-20.37.33:346][918]BlueprintLog: New page: Compile Gate
[2018.04.12-20.37.34:469][975]Cmd: OBJ SAVEPACKAGE PACKAGE="/Game/Blueprints/Gate" FILE="D:/University/Year 2/Digital Scripting/LabyrinthGame - Alpha2/Content/Blueprints/Gate.uasset" SILENT=true
[2018.04.12-20.37.34:511][975]LogSavePackage: Save=35.33ms
[2018.04.12-20.37.34:511][975]LogSavePackage: Moving 'D:/University/Year 2/Digital Scripting/LabyrinthGame - Alpha2/Saved/GateEDA90C7343EB41200E667DA68778F910.tmp' to 'D:/University/Year 2/Digital Scripting/LabyrinthGame - Alpha2/Content/Blueprints/Gate.uasset'
[2018.04.12-20.37.34:514][975]LogSavePackage: Display: Finished SavePackage D:/University/Year 2/Digital Scripting/LabyrinthGame - Alpha2/Content/Blueprints/Gate.uasset
[2018.04.12-20.38.08:125][871]Cmd: OBJ SAVEPACKAGE PACKAGE="/Game/Blueprints/Gate" FILE="D:/University/Year 2/Digital Scripting/LabyrinthGame - Alpha2/Content/Blueprints/Gate.uasset" SILENT=true
[2018.04.12-20.38.08:218][871]LogSavePackage: Save=89.25ms
[2018.04.12-20.38.08:218][871]LogSavePackage: Moving 'D:/University/Year 2/Digital Scripting/LabyrinthGame - Alpha2/Saved/GateA190B4924E80BCCF012290B3ADBC5FA9.tmp' to 'D:/University/Year 2/Digital Scripting/LabyrinthGame - Alpha2/Content/Blueprints/Gate.uasset'
[2018.04.12-20.38.08:220][871]LogSavePackage: Display: Finished SavePackage D:/University/Year 2/Digital Scripting/LabyrinthGame - Alpha2/Content/Blueprints/Gate.uasset
[2018.04.12-20.38.12:086][212]LogTemp: Repeating last play command: Selected Viewport
[2018.04.12-20.38.12:108][212]LogBlueprintUserMessages: Early PlayInEditor Detection: Level '/Game/Levels/PlatformTest.PlatformTest:PersistentLevel' has LevelScriptBlueprint '/Game/Levels/PlatformTest.PlatformTest:PersistentLevel.PlatformTest' with GeneratedClass '/Game/Levels/PlatformTest.PlatformTest_C' with ClassGeneratedBy '/Game/Levels/PlatformTest.PlatformTest:PersistentLevel.PlatformTest'
[2018.04.12-20.38.12:108][212]LogPlayLevel: PlayLevel: No blueprints needed recompiling
[2018.04.12-20.38.12:108][212]PIE: New page: PIE session: PlatformTest (12 Apr 2018 22:38:12)
[2018.04.12-20.38.12:108][212]LogPlayLevel: Creating play world package: /Game/Levels/UEDPIE_0_PlatformTest
[2018.04.12-20.38.12:111][212]LogPlayLevel: PIE: StaticDuplicateObject took: (0.002542s)
[2018.04.12-20.38.12:111][212]LogAIModule: Creating AISystem for world PlatformTest
[2018.04.12-20.38.12:111][212]LogPlayLevel: PIE: World Init took: (0.000572s)
[2018.04.12-20.38.12:111][212]LogPlayLevel: PIE: Created PIE world by copying editor world from /Game/Levels/PlatformTest.PlatformTest to /Game/Levels/UEDPIE_0_PlatformTest.PlatformTest (0.003322s)
[2018.04.12-20.38.12:132][212]LogInit: XAudio2 using 'Headset Earphone (3- ASTRO MixAmp Pro           )' : 2 channels at 48 kHz using 16 bits per sample (channel mask 0x3)
[2018.04.12-20.38.12:136][212]LogInit: FAudioDevice initialized.
[2018.04.12-20.38.12:168][212]LogLoad: Game class is 'MyGameMode_C'
[2018.04.12-20.38.12:170][212]LogWorld: Bringing World /Game/Levels/UEDPIE_0_PlatformTest.PlatformTest up for play (max tick rate 0) at 2018.04.12-21.38.12
[2018.04.12-20.38.12:170][212]LogWorld: Bringing up level for play took: 0.001355
[2018.04.12-20.38.12:171][212]PIE: Play in editor start time for /Game/Levels/UEDPIE_0_PlatformTest -0.476
[2018.04.12-20.38.12:171][212]LogBlueprintUserMessages: Late PlayInEditor Detection: Level '/Game/Levels/PlatformTest.PlatformTest:PersistentLevel' has LevelScriptBlueprint '/Game/Levels/PlatformTest.PlatformTest:PersistentLevel.PlatformTest' with GeneratedClass '/Game/Levels/PlatformTest.PlatformTest_C' with ClassGeneratedBy '/Game/Levels/PlatformTest.PlatformTest:PersistentLevel.PlatformTest'
[2018.04.12-20.38.15:732][635]LogBlueprintUserMessages: Early EndPlayMap Detection: Level '/Game/Levels/PlatformTest.PlatformTest:PersistentLevel' has LevelScriptBlueprint '/Game/Levels/PlatformTest.PlatformTest:PersistentLevel.PlatformTest' with GeneratedClass '/Game/Levels/PlatformTest.PlatformTest_C' with ClassGeneratedBy '/Game/Levels/PlatformTest.PlatformTest:PersistentLevel.PlatformTest'
[2018.04.12-20.38.15:776][635]LogBlueprintUserMessages: Late EndPlayMap Detection: Level '/Game/Levels/PlatformTest.PlatformTest:PersistentLevel' has LevelScriptBlueprint '/Game/Levels/PlatformTest.PlatformTest:PersistentLevel.PlatformTest' with GeneratedClass '/Game/Levels/PlatformTest.PlatformTest_C' with ClassGeneratedBy '/Game/Levels/PlatformTest.PlatformTest:PersistentLevel.PlatformTest'
[2018.04.12-20.38.19:238][ 23]EditorErrors: New page: Actor attachment
[2018.04.12-20.38.20:640][174]LogTemp: Repeating last play command: Selected Viewport
[2018.04.12-20.38.20:654][174]LogBlueprintUserMessages: Early PlayInEditor Detection: Level '/Game/Levels/PlatformTest.PlatformTest:PersistentLevel' has LevelScriptBlueprint '/Game/Levels/PlatformTest.PlatformTest:PersistentLevel.PlatformTest' with GeneratedClass '/Game/Levels/PlatformTest.PlatformTest_C' with ClassGeneratedBy '/Game/Levels/PlatformTest.PlatformTest:PersistentLevel.PlatformTest'
[2018.04.12-20.38.20:654][174]LogPlayLevel: PlayLevel: No blueprints needed recompiling
[2018.04.12-20.38.20:655][174]PIE: New page: PIE session: PlatformTest (12 Apr 2018 22:38:20)
[2018.04.12-20.38.20:655][174]LogPlayLevel: Creating play world package: /Game/Levels/UEDPIE_0_PlatformTest
[2018.04.12-20.38.20:657][174]LogPlayLevel: PIE: StaticDuplicateObject took: (0.002676s)
[2018.04.12-20.38.20:658][174]LogAIModule: Creating AISystem for world PlatformTest
[2018.04.12-20.38.20:658][174]LogPlayLevel: PIE: World Init took: (0.000603s)
[2018.04.12-20.38.20:658][174]LogPlayLevel: PIE: Created PIE world by copying editor world from /Game/Levels/PlatformTest.PlatformTest to /Game/Levels/UEDPIE_0_PlatformTest.PlatformTest (0.003496s)
[2018.04.12-20.38.20:678][174]LogInit: XAudio2 using 'Headset Earphone (3- ASTRO MixAmp Pro           )' : 2 channels at 48 kHz using 16 bits per sample (channel mask 0x3)
[2018.04.12-20.38.20:682][174]LogInit: FAudioDevice initialized.
[2018.04.12-20.38.20:711][174]LogLoad: Game class is 'MyGameMode_C'
[2018.04.12-20.38.20:713][174]LogWorld: Bringing World /Game/Levels/UEDPIE_0_PlatformTest.PlatformTest up for play (max tick rate 0) at 2018.04.12-21.38.20
[2018.04.12-20.38.20:713][174]LogWorld: Bringing up level for play took: 0.001587
[2018.04.12-20.38.20:714][174]PIE: Play in editor start time for /Game/Levels/UEDPIE_0_PlatformTest 0.067
[2018.04.12-20.38.20:714][174]LogBlueprintUserMessages: Late PlayInEditor Detection: Level '/Game/Levels/PlatformTest.PlatformTest:PersistentLevel' has LevelScriptBlueprint '/Game/Levels/PlatformTest.PlatformTest:PersistentLevel.PlatformTest' with GeneratedClass '/Game/Levels/PlatformTest.PlatformTest_C' with ClassGeneratedBy '/Game/Levels/PlatformTest.PlatformTest:PersistentLevel.PlatformTest'
[2018.04.12-20.38.29:317][200]LogBlueprintUserMessages: Early EndPlayMap Detection: Level '/Game/Levels/PlatformTest.PlatformTest:PersistentLevel' has LevelScriptBlueprint '/Game/Levels/PlatformTest.PlatformTest:PersistentLevel.PlatformTest' with GeneratedClass '/Game/Levels/PlatformTest.PlatformTest_C' with ClassGeneratedBy '/Game/Levels/PlatformTest.PlatformTest:PersistentLevel.PlatformTest'
[2018.04.12-20.38.29:359][200]LogBlueprintUserMessages: Late EndPlayMap Detection: Level '/Game/Levels/PlatformTest.PlatformTest:PersistentLevel' has LevelScriptBlueprint '/Game/Levels/PlatformTest.PlatformTest:PersistentLevel.PlatformTest' with GeneratedClass '/Game/Levels/PlatformTest.PlatformTest_C' with ClassGeneratedBy '/Game/Levels/PlatformTest.PlatformTest:PersistentLevel.PlatformTest'
[2018.04.12-20.42.59:836][844]LogSlate: Warning: Prevented a slow task dialog from being summoned while a context menu was open
[2018.04.12-20.44.18:361][176]LogSavePackage: Save=83.52ms
[2018.04.12-20.44.18:361][176]LogSavePackage: Moving 'D:/University/Year 2/Digital Scripting/LabyrinthGame - Alpha2/Saved/PlatformTest_Auto2C0EE86114648864BC36307AEC38C7A58.tmp' to 'D:/University/Year 2/Digital Scripting/LabyrinthGame - Alpha2/Saved/Autosaves/Game/Levels/PlatformTest_Auto2.umap'
[2018.04.12-20.44.18:362][176]LogSavePackage: Display: Finished SavePackage D:/University/Year 2/Digital Scripting/LabyrinthGame - Alpha2/Saved/Autosaves/Game/Levels/PlatformTest_Auto2.umap
[2018.04.12-20.44.18:364][176]LogFileHelpers: Editor autosave (incl. sublevels) for '/Game/Levels/PlatformTest' took 0.440
[2018.04.12-20.44.18:364][176]LogFileHelpers: Editor autosave (incl. sublevels) for all levels took 0.440
[2018.04.12-20.44.18:365][176]OBJ SavePackage: Generating thumbnails for [1] asset(s) in package [/Game/Blueprints/Gate] ([1] browsable assets)...
[2018.04.12-20.44.18:377][176]OBJ SavePackage:     Rendered thumbnail for [Blueprint /Game/Blueprints/Gate.Gate]
[2018.04.12-20.44.18:377][176]OBJ SavePackage: Finished generating thumbnails for package [/Game/Blueprints/Gate]
[2018.04.12-20.44.18:377][176]Cmd: OBJ SAVEPACKAGE PACKAGE="/Game/Blueprints/Gate" FILE="D:/University/Year 2/Digital Scripting/LabyrinthGame - Alpha2/Saved/Autosaves/Game/Blueprints/Gate_Auto2.uasset" SILENT=false AUTOSAVING=true
[2018.04.12-20.44.18:422][176]LogSavePackage: Save=38.87ms
[2018.04.12-20.44.18:422][176]LogSavePackage: Moving 'D:/University/Year 2/Digital Scripting/LabyrinthGame - Alpha2/Saved/Gate_Auto235C045FA4883B728F0D8EB94AD8730CE.tmp' to 'D:/University/Year 2/Digital Scripting/LabyrinthGame - Alpha2/Saved/Autosaves/Game/Blueprints/Gate_Auto2.uasset'
[2018.04.12-20.44.18:423][176]LogSavePackage: Display: Finished SavePackage D:/University/Year 2/Digital Scripting/LabyrinthGame - Alpha2/Saved/Autosaves/Game/Blueprints/Gate_Auto2.uasset
[2018.04.12-20.44.18:423][176]LogFileHelpers: Auto-saving content packages took 0.058
[2018.04.12-20.49.06:695][484]Cmd: OBJ SAVEPACKAGE PACKAGE="/Game/Blueprints/Gate" FILE="D:/University/Year 2/Digital Scripting/LabyrinthGame - Alpha2/Content/Blueprints/Gate.uasset" SILENT=true
[2018.04.12-20.49.06:732][484]LogSavePackage: Save=31.39ms
[2018.04.12-20.49.06:732][484]LogSavePackage: Moving 'D:/University/Year 2/Digital Scripting/LabyrinthGame - Alpha2/Saved/Gate9B15F49042729C692CF635B2C5777239.tmp' to 'D:/University/Year 2/Digital Scripting/LabyrinthGame - Alpha2/Content/Blueprints/Gate.uasset'
[2018.04.12-20.49.06:734][484]LogSavePackage: Display: Finished SavePackage D:/University/Year 2/Digital Scripting/LabyrinthGame - Alpha2/Content/Blueprints/Gate.uasset
[2018.04.12-20.49.07:300][528]BlueprintLog: New page: Compile Gate
[2018.04.12-20.49.08:833][637]Cmd: OBJ SAVEPACKAGE PACKAGE="/Game/Blueprints/gateButton1" FILE="D:/University/Year 2/Digital Scripting/LabyrinthGame - Alpha2/Content/Blueprints/gateButton1.uasset" SILENT=true
[2018.04.12-20.49.08:849][637]LogSavePackage: Save=10.55ms
[2018.04.12-20.49.08:849][637]LogSavePackage: Moving 'D:/University/Year 2/Digital Scripting/LabyrinthGame - Alpha2/Saved/gateButton1F30B28214689A360D0B67EB20453CD4C.tmp' to 'D:/University/Year 2/Digital Scripting/LabyrinthGame - Alpha2/Content/Blueprints/gateButton1.uasset'
[2018.04.12-20.49.08:852][637]LogSavePackage: Display: Finished SavePackage D:/University/Year 2/Digital Scripting/LabyrinthGame - Alpha2/Content/Blueprints/gateButton1.uasset
[2018.04.12-20.49.12:544][991]LogTemp: Repeating last play command: Selected Viewport
[2018.04.12-20.49.12:566][991]LogBlueprintUserMessages: Early PlayInEditor Detection: Level '/Game/Levels/PlatformTest.PlatformTest:PersistentLevel' has LevelScriptBlueprint '/Game/Levels/PlatformTest.PlatformTest:PersistentLevel.PlatformTest' with GeneratedClass '/Game/Levels/PlatformTest.PlatformTest_C' with ClassGeneratedBy '/Game/Levels/PlatformTest.PlatformTest:PersistentLevel.PlatformTest'
[2018.04.12-20.49.12:566][991]LogPlayLevel: PlayLevel: No blueprints needed recompiling
[2018.04.12-20.49.12:566][991]PIE: New page: PIE session: PlatformTest (12 Apr 2018 22:49:12)
[2018.04.12-20.49.12:566][991]LogPlayLevel: Creating play world package: /Game/Levels/UEDPIE_0_PlatformTest
[2018.04.12-20.49.12:569][991]LogPlayLevel: PIE: StaticDuplicateObject took: (0.002753s)
[2018.04.12-20.49.12:569][991]LogAIModule: Creating AISystem for world PlatformTest
[2018.04.12-20.49.12:570][991]LogPlayLevel: PIE: World Init took: (0.000703s)
[2018.04.12-20.49.12:570][991]LogPlayLevel: PIE: Created PIE world by copying editor world from /Game/Levels/PlatformTest.PlatformTest to /Game/Levels/UEDPIE_0_PlatformTest.PlatformTest (0.003661s)
[2018.04.12-20.49.12:591][991]LogInit: XAudio2 using 'Headset Earphone (3- ASTRO MixAmp Pro           )' : 2 channels at 48 kHz using 16 bits per sample (channel mask 0x3)
[2018.04.12-20.49.12:595][991]LogInit: FAudioDevice initialized.
[2018.04.12-20.49.12:626][991]LogLoad: Game class is 'MyGameMode_C'
[2018.04.12-20.49.12:628][991]LogWorld: Bringing World /Game/Levels/UEDPIE_0_PlatformTest.PlatformTest up for play (max tick rate 0) at 2018.04.12-21.49.12
[2018.04.12-20.49.12:628][991]LogWorld: Bringing up level for play took: 0.001277
[2018.04.12-20.49.12:629][991]PIE: Play in editor start time for /Game/Levels/UEDPIE_0_PlatformTest -0.02
[2018.04.12-20.49.12:630][991]LogBlueprintUserMessages: Late PlayInEditor Detection: Level '/Game/Levels/PlatformTest.PlatformTest:PersistentLevel' has LevelScriptBlueprint '/Game/Levels/PlatformTest.PlatformTest:PersistentLevel.PlatformTest' with GeneratedClass '/Game/Levels/PlatformTest.PlatformTest_C' with ClassGeneratedBy '/Game/Levels/PlatformTest.PlatformTest:PersistentLevel.PlatformTest'
[2018.04.12-20.49.23:060][237]LogBlueprintUserMessages: Early EndPlayMap Detection: Level '/Game/Levels/PlatformTest.PlatformTest:PersistentLevel' has LevelScriptBlueprint '/Game/Levels/PlatformTest.PlatformTest:PersistentLevel.PlatformTest' with GeneratedClass '/Game/Levels/PlatformTest.PlatformTest_C' with ClassGeneratedBy '/Game/Levels/PlatformTest.PlatformTest:PersistentLevel.PlatformTest'
[2018.04.12-20.49.23:100][237]LogBlueprintUserMessages: Late EndPlayMap Detection: Level '/Game/Levels/PlatformTest.PlatformTest:PersistentLevel' has LevelScriptBlueprint '/Game/Levels/PlatformTest.PlatformTest:PersistentLevel.PlatformTest' with GeneratedClass '/Game/Levels/PlatformTest.PlatformTest_C' with ClassGeneratedBy '/Game/Levels/PlatformTest.PlatformTest:PersistentLevel.PlatformTest'
[2018.04.12-20.49.25:034][445]Cmd: OBJ SAVEPACKAGE PACKAGE="/Game/Levels/PlatformTest" FILE="D:/University/Year 2/Digital Scripting/LabyrinthGame - Alpha2/Content/Levels/PlatformTest.umap" SILENT=true AUTOSAVING=false KEEPDIRTY=false
[2018.04.12-20.49.25:190][445]LogSavePackage: Save=128.80ms
[2018.04.12-20.49.25:190][445]LogSavePackage: Moving 'D:/University/Year 2/Digital Scripting/LabyrinthGame - Alpha2/Saved/PlatformTest899CBF9548362D8769E73BB9E9CA2EB0.tmp' to 'D:/University/Year 2/Digital Scripting/LabyrinthGame - Alpha2/Content/Levels/PlatformTest.umap'
[2018.04.12-20.49.25:192][445]LogSavePackage: Display: Finished SavePackage D:/University/Year 2/Digital Scripting/LabyrinthGame - Alpha2/Content/Levels/PlatformTest.umap
[2018.04.12-20.49.25:211][445]Cmd: OBJ SAVEPACKAGE PACKAGE="/Game/Levels/PlatformTest_BuiltData" FILE="D:/University/Year 2/Digital Scripting/LabyrinthGame - Alpha2/Content/Levels/PlatformTest_BuiltData.uasset" SILENT=true
[2018.04.12-20.49.25:230][445]LogSavePackage: Save=14.11ms
[2018.04.12-20.49.25:230][445]LogSavePackage: Moving 'D:/University/Year 2/Digital Scripting/LabyrinthGame - Alpha2/Saved/PlatformTest_BuiltDataB23A443F4F2C536661CAD1B7BC917D70.tmp' to 'D:/University/Year 2/Digital Scripting/LabyrinthGame - Alpha2/Content/Levels/PlatformTest_BuiltData.uasset'
[2018.04.12-20.49.25:231][445]LogSavePackage: Display: Finished SavePackage D:/University/Year 2/Digital Scripting/LabyrinthGame - Alpha2/Content/Levels/PlatformTest_BuiltData.uasset
[2018.04.12-20.58.41:743][  6]BlueprintLog: New page: Compile gateButton2
[2018.04.12-20.58.41:768][  6]LogBlueprint: Error: [Compiler gateButton2] This blueprint (self) is not a gateButton3_C, therefore ' Target ' must have a connection.
[2018.04.12-20.58.41:768][  6]LogBlueprint: Error: [Compiler gateButton2] This blueprint (self) is not a gateButton1_C, therefore ' Target ' must have a connection.
[2018.04.12-20.58.41:784][  6]LogBlueprint: Error: [Compiler gateButton2] The type of  Object  is undetermined.  Connect something to  Cast To gateButton1  to imply a specific type.
[2018.04.12-20.58.41:795][  6]LogBlueprint: Error: [Compiler gateButton2] The current value of the ' Object ' pin is invalid: Unsupported type Object Wildcard on pin Object
[2018.04.12-20.58.41:809][  6]LogBlueprint: Error: [Compiler gateButton2] Variable node  Set isOverlappingGateButton1  uses an invalid target.  It may depend on a node that is not connected to the execution chain, and got purged.
[2018.04.12-20.58.41:810][  6]LogBlueprint: Error: [Compiler gateButton2] Variable node  Set isOverlappingGateButton3  uses an invalid target.  It may depend on a node that is not connected to the execution chain, and got purged.
[2018.04.12-20.58.41:929][  6]LogBlueprint: Warning: [Compiler gateButton2] [3117.44] Compile of gateButton2 failed. 6 Fatal Issue(s) 0 Warning(s) [in 186 ms] (/Game/Blueprints/gateButton2.gateButton2)
[2018.04.12-21.00.32:092][686]BlueprintLog: New page: Compile gateButton2
[2018.04.12-21.00.32:101][686]LogBlueprint: Error: [Compiler gateButton2] This blueprint (self) is not a gateButton3_C, therefore ' Target ' must have a connection.
[2018.04.12-21.00.32:101][686]LogBlueprint: Error: [Compiler gateButton2] This blueprint (self) is not a gateButton1_C, therefore ' Target ' must have a connection.
[2018.04.12-21.00.32:101][686]LogBlueprint: Error: [Compiler gateButton2] Variable node  Set isOverlappingGateButton1  uses an invalid target.  It may depend on a node that is not connected to the execution chain, and got purged.
[2018.04.12-21.00.32:101][686]LogBlueprint: Error: [Compiler gateButton2] Variable node  Set isOverlappingGateButton3  uses an invalid target.  It may depend on a node that is not connected to the execution chain, and got purged.
[2018.04.12-21.00.32:189][686]LogBlueprint: Warning: [Compiler gateButton2] [3227.70] Compile of gateButton2 failed. 4 Fatal Issue(s) 0 Warning(s) [in 96 ms] (/Game/Blueprints/gateButton2.gateButton2)
[2018.04.12-21.00.52:938][468]BlueprintLog: New page: Compile gateButton2
[2018.04.12-21.00.52:947][468]LogBlueprint: Error: [Compiler gateButton2] This blueprint (self) is not a gateButton3_C, therefore ' Target ' must have a connection.
[2018.04.12-21.00.52:947][468]LogBlueprint: Error: [Compiler gateButton2] Variable node  Set isOverlappingGateButton3  uses an invalid target.  It may depend on a node that is not connected to the execution chain, and got purged.
[2018.04.12-21.00.53:033][468]LogBlueprint: Warning: [Compiler gateButton2] [3248.55] Compile of gateButton2 failed. 2 Fatal Issue(s) 0 Warning(s) [in 94 ms] (/Game/Blueprints/gateButton2.gateButton2)
[2018.04.12-21.01.16:413][417]LogSlate: Warning: Prevented a slow task dialog from being summoned while a context menu was open
[2018.04.12-21.02.02:513][340]BlueprintLog: New page: Compile gateButton2
[2018.04.12-21.02.02:532][340]LogBlueprint: Error: [Compiler gateButton2] COMPILER ERROR: failed building connection with 'Array of Gate Button 1 Object References is not compatible with Array of Gate Button 3 Object References.' at  Get (a copy)
[2018.04.12-21.02.02:545][340]LogBlueprint: Warning: [Compiler gateButton2] 'Gate Button 3' does not inherit from 'Gate Button 1' ( Cast To gateButton3  would always fail).
[2018.04.12-21.02.02:546][340]LogBlueprint: Error: [Compiler gateButton2] The current value of the ' Array ' pin is invalid: Array inputs (like 'Target Array') must have an input wired into them (try connecting a MakeArray node).
[2018.04.12-21.02.02:632][340]LogBlueprint: Warning: [Compiler gateButton2] [3318.14] Compile of gateButton2 failed. 2 Fatal Issue(s) 1 Warning(s) [in 118 ms] (/Game/Blueprints/gateButton2.gateButton2)
[2018.04.12-21.03.07:848][ 61]LogSavePackage: Save=83.36ms
[2018.04.12-21.03.07:848][ 61]LogSavePackage: Moving 'D:/University/Year 2/Digital Scripting/LabyrinthGame - Alpha2/Saved/PlatformTest_Auto3FDFACAE24CF7D668A0E109A592A55023.tmp' to 'D:/University/Year 2/Digital Scripting/LabyrinthGame - Alpha2/Saved/Autosaves/Game/Levels/PlatformTest_Auto3.umap'
[2018.04.12-21.03.07:849][ 61]LogSavePackage: Display: Finished SavePackage D:/University/Year 2/Digital Scripting/LabyrinthGame - Alpha2/Saved/Autosaves/Game/Levels/PlatformTest_Auto3.umap
[2018.04.12-21.03.07:850][ 61]LogFileHelpers: Editor autosave (incl. sublevels) for '/Game/Levels/PlatformTest' took 0.116
[2018.04.12-21.03.07:851][ 61]LogFileHelpers: Editor autosave (incl. sublevels) for all levels took 0.116
[2018.04.12-21.03.07:852][ 61]OBJ SavePackage: Generating thumbnails for [1] asset(s) in package [/Game/Blueprints/gateButton2] ([1] browsable assets)...
[2018.04.12-21.03.07:869][ 61]OBJ SavePackage:     Rendered thumbnail for [Blueprint /Game/Blueprints/gateButton2.gateButton2]
[2018.04.12-21.03.07:869][ 61]OBJ SavePackage: Finished generating thumbnails for package [/Game/Blueprints/gateButton2]
[2018.04.12-21.03.08:263][ 61]LogSavePackage: Save=42.47ms
[2018.04.12-21.03.08:263][ 61]LogSavePackage: Moving 'D:/University/Year 2/Digital Scripting/LabyrinthGame - Alpha2/Saved/gateButton2_Auto32732C2D8449493237F41CDB2CA4BA1EC.tmp' to 'D:/University/Year 2/Digital Scripting/LabyrinthGame - Alpha2/Saved/Autosaves/Game/Blueprints/gateButton2_Auto3.uasset'
[2018.04.12-21.03.08:264][ 61]LogSavePackage: Display: Finished SavePackage D:/University/Year 2/Digital Scripting/LabyrinthGame - Alpha2/Saved/Autosaves/Game/Blueprints/gateButton2_Auto3.uasset
[2018.04.12-21.03.08:264][ 61]LogFileHelpers: Auto-saving content packages took 0.412
[2018.04.12-21.04.07:732][863]LogD3D11RHI: Timed out while waiting for GPU to catch up. (0.5 s)
[2018.04.12-21.04.19:249][946]Cmd: OBJ SAVEPACKAGE PACKAGE="/Game/Blueprints/gateButton2" FILE="D:/University/Year 2/Digital Scripting/LabyrinthGame - Alpha2/Content/Blueprints/gateButton2.uasset" SILENT=true
[2018.04.12-21.04.19:272][946]LogSavePackage: Save=17.00ms
[2018.04.12-21.04.19:272][946]LogSavePackage: Moving 'D:/University/Year 2/Digital Scripting/LabyrinthGame - Alpha2/Saved/gateButton2E0B9C9EE4188B8D1021C1D86DD6D905E.tmp' to 'D:/University/Year 2/Digital Scripting/LabyrinthGame - Alpha2/Content/Blueprints/gateButton2.uasset'
[2018.04.12-21.04.19:274][946]LogSavePackage: Display: Finished SavePackage D:/University/Year 2/Digital Scripting/LabyrinthGame - Alpha2/Content/Blueprints/gateButton2.uasset
[2018.04.12-21.04.20:087][ 17]BlueprintLog: New page: Compile gateButton2
[2018.04.12-21.04.29:223][822]Cmd: OBJ SAVEPACKAGE PACKAGE="/Game/Blueprints/gateButton3" FILE="D:/University/Year 2/Digital Scripting/LabyrinthGame - Alpha2/Content/Blueprints/gateButton3.uasset" SILENT=true
[2018.04.12-21.04.29:362][822]LogSavePackage: Save=11.32ms
[2018.04.12-21.04.29:362][822]LogSavePackage: Moving 'D:/University/Year 2/Digital Scripting/LabyrinthGame - Alpha2/Saved/gateButton3D188D9734185192C848B7EAC46311211.tmp' to 'D:/University/Year 2/Digital Scripting/LabyrinthGame - Alpha2/Content/Blueprints/gateButton3.uasset'
[2018.04.12-21.04.29:364][822]LogSavePackage: Display: Finished SavePackage D:/University/Year 2/Digital Scripting/LabyrinthGame - Alpha2/Content/Blueprints/gateButton3.uasset
[2018.04.12-21.04.32:929][146]LogActorComponent: UnregisterComponent: (/Engine/Transient.EditorFloorComp) Not registered. Aborting.
[2018.04.12-21.04.32:993][146]LogActorComponent: UnregisterComponent: (/Engine/Transient.EditorFloorComp) Not registered. Aborting.
[2018.04.12-21.04.33:049][146]LogActorComponent: UnregisterComponent: (/Engine/Transient.EditorFloorComp) Not registered. Aborting.
[2018.04.12-21.04.35:389][406]Cmd: OBJ SAVEPACKAGE PACKAGE="/Game/Levels/PlatformTest" FILE="D:/University/Year 2/Digital Scripting/LabyrinthGame - Alpha2/Content/Levels/PlatformTest.umap" SILENT=true AUTOSAVING=false KEEPDIRTY=false
[2018.04.12-21.04.35:494][406]LogSavePackage: Save=83.29ms
[2018.04.12-21.04.35:494][406]LogSavePackage: Moving 'D:/University/Year 2/Digital Scripting/LabyrinthGame - Alpha2/Saved/PlatformTest842458F74EE594E9A98AD79D77EFD5EA.tmp' to 'D:/University/Year 2/Digital Scripting/LabyrinthGame - Alpha2/Content/Levels/PlatformTest.umap'
[2018.04.12-21.04.35:497][406]LogSavePackage: Display: Finished SavePackage D:/University/Year 2/Digital Scripting/LabyrinthGame - Alpha2/Content/Levels/PlatformTest.umap
[2018.04.12-21.04.35:598][406]Cmd: OBJ SAVEPACKAGE PACKAGE="/Game/Levels/PlatformTest_BuiltData" FILE="D:/University/Year 2/Digital Scripting/LabyrinthGame - Alpha2/Content/Levels/PlatformTest_BuiltData.uasset" SILENT=true
[2018.04.12-21.04.35:607][406]LogSavePackage: Save=3.93ms
[2018.04.12-21.04.35:608][406]LogSavePackage: Moving 'D:/University/Year 2/Digital Scripting/LabyrinthGame - Alpha2/Saved/PlatformTest_BuiltData637565AC42AF242FD7CF26BB94B0B58F.tmp' to 'D:/University/Year 2/Digital Scripting/LabyrinthGame - Alpha2/Content/Levels/PlatformTest_BuiltData.uasset'
[2018.04.12-21.04.35:609][406]LogSavePackage: Display: Finished SavePackage D:/University/Year 2/Digital Scripting/LabyrinthGame - Alpha2/Content/Levels/PlatformTest_BuiltData.uasset
[2018.04.12-21.04.37:655][624]Cmd: QUIT_EDITOR
[2018.04.12-21.04.37:686][624]LogExit: Preparing to exit.
[2018.04.12-21.04.38:184][624]LogExit: Editor shut down
[2018.04.12-21.04.38:188][624]LogExit: Transaction tracking system shut down
[2018.04.12-21.04.38:349][624]LogDirectoryWatcher: A directory notification for '../../../Engine/Content/' was aborted.
[2018.04.12-21.04.38:349][624]LogDirectoryWatcher: A directory notification for 'D:/University/Year 2/Digital Scripting/LabyrinthGame - Alpha2/Content/' was aborted.
[2018.04.12-21.04.38:349][624]LogDirectoryWatcher: A directory notification for '../../../Engine/Plugins/2D/Paper2D/Content/' was aborted.
[2018.04.12-21.04.38:349][624]LogDirectoryWatcher: A directory notification for '../../../Engine/Plugins/Runtime/Oculus/OculusVR/Content/' was aborted.
[2018.04.12-21.04.38:349][624]LogDirectoryWatcher: A directory notification for '../../../Engine/Plugins/Runtime/Steam/SteamVR/Content/' was aborted.
[2018.04.12-21.04.38:424][624]LogExit: Object subsystem successfully closed.
[2018.04.12-21.04.38:439][624]LogD3D11RHI: Shutdown
[2018.04.12-21.04.38:440][624]LogD3D11RHI: CleanupD3DDevice
[2018.04.12-21.04.38:534][624]LogD3D11RHI: ~FD3D11DynamicRHI
[2018.04.12-21.04.38:542][624]LogModuleManager: Shutting down and abandoning module MovieSceneCapture (538)
[2018.04.12-21.04.38:543][624]LogModuleManager: Shutting down and abandoning module BlueprintGraph (536)
[2018.04.12-21.04.38:543][624]LogModuleManager: Shutting down and abandoning module BlueprintProfiler (534)
[2018.04.12-21.04.38:543][624]LogModuleManager: Shutting down and abandoning module HierarchicalLODOutliner (532)
[2018.04.12-21.04.38:543][624]LogModuleManager: Shutting down and abandoning module SceneOutliner (530)
[2018.04.12-21.04.38:543][624]LogModuleManager: Shutting down and abandoning module AddContentDialog (528)
[2018.04.12-21.04.38:543][624]LogDirectoryWatcher: A directory notification for 'C:/Program Files/Epic Games/UE_4.17/FeaturePacks/' was aborted.
[2018.04.12-21.04.38:544][624]LogModuleManager: Shutting down and abandoning module WidgetCarousel (527)
[2018.04.12-21.04.38:544][624]LogModuleManager: Shutting down and abandoning module EditorWidgets (524)
[2018.04.12-21.04.38:544][624]LogModuleManager: Shutting down and abandoning module CollectionManager (522)
[2018.04.12-21.04.38:544][624]LogDirectoryWatcher: A directory notification for 'D:/University/Year 2/Digital Scripting/LabyrinthGame - Alpha2/Content/Collections/' was aborted.
[2018.04.12-21.04.38:544][624]LogDirectoryWatcher: A directory notification for 'D:/University/Year 2/Digital Scripting/LabyrinthGame - Alpha2/Content/Developers/KATALYTIC/Collections/' was aborted.
[2018.04.12-21.04.38:544][624]LogDirectoryWatcher: A directory notification for 'D:/University/Year 2/Digital Scripting/LabyrinthGame - Alpha2/Saved/Collections/' was aborted.
[2018.04.12-21.04.38:544][624]LogModuleManager: Shutting down and abandoning module StatsViewer (520)
[2018.04.12-21.04.38:544][624]LogModuleManager: Shutting down and abandoning module FoliageEdit (518)
[2018.04.12-21.04.38:544][624]LogModuleManager: Shutting down and abandoning module LandscapeEditor (516)
[2018.04.12-21.04.38:544][624]LogModuleManager: Shutting down and abandoning module MeshPaintMode (514)
[2018.04.12-21.04.38:544][624]LogModuleManager: Shutting down and abandoning module SceneDepthPickerMode (512)
[2018.04.12-21.04.38:544][624]LogModuleManager: Shutting down and abandoning module ActorPickerMode (510)
[2018.04.12-21.04.38:544][624]LogModuleManager: Shutting down and abandoning module GeometryMode (508)
[2018.04.12-21.04.38:544][624]LogModuleManager: Shutting down and abandoning module TextureAlignMode (506)
[2018.04.12-21.04.38:544][624]LogModuleManager: Shutting down and abandoning module BspMode (504)
[2018.04.12-21.04.38:544][624]LogModuleManager: Shutting down and abandoning module PIEPreviewDeviceProfileSelector (502)
[2018.04.12-21.04.38:544][624]LogModuleManager: Shutting down and abandoning module HardwareSurvey (500)
[2018.04.12-21.04.38:544][624]LogModuleManager: Shutting down and abandoning module SequenceRecorderSections (498)
[2018.04.12-21.04.38:544][624]LogModuleManager: Shutting down and abandoning module AutomationWorker (496)
[2018.04.12-21.04.38:544][624]LogModuleManager: Shutting down and abandoning module MatineeToLevelSequence (494)
[2018.04.12-21.04.38:544][624]LogModuleManager: Shutting down and abandoning module LevelSequenceEditor (492)
[2018.04.12-21.04.38:544][624]LogModuleManager: Shutting down and abandoning module PlacementMode (491)
[2018.04.12-21.04.38:544][624]LogModuleManager: Shutting down and abandoning module ActorSequenceEditor (488)
[2018.04.12-21.04.38:544][624]LogModuleManager: Shutting down and abandoning module WmfMediaFactory (486)
[2018.04.12-21.04.38:544][624]LogModuleManager: Shutting down and abandoning module WmfMediaEditor (484)
[2018.04.12-21.04.38:544][624]LogModuleManager: Shutting down and abandoning module AvfMediaFactory (482)
[2018.04.12-21.04.38:544][624]LogModuleManager: Shutting down and abandoning module AvfMediaEditor (480)
[2018.04.12-21.04.38:544][624]LogModuleManager: Shutting down and abandoning module AndroidMediaFactory (478)
[2018.04.12-21.04.38:544][624]LogModuleManager: Shutting down and abandoning module Media (477)
[2018.04.12-21.04.38:544][624]LogModuleManager: Shutting down and abandoning module AndroidMediaEditor (474)
[2018.04.12-21.04.38:545][624]LogModuleManager: Shutting down and abandoning module CharacterAI (472)
[2018.04.12-21.04.38:545][624]LogModuleManager: Shutting down and abandoning module AudioCapture (470)
[2018.04.12-21.04.38:545][624]LogModuleManager: Shutting down and abandoning module SequenceRecorder (469)
[2018.04.12-21.04.38:545][624]LogModuleManager: Shutting down and abandoning module SmartSnapping (466)
[2018.04.12-21.04.38:545][624]LogModuleManager: Shutting down and abandoning module SessionServices (464)
[2018.04.12-21.04.38:545][624]LogModuleManager: Shutting down and abandoning module ViewportSnapping (462)
[2018.04.12-21.04.38:545][624]LogModuleManager: Shutting down and abandoning module ViewportInteraction (460)
[2018.04.12-21.04.38:545][624]LogModuleManager: Shutting down and abandoning module ClothPainter (458)
[2018.04.12-21.04.38:545][624]LogModuleManager: Shutting down and abandoning module LogVisualizer (456)
[2018.04.12-21.04.38:545][624]LogModuleManager: Shutting down and abandoning module IntroTutorials (454)
[2018.04.12-21.04.38:545][624]LogModuleManager: Shutting down and abandoning module GameProjectGeneration (453)
[2018.04.12-21.04.38:545][624]LogModuleManager: Shutting down and abandoning module IOSPlatformEditor (450)
[2018.04.12-21.04.38:545][624]LogModuleManager: Shutting down and abandoning module HTML5PlatformEditor (448)
[2018.04.12-21.04.38:545][624]LogModuleManager: Shutting down and abandoning module AndroidPlatformEditor (446)
[2018.04.12-21.04.38:545][624]LogModuleManager: Shutting down and abandoning module AndroidDeviceDetection (445)
[2018.04.12-21.04.38:998][624]LogModuleManager: Shutting down and abandoning module WindowsPlatformEditor (442)
[2018.04.12-21.04.38:998][624]LogModuleManager: Shutting down and abandoning module IOSRuntimeSettings (440)
[2018.04.12-21.04.38:998][624]LogModuleManager: Shutting down and abandoning module AndroidRuntimeSettings (438)
[2018.04.12-21.04.38:998][624]LogModuleManager: Shutting down and abandoning module InputBindingEditor (436)
[2018.04.12-21.04.38:998][624]LogModuleManager: Shutting down and abandoning module MergeActors (434)
[2018.04.12-21.04.38:998][624]LogModuleManager: Shutting down and abandoning module SizeMap (432)
[2018.04.12-21.04.38:998][624]LogModuleManager: Shutting down and abandoning module TreeMap (430)
[2018.04.12-21.04.38:998][624]LogModuleManager: Shutting down and abandoning module ReferenceViewer (428)
[2018.04.12-21.04.38:998][624]LogModuleManager: Shutting down and abandoning module LocalizationDashboard (426)
[2018.04.12-21.04.38:998][624]LogModuleManager: Shutting down and abandoning module LocalizationService (425)
[2018.04.12-21.04.38:998][624]LogModuleManager: Shutting down and abandoning module HardwareTargeting (422)
[2018.04.12-21.04.38:998][624]LogModuleManager: Shutting down and abandoning module DeviceProfileEditor (420)
[2018.04.12-21.04.38:998][624]LogModuleManager: Shutting down and abandoning module UndoHistory (418)
[2018.04.12-21.04.38:998][624]LogModuleManager: Shutting down and abandoning module XmlParser (416)
[2018.04.12-21.04.38:998][624]LogModuleManager: Shutting down and abandoning module Blutility (414)
[2018.04.12-21.04.38:998][624]LogModuleManager: Shutting down and abandoning module ProjectSettingsViewer (412)
[2018.04.12-21.04.38:998][624]LogModuleManager: Shutting down and abandoning module ProjectTargetPlatformEditor (411)
[2018.04.12-21.04.38:998][624]LogModuleManager: Shutting down and abandoning module EditorSettingsViewer (408)
[2018.04.12-21.04.38:998][624]LogModuleManager: Shutting down and abandoning module SettingsEditor (406)
[2018.04.12-21.04.38:998][624]LogModuleManager: Shutting down and abandoning module ProjectLauncher (404)
[2018.04.12-21.04.38:998][624]LogModuleManager: Shutting down and abandoning module SessionFrontend (402)
[2018.04.12-21.04.38:999][624]LogModuleManager: Shutting down and abandoning module ProfilerClient (400)
[2018.04.12-21.04.38:999][624]LogModuleManager: Shutting down and abandoning module DeviceManager (398)
[2018.04.12-21.04.38:999][624]LogModuleManager: Shutting down and abandoning module TargetDeviceServices (397)
[2018.04.12-21.04.39:049][624]LogModuleManager: Shutting down and abandoning module AutomationController (394)
[2018.04.12-21.04.39:049][624]LogModuleManager: Shutting down and abandoning module AutomationWindow (392)
[2018.04.12-21.04.39:049][624]LogModuleManager: Shutting down and abandoning module Layers (390)
[2018.04.12-21.04.39:049][624]LogModuleManager: Shutting down and abandoning module ComponentVisualizers (388)
[2018.04.12-21.04.39:049][624]LogModuleManager: Shutting down and abandoning module DetailCustomizations (386)
[2018.04.12-21.04.39:049][624]LogModuleManager: Shutting down and abandoning module PackagesDialog (384)
[2018.04.12-21.04.39:049][624]LogModuleManager: Shutting down and abandoning module Persona (382)
[2018.04.12-21.04.39:049][624]LogModuleManager: Shutting down and abandoning module AdvancedPreviewScene (381)
[2018.04.12-21.04.39:049][624]LogModuleManager: Shutting down and abandoning module AnimGraph (379)
[2018.04.12-21.04.39:049][624]LogModuleManager: Shutting down and abandoning module Kismet (376)
[2018.04.12-21.04.39:056][624]LogModuleManager: Shutting down and abandoning module ClassViewer (374)
[2018.04.12-21.04.39:058][624]LogModuleManager: Shutting down and abandoning module Toolbox (372)
[2018.04.12-21.04.39:058][624]LogModuleManager: Shutting down and abandoning module ModuleUI (370)
[2018.04.12-21.04.39:058][624]LogModuleManager: Shutting down and abandoning module MovieSceneTools (368)
[2018.04.12-21.04.39:058][624]LogModuleManager: Shutting down and abandoning module OutputLog (366)
[2018.04.12-21.04.39:058][624]LogModuleManager: Shutting down and abandoning module GammaUI (364)
[2018.04.12-21.04.39:058][624]LogModuleManager: Shutting down and abandoning module Documentation (362)
[2018.04.12-21.04.39:058][624]LogModuleManager: Shutting down and abandoning module MovieSceneTracks (360)
[2018.04.12-21.04.39:058][624]LogModuleManager: Shutting down and abandoning module MovieScene (358)
[2018.04.12-21.04.39:058][624]LogModuleManager: Shutting down and abandoning module Niagara (356)
[2018.04.12-21.04.39:058][624]LogModuleManager: Shutting down and abandoning module NiagaraEditor (355)
[2018.04.12-21.04.39:058][624]LogModuleManager: Shutting down and abandoning module StreamingPauseRendering (352)
[2018.04.12-21.04.39:058][624]LogModuleManager: Shutting down and abandoning module LauncherPlatform (350)
[2018.04.12-21.04.39:058][624]LogModuleManager: Shutting down and abandoning module AnalyticsET (348)
[2018.04.12-21.04.39:058][624]LogModuleManager: Shutting down and abandoning module PortalServices (346)
[2018.04.12-21.04.39:058][624]LogModuleManager: Shutting down and abandoning module PortalRpc (344)
[2018.04.12-21.04.39:058][624]LogModuleManager: Shutting down and abandoning module MessagingRpc (342)
[2018.04.12-21.04.39:058][624]LogModuleManager: Shutting down and abandoning module AIModule (340)
[2018.04.12-21.04.39:058][624]LogModuleManager: Shutting down and abandoning module GameplayDebugger (339)
[2018.04.12-21.04.39:058][624]LogModuleManager: Shutting down and abandoning module AITestSuite (337)
[2018.04.12-21.04.39:058][624]LogModuleManager: Shutting down and abandoning module ProfilerService (334)
[2018.04.12-21.04.39:101][624]LogModuleManager: Shutting down and abandoning module TaskGraph (332)
[2018.04.12-21.04.39:101][624]LogModuleManager: Shutting down and abandoning module SteamVRController (330)
[2018.04.12-21.04.39:101][624]LogModuleManager: Shutting down and abandoning module ProceduralMeshComponentEditor (328)
[2018.04.12-21.04.39:101][624]LogModuleManager: Shutting down and abandoning module ProceduralMeshComponent (326)
[2018.04.12-21.04.39:101][624]LogModuleManager: Shutting down and abandoning module OculusInput (324)
[2018.04.12-21.04.39:101][624]LogModuleManager: Shutting down and abandoning module MobilePatchingUtils (322)
[2018.04.12-21.04.39:101][624]LogModuleManager: Shutting down and abandoning module CustomMeshComponent (320)
[2018.04.12-21.04.39:101][624]LogModuleManager: Shutting down and abandoning module CableComponent (318)
[2018.04.12-21.04.39:101][624]LogModuleManager: Shutting down and abandoning module ArchVisCharacter (316)
[2018.04.12-21.04.39:101][624]LogModuleManager: Shutting down and abandoning module AndroidPermission (314)
[2018.04.12-21.04.39:101][624]LogModuleManager: Shutting down and abandoning module MediaPlayerEditor (310)
[2018.04.12-21.04.39:101][624]LogModuleManager: Shutting down and abandoning module HTML5Networking (308)
[2018.04.12-21.04.39:101][624]LogModuleManager: Shutting down and abandoning module AlembicImporter (306)
[2018.04.12-21.04.39:101][624]LogModuleManager: Shutting down and abandoning module AlembicLibrary (305)
[2018.04.12-21.04.39:101][624]LogModuleManager: Shutting down and abandoning module GeometryCache (304)
[2018.04.12-21.04.39:101][624]LogModuleManager: Shutting down and abandoning module GeometryCacheEd (303)
[2018.04.12-21.04.39:101][624]LogModuleManager: Shutting down and abandoning module SpeedTreeImporter (298)
[2018.04.12-21.04.39:101][624]LogModuleManager: Shutting down and abandoning module PluginBrowser (296)
[2018.04.12-21.04.39:102][624]LogModuleManager: Shutting down and abandoning module MobileLauncherProfileWizard (294)
[2018.04.12-21.04.39:102][624]LogModuleManager: Shutting down and abandoning module VisualStudioSourceCodeAccess (292)
[2018.04.12-21.04.39:102][624]LogModuleManager: Shutting down and abandoning module DesktopPlatform (291)
[2018.04.12-21.04.39:102][624]LogModuleManager: Shutting down and abandoning module UObjectPlugin (288)
[2018.04.12-21.04.39:102][624]LogModuleManager: Shutting down and abandoning module SubversionSourceControl (286)
[2018.04.12-21.04.39:102][624]LogModuleManager: Shutting down and abandoning module PerforceSourceControl (284)
[2018.04.12-21.04.39:102][624]LogModuleManager: Shutting down and abandoning module GitSourceControl (282)
[2018.04.12-21.04.39:102][624]LogModuleManager: Shutting down and abandoning module SourceControl (281)
[2018.04.12-21.04.39:102][624]LogModuleManager: Shutting down and abandoning module LightPropagationVolumeEditor (278)
[2018.04.12-21.04.39:102][624]LogModuleManager: Shutting down and abandoning module PaperTiledImporter (276)
[2018.04.12-21.04.39:102][624]LogModuleManager: Shutting down and abandoning module PaperSpriteSheetImporter (274)
[2018.04.12-21.04.39:102][624]LogModuleManager: Shutting down and abandoning module Paper2DEditor (272)
[2018.04.12-21.04.39:102][624]LogModuleManager: Shutting down and abandoning module MeshPaint (271)
[2018.04.12-21.04.39:102][624]LogModuleManager: Shutting down and abandoning module LevelEditor (269)
[2018.04.12-21.04.39:102][624]LogModuleManager: Shutting down and abandoning module PixelInspectorModule (268)
[2018.04.12-21.04.39:102][624]LogModuleManager: Shutting down and abandoning module MainFrame (266)
[2018.04.12-21.04.39:102][624]LogModuleManager: Shutting down and abandoning module HotReload (265)
[2018.04.12-21.04.39:102][624]LogModuleManager: Shutting down and abandoning module RuntimePhysXCooking (260)
[2018.04.12-21.04.39:102][624]LogModuleManager: Shutting down and abandoning module PhysXVehiclesEditor (258)
[2018.04.12-21.04.39:102][624]LogModuleManager: Shutting down and abandoning module PhysXVehicles (256)
[2018.04.12-21.04.39:102][624]LogModuleManager: Shutting down and abandoning module OculusEditor (254)
[2018.04.12-21.04.39:102][624]LogModuleManager: Shutting down and abandoning module LocationServicesBPLibrary (252)
[2018.04.12-21.04.39:103][624]LogModuleManager: Shutting down and abandoning module ImmediatePhysicsEditor (250)
[2018.04.12-21.04.39:103][624]LogModuleManager: Shutting down and abandoning module ImmediatePhysics (248)
[2018.04.12-21.04.39:103][624]LogModuleManager: Shutting down and abandoning module UdpMessaging (246)
[2018.04.12-21.04.39:203][624]LogModuleManager: Shutting down and abandoning module TcpMessaging (244)
[2018.04.12-21.04.39:303][624]LogModuleManager: Shutting down and abandoning module GameplayTagsEditor (242)
[2018.04.12-21.04.39:303][624]LogModuleManager: Shutting down and abandoning module FacialAnimationEditor (240)
[2018.04.12-21.04.39:303][624]LogModuleManager: Shutting down and abandoning module FacialAnimation (238)
[2018.04.12-21.04.39:303][624]LogModuleManager: Shutting down and abandoning module AssetManagerEditor (236)
[2018.04.12-21.04.39:303][624]LogModuleManager: Shutting down and abandoning module GraphEditor (235)
[2018.04.12-21.04.39:303][624]LogModuleManager: Shutting down and abandoning module ContentBrowser (233)
[2018.04.12-21.04.39:304][624]LogModuleManager: Shutting down and abandoning module LightPropagationVolumeRuntime (230)
[2018.04.12-21.04.39:304][624]LogModuleManager: Shutting down and abandoning module Paper2D (228)
[2018.04.12-21.04.39:304][624]LogModuleManager: Shutting down and abandoning module WindowsMoviePlayer (226)
[2018.04.12-21.04.39:304][624]LogModuleManager: Shutting down and abandoning module WmfMedia (224)
[2018.04.12-21.04.39:305][624]LogModuleManager: Shutting down and abandoning module PacketHandler (222)
[2018.04.12-21.04.39:305][624]LogModuleManager: Shutting down and abandoning module ClothingSystemEditor (220)
[2018.04.12-21.04.39:305][624]LogModuleManager: Shutting down and abandoning module ClothingSystemRuntime (218)
[2018.04.12-21.04.39:305][624]LogModuleManager: Shutting down and abandoning module Overlay (216)
[2018.04.12-21.04.39:305][624]LogModuleManager: Shutting down and abandoning module OverlayEditor (215)
[2018.04.12-21.04.39:305][624]LogModuleManager: Shutting down and abandoning module MediaAssets (212)
[2018.04.12-21.04.39:305][624]LogModuleManager: Shutting down and abandoning module VREditor (210)
[2018.04.12-21.04.39:305][624]LogModuleManager: Shutting down and abandoning module StringTableEditor (208)
[2018.04.12-21.04.39:305][624]LogModuleManager: Shutting down and abandoning module GameplayTasksEditor (206)
[2018.04.12-21.04.39:305][624]LogModuleManager: Shutting down and abandoning module BehaviorTreeEditor (204)
[2018.04.12-21.04.39:305][624]LogModuleManager: Shutting down and abandoning module FunctionalTesting (202)
[2018.04.12-21.04.39:305][624]LogModuleManager: Shutting down and abandoning module CollisionAnalyzer (200)
[2018.04.12-21.04.39:305][624]LogModuleManager: Shutting down and abandoning module WorkspaceMenuStructure (199)
[2018.04.12-21.04.39:305][624]LogModuleManager: Shutting down and abandoning module UMG (196)
[2018.04.12-21.04.39:305][624]LogModuleManager: Shutting down and abandoning module UMGEditor (195)
[2018.04.12-21.04.39:305][624]LogModuleManager: Shutting down and abandoning module Sequencer (194)
[2018.04.12-21.04.39:305][624]LogModuleManager: Shutting down and abandoning module MessageLog (191)
[2018.04.12-21.04.39:305][624]LogModuleManager: Shutting down and abandoning module SlateReflector (186)
[2018.04.12-21.04.39:305][624]LogModuleManager: Shutting down and abandoning module Slate (184)
[2018.04.12-21.04.39:305][624]LogModuleManager: Shutting down and abandoning module EditorStyle (182)
[2018.04.12-21.04.39:307][624]LogModuleManager: Shutting down and abandoning module MRMesh (180)
[2018.04.12-21.04.39:307][624]LogModuleManager: Shutting down and abandoning module SourceCodeAccess (178)
[2018.04.12-21.04.39:307][624]LogModuleManager: Shutting down and abandoning module HeadMountedDisplay (176)
[2018.04.12-21.04.39:307][624]LogModuleManager: Shutting down and abandoning module XAudio2 (174)
[2018.04.12-21.04.39:307][624]LogModuleManager: Shutting down and abandoning module Networking (172)
[2018.04.12-21.04.39:307][624]LogModuleManager: Shutting down and abandoning module Core (168)
[2018.04.12-21.04.39:307][624]LogModuleManager: Shutting down and abandoning module KismetCompiler (164)
[2018.04.12-21.04.39:307][624]LogModuleManager: Shutting down and abandoning module MeshUtilities (162)
[2018.04.12-21.04.39:307][624]LogModuleManager: Shutting down and abandoning module MeshMergeUtilities (161)
[2018.04.12-21.04.39:307][624]LogModuleManager: Shutting down and abandoning module MeshReductionInterface (160)
[2018.04.12-21.04.39:307][624]LogModuleManager: Shutting down and abandoning module SimplygonSwarm (159)
[2018.04.12-21.04.39:307][624]LogModuleManager: Shutting down and abandoning module SimplygonMeshReduction (157)
[2018.04.12-21.04.39:307][624]LogModuleManager: Shutting down and abandoning module QuadricMeshReduction (155)
[2018.04.12-21.04.39:307][624]LogModuleManager: Shutting down and abandoning module MaterialBaking (151)
[2018.04.12-21.04.39:307][624]LogModuleManager: Shutting down and abandoning module LevelSequence (148)
[2018.04.12-21.04.39:307][624]LogModuleManager: Shutting down and abandoning module DirectoryWatcher (146)
[2018.04.12-21.04.39:307][624]LogModuleManager: Shutting down and abandoning module DerivedDataCache (144)
[2018.04.12-21.04.39:331][624]LogDerivedDataCache: Shutdown
[2018.04.12-21.04.39:331][624]LogModuleManager: Shutting down and abandoning module TargetPlatform (142)
[2018.04.12-21.04.39:331][624]LogModuleManager: Shutting down and abandoning module VulkanShaderFormat (141)
[2018.04.12-21.04.39:331][624]LogModuleManager: Shutting down and abandoning module ShaderFormatVectorVM (139)
[2018.04.12-21.04.39:331][624]LogModuleManager: Shutting down and abandoning module ShaderFormatOpenGL (137)
[2018.04.12-21.04.39:331][624]LogModuleManager: Shutting down and abandoning module ShaderFormatD3D (135)
[2018.04.12-21.04.39:331][624]LogModuleManager: Shutting down and abandoning module MetalShaderFormat (133)
[2018.04.12-21.04.39:331][624]LogModuleManager: Shutting down and abandoning module TextureFormatUncompressed (131)
[2018.04.12-21.04.39:331][624]LogModuleManager: Shutting down and abandoning module TextureFormatPVR (129)
[2018.04.12-21.04.39:331][624]LogModuleManager: Shutting down and abandoning module TextureFormatDXT (127)
[2018.04.12-21.04.39:331][624]LogModuleManager: Shutting down and abandoning module TextureFormatIntelISPCTexComp (125)
[2018.04.12-21.04.39:331][624]LogModuleManager: Shutting down and abandoning module TextureFormatASTC (123)
[2018.04.12-21.04.39:331][624]LogModuleManager: Shutting down and abandoning module ImageWrapper (122)
[2018.04.12-21.04.39:331][624]LogModuleManager: Shutting down and abandoning module TextureFormatAndroid (119)
[2018.04.12-21.04.39:331][624]LogModuleManager: Shutting down and abandoning module AudioFormatOpus (117)
[2018.04.12-21.04.39:331][624]LogModuleManager: Shutting down and abandoning module AudioFormatOgg (115)
[2018.04.12-21.04.39:331][624]LogModuleManager: Shutting down and abandoning module AudioFormatADPCM (113)
[2018.04.12-21.04.39:331][624]LogModuleManager: Shutting down and abandoning module LinuxTargetPlatform (111)
[2018.04.12-21.04.39:331][624]LogModuleManager: Shutting down and abandoning module LinuxServerTargetPlatform (109)
[2018.04.12-21.04.39:331][624]LogModuleManager: Shutting down and abandoning module LinuxNoEditorTargetPlatform (107)
[2018.04.12-21.04.39:331][624]LogModuleManager: Shutting down and abandoning module LinuxClientTargetPlatform (105)
[2018.04.12-21.04.39:331][624]LogModuleManager: Shutting down and abandoning module TVOSTargetPlatform (103)
[2018.04.12-21.04.39:331][624]LogModuleManager: Shutting down and abandoning module Messaging (101)
[2018.04.12-21.04.39:331][624]LogModuleManager: Shutting down and abandoning module IOSTargetPlatform (99)
[2018.04.12-21.04.39:331][624]LogModuleManager: Shutting down and abandoning module HTML5TargetPlatform (97)
[2018.04.12-21.04.39:331][624]LogModuleManager: Shutting down and abandoning module Android_PVRTCTargetPlatform (95)
[2018.04.12-21.04.39:331][624]LogModuleManager: Shutting down and abandoning module Android_MultiTargetPlatform (93)
[2018.04.12-21.04.39:331][624]LogModuleManager: Shutting down and abandoning module Android_ETC2TargetPlatform (91)
[2018.04.12-21.04.39:331][624]LogModuleManager: Shutting down and abandoning module Android_ETC1TargetPlatform (89)
[2018.04.12-21.04.39:332][624]LogModuleManager: Shutting down and abandoning module Android_DXTTargetPlatform (87)
[2018.04.12-21.04.39:332][624]LogModuleManager: Shutting down and abandoning module Android_ATCTargetPlatform (85)
[2018.04.12-21.04.39:332][624]LogModuleManager: Shutting down and abandoning module Android_ASTCTargetPlatform (83)
[2018.04.12-21.04.39:332][624]LogModuleManager: Shutting down and abandoning module AndroidTargetPlatform (81)
[2018.04.12-21.04.39:332][624]LogModuleManager: Shutting down and abandoning module WindowsTargetPlatform (79)
[2018.04.12-21.04.39:332][624]LogModuleManager: Shutting down and abandoning module WindowsServerTargetPlatform (77)
[2018.04.12-21.04.39:332][624]LogModuleManager: Shutting down and abandoning module WindowsNoEditorTargetPlatform (75)
[2018.04.12-21.04.39:332][624]LogModuleManager: Shutting down and abandoning module WindowsClientTargetPlatform (73)
[2018.04.12-21.04.39:332][624]LogModuleManager: Shutting down and abandoning module MacTargetPlatform (71)
[2018.04.12-21.04.39:332][624]LogModuleManager: Shutting down and abandoning module MacServerTargetPlatform (69)
[2018.04.12-21.04.39:332][624]LogModuleManager: Shutting down and abandoning module MacNoEditorTargetPlatform (67)
[2018.04.12-21.04.39:332][624]LogModuleManager: Shutting down and abandoning module MacClientTargetPlatform (65)
[2018.04.12-21.04.39:332][624]LogModuleManager: Shutting down and abandoning module AllDesktopTargetPlatform (63)
[2018.04.12-21.04.39:332][624]LogModuleManager: Shutting down and abandoning module InputCore (60)
[2018.04.12-21.04.39:332][624]LogModuleManager: Shutting down and abandoning module Settings (58)
[2018.04.12-21.04.39:332][624]LogModuleManager: Shutting down and abandoning module PhysXCooking (56)
[2018.04.12-21.04.39:332][624]LogModuleManager: Shutting down and abandoning module SteamVR (54)
[2018.04.12-21.04.39:332][624]LogModuleManager: Shutting down and abandoning module OculusHMD (52)
[2018.04.12-21.04.39:332][624]LogModuleManager: Shutting down and abandoning module ExampleDeviceProfileSelector (50)
[2018.04.12-21.04.39:332][624]LogModuleManager: Shutting down and abandoning module OnlineBlueprintSupport (48)
[2018.04.12-21.04.39:332][624]LogModuleManager: Shutting down and abandoning module OnlineSubsystem (44)
[2018.04.12-21.04.39:332][624]LogOnline: Display: Unloading online subsystem: NULL
[2018.04.12-21.04.39:332][624]LogModuleManager: Shutting down and abandoning module XMPP (43)
[2018.04.12-21.04.39:332][624]LogModuleManager: Shutting down and abandoning module HTTP (41)
[2018.04.12-21.04.39:332][624]LogHttp: Display: Http module shutting down, but needs to wait on 1 outstanding Http requests:
[2018.04.12-21.04.39:332][624]LogHttp: Display: 	verb=[POST] url=[https://datarouter.ol.epicgames.com/datarouter/api/v1/public/data?SessionID=%7B60441674-4564-D22D-2D7B-AC9959361BDD%7D&AppID=UEEditor.Rocket.Release&AppVersion=4.17.2-3658906%2B%2B%2BUE4%2BRelease-4.17&UserID=f0ff1c4046fab7ae648280b23d3dc67b%7C605c327114b04007b266258920196fd5%7C8a61c09e-5bb7-433a-9111-afc627312955&AppEnvironment=datacollector-binary&UploadType=eteventstream] status=Processing
[2018.04.12-21.04.39:360][624]LogModuleManager: Shutting down and abandoning module SSL (40)
[2018.04.12-21.04.39:362][624]LogModuleManager: Shutting down and abandoning module AnimationModifiers (36)
[2018.04.12-21.04.39:362][624]LogModuleManager: Shutting down and abandoning module PropertyEditor (35)
[2018.04.12-21.04.39:362][624]LogModuleManager: Shutting down and abandoning module AudioEditor (32)
[2018.04.12-21.04.39:362][624]LogModuleManager: Shutting down and abandoning module TextureCompressor (30)
[2018.04.12-21.04.39:362][624]LogModuleManager: Shutting down and abandoning module ShaderCore (28)
[2018.04.12-21.04.39:362][624]LogModuleManager: Shutting down and abandoning module Landscape (26)
[2018.04.12-21.04.39:362][624]LogModuleManager: Shutting down and abandoning module SlateRHIRenderer (24)
[2018.04.12-21.04.39:363][624]LogModuleManager: Shutting down and abandoning module OpenGLDrv (22)
[2018.04.12-21.04.39:363][624]LogModuleManager: Shutting down and abandoning module D3D11RHI (20)
[2018.04.12-21.04.39:364][624]LogModuleManager: Shutting down and abandoning module AnimGraphRuntime (18)
[2018.04.12-21.04.39:364][624]LogModuleManager: Shutting down and abandoning module Renderer (16)
[2018.04.12-21.04.39:364][624]LogModuleManager: Shutting down and abandoning module Engine (14)
[2018.04.12-21.04.39:364][624]LogModuleManager: Shutting down and abandoning module CoreUObject (12)
[2018.04.12-21.04.39:364][624]LogModuleManager: Shutting down and abandoning module NetworkFile (10)
[2018.04.12-21.04.39:364][624]LogModuleManager: Shutting down and abandoning module CookedIterativeFile (8)
[2018.04.12-21.04.39:364][624]LogModuleManager: Shutting down and abandoning module StreamingFile (6)
[2018.04.12-21.04.39:364][624]LogModuleManager: Shutting down and abandoning module SandboxFile (4)
[2018.04.12-21.04.39:364][624]LogModuleManager: Shutting down and abandoning module PakFile (2)
[2018.04.12-21.04.39:366][624]LogExit: Exiting.
[2018.04.12-21.04.39:375][624]Log file closed, 04/12/18 22:04:39
