Log file open, 04/16/18 23:46:31
LogWindows: Failed to load 'aqProf.dll' (GetLastError=126)
LogWindows: File 'aqProf.dll' does not exist
LogWindows: Failed to load 'VtuneApi.dll' (GetLastError=126)
LogWindows: File 'VtuneApi.dll' does not exist
LogWindows: Failed to load 'VtuneApi32e.dll' (GetLastError=126)
LogWindows: File 'VtuneApi32e.dll' does not exist
LogInit: Display: Running engine for game: MyProject9
LogPlatformFile: Not using cached read wrapper
LogInit: Display: RandInit(273403673) SRandInit(273403673).
LogTaskGraph: Started task graph with 5 named threads and 14 total threads with 3 sets of task threads.
LogStats: Stats thread started at 0.145939
LogD3D11RHI: Aftermath initialized
LogPluginManager: Mounting plugin Paper2D
LogPluginManager: Mounting plugin LightPropagationVolume
LogPluginManager: Mounting plugin CodeLiteSourceCodeAccess
LogPluginManager: Mounting plugin GitSourceControl
LogPluginManager: Mounting plugin KDevelopSourceCodeAccess
LogPluginManager: Mounting plugin NullSourceCodeAccess
LogPluginManager: Mounting plugin PerforceSourceControl
LogPluginManager: Mounting plugin SubversionSourceControl
LogPluginManager: Mounting plugin UObjectPlugin
LogPluginManager: Mounting plugin VisualStudioSourceCodeAccess
LogPluginManager: Mounting plugin XCodeSourceCodeAccess
LogPluginManager: Mounting plugin AssetManagerEditor
LogPluginManager: Mounting plugin AudioCapture
LogPluginManager: Mounting plugin FacialAnimation
LogPluginManager: Mounting plugin GameplayTagsEditor
LogPluginManager: Mounting plugin MobileLauncherProfileWizard
LogPluginManager: Mounting plugin PluginBrowser
LogPluginManager: Mounting plugin SpeedTreeImporter
LogPluginManager: Mounting plugin AlembicImporter
LogPluginManager: Mounting plugin CharacterAI
LogPluginManager: Mounting plugin HTML5Networking
LogPluginManager: Mounting plugin AndroidMedia
LogPluginManager: Mounting plugin AvfMedia
LogPluginManager: Mounting plugin MediaPlayerEditor
LogPluginManager: Mounting plugin WmfMedia
LogPluginManager: Mounting plugin TcpMessaging
LogPluginManager: Mounting plugin UdpMessaging
LogPluginManager: Mounting plugin ActorSequenceEditor
LogPluginManager: Mounting plugin LevelSequenceEditor
LogPluginManager: Mounting plugin MatineeToLevelSequence
LogPluginManager: Mounting plugin OnlineSubsystemGooglePlay
LogPluginManager: Mounting plugin OnlineSubsystemIOS
LogPluginManager: Mounting plugin OnlineSubsystem
LogPluginManager: Mounting plugin OnlineSubsystemNull
LogPluginManager: Mounting plugin OnlineSubsystemUtils
LogPluginManager: Mounting plugin AndroidDeviceProfileSelector
LogPluginManager: Mounting plugin AndroidMoviePlayer
LogPluginManager: Mounting plugin AndroidPermission
LogPluginManager: Mounting plugin AppleMoviePlayer
LogPluginManager: Mounting plugin ArchVisCharacter
LogPluginManager: Mounting plugin CableComponent
LogPluginManager: Mounting plugin CustomMeshComponent
LogPluginManager: Mounting plugin ExampleDeviceProfileSelector
LogPluginManager: Mounting plugin GoogleCloudMessaging
LogPluginManager: Mounting plugin ImmediatePhysics
LogPluginManager: Mounting plugin IOSDeviceProfileSelector
LogPluginManager: Mounting plugin LinuxDeviceProfileSelector
LogPluginManager: Mounting plugin LocationServicesBPLibrary
LogPluginManager: Mounting plugin MobilePatchingUtils
LogPluginManager: Mounting plugin OculusVR
LogPluginManager: Mounting plugin PhysXVehicles
LogPluginManager: Mounting plugin ProceduralMeshComponent
LogPluginManager: Mounting plugin RuntimePhysXCooking
LogPluginManager: Mounting plugin SteamVR
LogPluginManager: Mounting plugin WindowsMoviePlayer
LogInit: Using libcurl 7.47.1
LogInit:  - built for x86_64-pc-win32
LogInit:  - supports SSL with OpenSSL/1.0.2g
LogInit:  - supports HTTP deflate (compression) using libz 1.2.8
LogInit:  - other features:
LogInit:      CURL_VERSION_SSL
LogInit:      CURL_VERSION_LIBZ
LogInit:      CURL_VERSION_IPV6
LogInit:      CURL_VERSION_ASYNCHDNS
LogInit:      CURL_VERSION_LARGEFILE
LogInit:      CURL_VERSION_IDN
LogInit:  CurlRequestOptions (configurable via config and command line):
LogInit:  - bVerifyPeer = false  - Libcurl will NOT verify peer certificate
LogInit:  - bUseHttpProxy = false  - Libcurl will NOT use HTTP proxy
LogInit:  - bDontReuseConnections = false  - Libcurl will reuse connections
LogInit:  - CertBundlePath = nullptr  - Libcurl will use whatever was configured at build time.
LogInit: Build: ++UE4+Release-4.17-CL-3658906
LogInit: Engine Version: 4.17.2-3658906+++UE4+Release-4.17
LogInit: Compatible Engine Version: 4.17.0-3573198+++UE4+Release-4.17
LogInit: Net CL: 3573198
LogDevObjectVersion: Number of dev versions registered: 16
LogDevObjectVersion:   Dev-Blueprints (B0D832E4-1F89-4F0D-ACCF-7EB736FD4AA2): 10
LogDevObjectVersion:   Dev-Build (E1C64328-A22C-4D53-A36C-8E866417BD8C): 0
LogDevObjectVersion:   Dev-Core (375EC13C-06E4-48FB-B500-84F0262A717E): 2
LogDevObjectVersion:   Dev-Editor (E4B068ED-F494-42E9-A231-DA0B2E46BB41): 20
LogDevObjectVersion:   Dev-Framework (CFFC743F-43B0-4480-9391-14DF171D2073): 28
LogDevObjectVersion:   Dev-Mobile (B02B49B5-BB20-44E9-A304-32B752E40360): 0
LogDevObjectVersion:   Dev-Networking (A4E4105C-59A1-49B5-A7C5-40C4547EDFEE): 0
LogDevObjectVersion:   Dev-Online (39C831C9-5AE6-47DC-9A44-9C173E1C8E7C): 0
LogDevObjectVersion:   Dev-Physics (78F01B33-EBEA-4F98-B9B4-84EACCB95AA2): 0
LogDevObjectVersion:   Dev-Platform (6631380F-2D4D-43E0-8009-CF276956A95A): 0
LogDevObjectVersion:   Dev-Rendering (12F88B9F-8875-4AFC-A67C-D90C383ABD29): 19
LogDevObjectVersion:   Dev-Sequencer (7B5AE74C-D270-4C10-A958-57980B212A5A): 4
LogDevObjectVersion:   Dev-VR (D7296918-1DD6-4BDD-9DE2-64A83CC13884): 0
LogDevObjectVersion:   Dev-LoadTimes (C2A15278-BFE7-4AFE-6C17-90FF531DF755): 1
LogDevObjectVersion:   Private-Geometry (6EACA3D4-40EC-4CC1-B786-8BED09428FC5): 1
LogDevObjectVersion:   Dev-AnimPhys (29E575DD-E0A3-4627-9D10-D276232CDCEA): 7
LogInit: Compiled (64-bit): Sep 22 2017 13:47:16
LogInit: Compiled with Visual C++: 19.00.24215.01
LogInit: Build Configuration: Development
LogInit: Branch Name: ++UE4+Release-4.17
LogInit: Command line: -EpicPortal 
LogInit: Base directory: C:/Program Files/Epic Games/UE_4.17/Engine/Binaries/Win64/
LogInit: Installed Engine Build: 1
LogInit: Presizing for max 8388607 objects, including 0 objects not considered by GC, pre-allocating 0 bytes for permanent pool.
LogInit: Object subsystem initialized
[2018.04.16-22.46.31:909][  0]LogInit: Selected Device Profile: [Windows]
[2018.04.16-22.46.31:909][  0]LogInit: Applying CVar settings loaded from the selected device profile: [Windows]
[2018.04.16-22.46.31:915][  0]LogInit: Computer: KATALYTIC-PC
[2018.04.16-22.46.31:915][  0]LogInit: User: KATALYTIC
[2018.04.16-22.46.31:915][  0]LogInit: CPU Page size=4096, Cores=4
[2018.04.16-22.46.31:915][  0]LogInit: High frequency timer resolution =3.904003 MHz
[2018.04.16-22.46.31:915][  0]LogMemory: Memory total: Physical=15.9GB (16GB approx)
[2018.04.16-22.46.31:915][  0]LogMemory: Platform Memory Stats for Windows
[2018.04.16-22.46.31:915][  0]LogMemory: Process Physical Memory: 281.39 MB used, 281.39 MB peak
[2018.04.16-22.46.31:915][  0]LogMemory: Process Virtual Memory: 285.62 MB used, 285.62 MB peak
[2018.04.16-22.46.31:915][  0]LogMemory: Physical Memory: 9695.55 MB used,  6631.30 MB free, 16326.85 MB total
[2018.04.16-22.46.31:915][  0]LogMemory: Virtual Memory: 665.18 MB used,  6631.30 MB free, 8388608.00 MB total
[2018.04.16-22.46.32:027][  0]LogInit: Using OS detected language (en-GB).
[2018.04.16-22.46.32:027][  0]LogInit: Using OS detected locale (en-GB).
[2018.04.16-22.46.32:029][  0]LogTextLocalizationManager: No specific localization for 'en-GB' exists, so the 'en' localization will be used.
[2018.04.16-22.46.32:588][  0]LogD3D11RHI: D3D11 adapters:
[2018.04.16-22.46.32:618][  0]LogD3D11RHI:    0. 'NVIDIA GeForce GTX 960' (Feature Level 11_0)
[2018.04.16-22.46.32:618][  0]LogD3D11RHI:       1969/0/7907 MB DedicatedVideo/DedicatedSystem/SharedSystem, Outputs:2, VendorId:0x10de
[2018.04.16-22.46.32:618][  0]LogD3D11RHI: Chosen D3D11 Adapter: 0
[2018.04.16-22.46.32:625][  0]LogD3D11RHI: Creating new Direct3DDevice
[2018.04.16-22.46.32:625][  0]LogD3D11RHI:     GPU DeviceId: 0x1401 (for the marketing name, search the web for "GPU Device Id")
[2018.04.16-22.46.32:625][  0]LogWindows: EnumDisplayDevices:
[2018.04.16-22.46.32:625][  0]LogWindows:    0. 'NVIDIA GeForce GTX 960' (P:1 D:1)
[2018.04.16-22.46.32:625][  0]LogWindows:    1. 'NVIDIA GeForce GTX 960' (P:0 D:1)
[2018.04.16-22.46.32:626][  0]LogWindows:    2. 'NVIDIA GeForce GTX 960' (P:0 D:0)
[2018.04.16-22.46.32:626][  0]LogWindows:    3. 'NVIDIA GeForce GTX 960' (P:0 D:0)
[2018.04.16-22.46.32:626][  0]LogWindows:    4. 'RDPDD Chained DD' (P:0 D:0)
[2018.04.16-22.46.32:626][  0]LogWindows:    5. 'RDP Encoder Mirror Driver' (P:0 D:0)
[2018.04.16-22.46.32:626][  0]LogWindows:    6. 'RDP Reflector Display Driver' (P:0 D:0)
[2018.04.16-22.46.32:626][  0]LogWindows: DebugString: GetVideoDriverDetailsInvalid PrimaryIsNotTheChoosenAdapter GetVideoDriverDetailsInvalid PrimaryIsNotTheChoosenAdapter GetVideoDriverDetailsInvalid PrimaryIsNotTheChoosenAdapter FoundDriverCount:4 
[2018.04.16-22.46.32:626][  0]LogD3D11RHI:     Adapter Name: NVIDIA GeForce GTX 960
[2018.04.16-22.46.32:626][  0]LogD3D11RHI:   Driver Version: 388.59 (internal:23.21.13.8859, unified:388.59)
[2018.04.16-22.46.32:626][  0]LogD3D11RHI:      Driver Date: 12-5-2017
[2018.04.16-22.46.32:626][  0]LogRHI: Texture pool is 1361 MB (70% of 1945 MB)
[2018.04.16-22.46.32:633][  0]LogD3D11RHI: Async texture creation enabled
[2018.04.16-22.46.32:647][  0]LogD3D11RHI: GPU Timing Frequency: 1000.000000 (Debug: 2 2)
[2018.04.16-22.46.32:652][  0]LogShaderCompilers: Guid format shader working directory is -25 characters bigger than the processId version (../../../../../../Users/KATALYTIC/Desktop/LabyrinthGame - buttonSequencing/Intermediate/Shaders/WorkingDirectory/11420/).
[2018.04.16-22.46.32:652][  0]LogShaderCompilers: Cleaned the shader compiler working directory 'C:/Users/KATALYTIC/AppData/Local/Temp/UnrealShaderWorkingDir/758AA0AD400B4FFB4ED337975406EBA0/'.
[2018.04.16-22.46.32:652][  0]LogShaderCompilers: Display: Using Local Shader Compiler.
[2018.04.16-22.46.33:416][  0]LogTemp: Display: Loaded TP AllDesktopTargetPlatform
[2018.04.16-22.46.33:447][  0]LogTemp: Display: Loaded TP MacClientTargetPlatform
[2018.04.16-22.46.33:480][  0]LogTemp: Display: Loaded TP MacNoEditorTargetPlatform
[2018.04.16-22.46.33:513][  0]LogTemp: Display: Loaded TP MacServerTargetPlatform
[2018.04.16-22.46.33:547][  0]LogTemp: Display: Loaded TP MacTargetPlatform
[2018.04.16-22.46.33:579][  0]LogTemp: Display: Loaded TP WindowsClientTargetPlatform
[2018.04.16-22.46.33:611][  0]LogTemp: Display: Loaded TP WindowsNoEditorTargetPlatform
[2018.04.16-22.46.33:643][  0]LogTemp: Display: Loaded TP WindowsServerTargetPlatform
[2018.04.16-22.46.33:670][  0]LogTemp: Display: Loaded TP WindowsTargetPlatform
[2018.04.16-22.46.33:702][  0]LogTemp: Display: Loaded TP AndroidTargetPlatform
[2018.04.16-22.46.33:733][  0]LogTemp: Display: Loaded TP Android_ASTCTargetPlatform
[2018.04.16-22.46.33:764][  0]LogTemp: Display: Loaded TP Android_ATCTargetPlatform
[2018.04.16-22.46.33:794][  0]LogTemp: Display: Loaded TP Android_DXTTargetPlatform
[2018.04.16-22.46.33:825][  0]LogTemp: Display: Loaded TP Android_ETC1TargetPlatform
[2018.04.16-22.46.33:856][  0]LogTemp: Display: Loaded TP Android_ETC2TargetPlatform
[2018.04.16-22.46.33:918][  0]LogTemp: Display: Loaded TP Android_MultiTargetPlatform
[2018.04.16-22.46.33:918][  0]LogTemp: Display: Loaded TP Android_PVRTCTargetPlatform
[2018.04.16-22.46.33:940][  0]LogTemp: Display: Loaded TP HTML5TargetPlatform
[2018.04.16-22.46.34:003][  0]LogTemp: Display: Loaded TP IOSTargetPlatform
[2018.04.16-22.46.34:022][  0]LogTemp: Display: Loaded TP TVOSTargetPlatform
[2018.04.16-22.46.34:053][  0]LogTemp: Display: Loaded TP LinuxClientTargetPlatform
[2018.04.16-22.46.34:084][  0]LogTemp: Display: Loaded TP LinuxNoEditorTargetPlatform
[2018.04.16-22.46.34:116][  0]LogTemp: Display: Loaded TP LinuxServerTargetPlatform
[2018.04.16-22.46.34:147][  0]LogTemp: Display: Loaded TP LinuxTargetPlatform
[2018.04.16-22.46.34:148][  0]LogTargetPlatformManager: Display: Building Assets For Windows
[2018.04.16-22.46.34:417][  0]LogDerivedDataCache: Display: Max Cache Size: 512 MB
[2018.04.16-22.46.34:498][  0]LogDerivedDataCache: Loaded boot cache 0.08s 93MB C:/Users/KATALYTIC/AppData/Local/UnrealEngine/4.17/DerivedDataCache/Boot.ddc.
[2018.04.16-22.46.34:498][  0]LogDerivedDataCache: Display: Loaded Boot cache: C:/Users/KATALYTIC/AppData/Local/UnrealEngine/4.17/DerivedDataCache/Boot.ddc
[2018.04.16-22.46.34:498][  0]LogDerivedDataCache: FDerivedDataBackendGraph:  Pak pak cache file ../../../../../../Users/KATALYTIC/Desktop/LabyrinthGame - buttonSequencing/DerivedDataCache/DDC.ddp not found, will not use a pak cache.
[2018.04.16-22.46.34:498][  0]LogDerivedDataCache: Unable to find inner node Pak for hierarchical cache Hierarchy.
[2018.04.16-22.46.34:498][  0]LogDerivedDataCache: FDerivedDataBackendGraph:  CompressedPak pak cache file ../../../../../../Users/KATALYTIC/Desktop/LabyrinthGame - buttonSequencing/DerivedDataCache/Compressed.ddp not found, will not use a pak cache.
[2018.04.16-22.46.34:498][  0]LogDerivedDataCache: Unable to find inner node CompressedPak for hierarchical cache Hierarchy.
[2018.04.16-22.46.34:513][  0]LogDerivedDataCache: Display: Pak cache opened for reading ../../../Engine/DerivedDataCache/Compressed.ddp.
[2018.04.16-22.46.34:524][  0]LogDerivedDataCache: Using Local data cache path C:/Users/KATALYTIC/AppData/Local/UnrealEngine/Common/DerivedDataCache: Writable
[2018.04.16-22.46.34:532][  0]LogMaterial: Verifying Global Shaders for PCD3D_SM5
[2018.04.16-22.46.34:533][  0]LogSlate: Using Freetype 2.6.0
[2018.04.16-22.46.34:533][  0]LogSlate: SlateFontCache - WITH_FREETYPE: 1, WITH_HARFBUZZ: 1
[2018.04.16-22.46.34:533][  0]LogSlate: SlateFontCache - WITH_FREETYPE: 1, WITH_HARFBUZZ: 1
[2018.04.16-22.46.34:739][  0]LogAssetRegistry: FAssetRegistry took 0.0236 seconds to start up
[2018.04.16-22.46.34:874][  0]LogInit: Selected Device Profile: [Windows]
[2018.04.16-22.46.34:878][  0]LogContentStreaming: Texture pool size is 0.00 MB
[2018.04.16-22.46.35:135][  0]LogSimplygon: Simplygon DLL not present - disabling.
[2018.04.16-22.46.35:158][  0]LogMeshReduction: Using SimplygonSwarm for distributed automatic mesh merging
[2018.04.16-22.46.35:158][  0]LogMeshReduction: Using QuadricMeshReduction for automatic static mesh reduction
[2018.04.16-22.46.35:158][  0]LogMeshReduction: No automatic skeletal mesh reduction module available
[2018.04.16-22.46.35:158][  0]LogMeshReduction: No automatic mesh merging module available
[2018.04.16-22.46.35:158][  0]LogMeshMerging: No automatic mesh merging module available
[2018.04.16-22.46.35:432][  0]LogNetVersion: MyProject9 , NetCL: 3573198, EngineNetVer: 2, GameNetVer: 0 (Checksum: 1926956936)
[2018.04.16-22.46.35:569][  0]LogPackageLocalizationCache: Processed 5 localized package path(s) for 2 prioritized culture(s) in 0.024150 seconds
[2018.04.16-22.46.35:574][  0]LogUObjectArray: 35825 objects as part of root set at end of initial load.
[2018.04.16-22.46.35:574][  0]LogUObjectAllocator: 7529104 out of 0 bytes used by permanent object pool.
[2018.04.16-22.46.35:574][  0]LogUObjectArray: CloseDisregardForGC: 0/0 objects in disregard for GC pool
[2018.04.16-22.46.35:606][  0]LogInit: WinSock: version 1.1 (2.2), MaxSocks=32767, MaxUdp=65467
[2018.04.16-22.46.37:250][  0]LogTcpMessaging: Initializing TcpMessaging bridge
[2018.04.16-22.46.37:275][  0]LogUdpMessaging: Initializing bridge on interface 0.0.0.0:0 to multicast group 230.0.0.1:6666.
[2018.04.16-22.46.37:652][  0]LogMaterial: Uniform references updated for custom material expression Custom.
[2018.04.16-22.46.37:902][  0]SourceControl: Source control is disabled
[2018.04.16-22.46.37:902][  0]SourceControl: Source control is disabled
[2018.04.16-22.46.37:928][  0]SourceControl: Source control is disabled
[2018.04.16-22.46.37:952][  0]SourceControl: Source control is disabled
[2018.04.16-22.46.38:273][  0]LogAndroidPermission: UAndroidPermissionCallbackProxy::GetInstance
[2018.04.16-22.46.38:408][  0]LogOcInput: OculusInput pre-init called
[2018.04.16-22.46.38:565][  0]LogEngine: Initializing Engine...
[2018.04.16-22.46.38:566][  0]LogHMD: Failed to initialize OpenVR with code 110
[2018.04.16-22.46.38:757][  0]LogStats: UGameplayTagsManager::ConstructGameplayTagTree: Construct from data asset -  0.000 s
[2018.04.16-22.46.38:757][  0]LogStats: UGameplayTagsManager::ConstructGameplayTagTree: GameplayTagTreeChangedEvent.Broadcast -  0.000 s
[2018.04.16-22.46.38:830][  0]LogAIModule: Creating AISystem for world Untitled
[2018.04.16-22.46.38:840][  0]LogInit: XAudio2 using 'Headset Earphone (3- ASTRO MixAmp Pro           )' : 2 channels at 48 kHz using 16 bits per sample (channel mask 0x3)
[2018.04.16-22.46.38:844][  0]LogInit: FAudioDevice initialized.
[2018.04.16-22.46.39:075][  0]LogDerivedDataCache: Saved boot cache 0.23s 93MB C:/Users/KATALYTIC/AppData/Local/UnrealEngine/4.17/DerivedDataCache/Boot.ddc.
[2018.04.16-22.46.39:088][  0]LogInit: Texture streaming: Enabled
[2018.04.16-22.46.39:152][  0]LogEngineSessionManager: EngineSessionManager initialized
[2018.04.16-22.46.39:282][  0]LogInit: Transaction tracking system initialized
[2018.04.16-22.46.39:456][  0]BlueprintLog: New page: Editor Load
[2018.04.16-22.46.39:957][  0]LocalizationService: Localization service is disabled
[2018.04.16-22.46.40:344][  0]LogConsoleResponse: Display: 
[2018.04.16-22.46.40:482][  0]LogCook: Display: Max memory allowance for cook 16384mb min free memory 0mb
[2018.04.16-22.46.40:482][  0]LogCook: Display: Mobile HDR setting 1
[2018.04.16-22.46.40:482][  0]LogGameplayTags: Display: UGameplayTagsManager::DoneAddingNativeTags. DelegateIsBound: 0
[2018.04.16-22.46.41:096][  0]LogFileCache: Scanning file cache for directory 'C:/Users/KATALYTIC/Desktop/LabyrinthGame - buttonSequencing/Content/' took 0.01s
[2018.04.16-22.46.41:096][  0]SourceControl: Source control is disabled
[2018.04.16-22.46.41:096][  0]Cmd: MAP LOAD FILE="../../../../../../Users/KATALYTIC/Desktop/LabyrinthGame - buttonSequencing/Content/Levels/PlatformTest.umap" TEMPLATE=0 SHOWPROGRESS=1 FEATURELEVEL=3
[2018.04.16-22.46.41:096][  0]LightingResults: New page: Lighting Build
[2018.04.16-22.46.41:119][  0]MapCheck: New page: Map Check
[2018.04.16-22.46.41:119][  0]LightingResults: New page: Lighting Build
[2018.04.16-22.46.41:396][  0]LogAIModule: Creating AISystem for world PlatformTest
[2018.04.16-22.46.41:404][  0]LogEditorServer: Finished looking for orphan Actors (0.000 secs)
[2018.04.16-22.46.41:416][  0]Cmd: MAP CHECKDEP NOCLEARLOG
[2018.04.16-22.46.41:444][  0]MapCheck: Map check complete: 0 Error(s), 0 Warning(s), took 28.247ms to complete.
[2018.04.16-22.46.41:444][  0]LogFileHelpers: Loading map 'PlatformTest' took 0.348
[2018.04.16-22.46.41:584][  0]LogCollectionManager: Loaded 0 collections in 0.001146 seconds
[2018.04.16-22.46.41:643][  0]LogFileCache: Scanning file cache for directory 'C:/Users/KATALYTIC/Desktop/LabyrinthGame - buttonSequencing/Saved/Collections/' took 0.01s
[2018.04.16-22.46.41:643][  0]LogFileCache: Scanning file cache for directory 'C:/Users/KATALYTIC/Desktop/LabyrinthGame - buttonSequencing/Content/Developers/KATALYTIC/Collections/' took 0.01s
[2018.04.16-22.46.41:643][  0]LogFileCache: Scanning file cache for directory 'C:/Users/KATALYTIC/Desktop/LabyrinthGame - buttonSequencing/Content/Collections/' took 0.01s
[2018.04.16-22.46.41:643][  0]LogCollectionManager: Rebuilt the GUID cache for 0 collections in 0.000000 seconds
[2018.04.16-22.46.41:650][  0]LogContentBrowser: Native class hierarchy populated in 0.0072 seconds. Added 2389 classes and 502 folders.
[2018.04.16-22.46.41:686][  0]LogContentBrowser: Native class hierarchy updated for 'WidgetCarousel' in 0.0005 seconds. Added 0 classes and 0 folders.
[2018.04.16-22.46.41:711][  0]LogContentBrowser: Native class hierarchy updated for 'AddContentDialog' in 0.0005 seconds. Added 0 classes and 0 folders.
[2018.04.16-22.46.41:735][  0]LogContentBrowser: Native class hierarchy updated for 'SceneOutliner' in 0.0005 seconds. Added 1 classes and 2 folders.
[2018.04.16-22.46.41:756][  0]LogSlate: Took 0.000110 seconds to synchronously load lazily loaded font '../../../Engine/Content/Slate/Fonts/Roboto-Regular.ttf' (155K)
[2018.04.16-22.46.41:757][  0]LogSlate: Took 0.000092 seconds to synchronously load lazily loaded font '../../../Engine/Content/Slate/Fonts/Roboto-Bold.ttf' (160K)
[2018.04.16-22.46.41:761][  0]LogSlate: Took 0.000148 seconds to synchronously load lazily loaded font '../../../Engine/Content/Editor/Slate/Fonts/FontAwesome.ttf' (139K)
[2018.04.16-22.46.41:841][  0]LogRenderer: Reallocating scene render targets to support 1208x600 Format 10 NumSamples 1 (Frame:1).
[2018.04.16-22.46.41:971][  0]LogContentBrowser: Native class hierarchy updated for 'HierarchicalLODOutliner' in 0.0007 seconds. Added 1 classes and 2 folders.
[2018.04.16-22.46.41:971][  0]LogLoad: (Engine Initialization) Total time: 11.14 seconds
[2018.04.16-22.46.41:971][  0]LogLoad: (Engine Initialization) Total Blueprint compile time: 0.00 seconds
[2018.04.16-22.46.41:971][  0]LogExternalProfiler: Found external profiler: VSPerf
[2018.04.16-22.46.41:971][  0]LogExternalProfiler: Using external profiler: VSPerf
[2018.04.16-22.46.42:325][  0]LogAssetRegistry: Asset discovery search completed in 7.6067 seconds
[2018.04.16-22.46.42:326][  0]LogCollectionManager: Rebuilt the object cache for 0 collections in 0.000001 seconds (found 0 objects)
[2018.04.16-22.46.42:326][  0]LogCollectionManager: Fixed up redirectors for 0 collections in 0.000027 seconds (updated 0 objects)
[2018.04.16-22.46.42:328][  0]LogContentStreaming: Texture pool size now 1000 MB
[2018.04.16-22.46.42:368][  0]LogSlate: Took 0.000120 seconds to synchronously load lazily loaded font '../../../Engine/Content/Slate/Fonts/Roboto-Light.ttf' (159K)
[2018.04.16-22.47.03:994][ 65]LogSlate: Took 0.000155 seconds to synchronously load lazily loaded font '../../../Engine/Content/Slate/Fonts/Roboto-Light.ttf' (159K)
[2018.04.16-22.47.04:327][ 65]LogContentBrowser: Native class hierarchy updated for 'BlueprintGraph' in 0.0008 seconds. Added 113 classes and 0 folders.
[2018.04.16-22.47.04:853][ 65]LogSlate: Took 0.000095 seconds to synchronously load lazily loaded font '../../../Engine/Content/Slate/Fonts/Roboto-Regular.ttf' (155K)
[2018.04.16-22.47.04:922][ 65]LogSlate: Took 0.000294 seconds to synchronously load lazily loaded font '../../../Engine/Content/Editor/Slate/Fonts/Roboto-BoldCondensed.ttf' (158K)
[2018.04.16-22.47.08:746][344]LogSlate: Took 0.000153 seconds to synchronously load lazily loaded font '../../../Engine/Content/Editor/Slate/Fonts/Roboto-Italic.ttf' (157K)
[2018.04.16-22.50.47:655][233]BlueprintLog: New page: Compile Ball
[2018.04.16-22.50.49:333][282]Cmd: OBJ SAVEPACKAGE PACKAGE="/Game/Blueprints/Ball" FILE="../../../../../../Users/KATALYTIC/Desktop/LabyrinthGame - buttonSequencing/Content/Blueprints/Ball.uasset" SILENT=true
[2018.04.16-22.50.49:383][282]LogSavePackage: Save=43.26ms
[2018.04.16-22.50.49:383][282]LogSavePackage: Moving '../../../../../../Users/KATALYTIC/Desktop/LabyrinthGame - buttonSequencing/Saved/BallC82EB1B64B115D09155C72BB1CD0FAC5.tmp' to '../../../../../../Users/KATALYTIC/Desktop/LabyrinthGame - buttonSequencing/Content/Blueprints/Ball.uasset'
[2018.04.16-22.50.49:384][282]LogSavePackage: Display: Finished SavePackage ../../../../../../Users/KATALYTIC/Desktop/LabyrinthGame - buttonSequencing/Content/Blueprints/Ball.uasset
[2018.04.16-22.50.56:821][978]Cmd: OBJ SAVEPACKAGE PACKAGE="/Game/Blueprints/Ball" FILE="../../../../../../Users/KATALYTIC/Desktop/LabyrinthGame - buttonSequencing/Content/Blueprints/Ball.uasset" SILENT=true
[2018.04.16-22.50.56:867][978]LogSavePackage: Save=40.04ms
[2018.04.16-22.50.56:867][978]LogSavePackage: Moving '../../../../../../Users/KATALYTIC/Desktop/LabyrinthGame - buttonSequencing/Saved/BallE9BF1FA34486CC1BE90E7E84F6B3F385.tmp' to '../../../../../../Users/KATALYTIC/Desktop/LabyrinthGame - buttonSequencing/Content/Blueprints/Ball.uasset'
[2018.04.16-22.50.56:868][978]LogSavePackage: Display: Finished SavePackage ../../../../../../Users/KATALYTIC/Desktop/LabyrinthGame - buttonSequencing/Content/Blueprints/Ball.uasset
[2018.04.16-22.51.07:128][757]EditorErrors: New page: Actor attachment
[2018.04.16-22.51.08:609][868]LogTemp: Repeating last play command: Selected Viewport
[2018.04.16-22.51.08:636][868]LogBlueprintUserMessages: Early PlayInEditor Detection: Level '/Game/Levels/PlatformTest.PlatformTest:PersistentLevel' has LevelScriptBlueprint '/Game/Levels/PlatformTest.PlatformTest:PersistentLevel.PlatformTest' with GeneratedClass '/Game/Levels/PlatformTest.PlatformTest_C' with ClassGeneratedBy '/Game/Levels/PlatformTest.PlatformTest:PersistentLevel.PlatformTest'
[2018.04.16-22.51.08:636][868]LogPlayLevel: PlayLevel: No blueprints needed recompiling
[2018.04.16-22.51.08:637][868]PIE: New page: PIE session: PlatformTest (17 Apr 2018 00:51:08)
[2018.04.16-22.51.08:637][868]LogPlayLevel: Creating play world package: /Game/Levels/UEDPIE_0_PlatformTest
[2018.04.16-22.51.08:640][868]LogPlayLevel: PIE: StaticDuplicateObject took: (0.003261s)
[2018.04.16-22.51.08:641][868]LogAIModule: Creating AISystem for world PlatformTest
[2018.04.16-22.51.08:641][868]LogPlayLevel: PIE: World Init took: (0.000677s)
[2018.04.16-22.51.08:641][868]LogPlayLevel: PIE: Created PIE world by copying editor world from /Game/Levels/PlatformTest.PlatformTest to /Game/Levels/UEDPIE_0_PlatformTest.PlatformTest (0.004163s)
[2018.04.16-22.51.08:658][868]LogInit: XAudio2 using 'Headset Earphone (3- ASTRO MixAmp Pro           )' : 2 channels at 48 kHz using 16 bits per sample (channel mask 0x3)
[2018.04.16-22.51.08:662][868]LogInit: FAudioDevice initialized.
[2018.04.16-22.51.08:699][868]LogLoad: Game class is 'MyGameMode_C'
[2018.04.16-22.51.08:701][868]LogWorld: Bringing World /Game/Levels/UEDPIE_0_PlatformTest.PlatformTest up for play (max tick rate 0) at 2018.04.16-23.51.08
[2018.04.16-22.51.08:701][868]LogWorld: Bringing up level for play took: 0.001407
[2018.04.16-22.51.08:728][868]LogContentBrowser: Native class hierarchy updated for 'MovieSceneCapture' in 0.0006 seconds. Added 11 classes and 0 folders.
[2018.04.16-22.51.08:729][868]PIE: Play in editor start time for /Game/Levels/UEDPIE_0_PlatformTest -0.453
[2018.04.16-22.51.08:729][868]LogBlueprintUserMessages: Late PlayInEditor Detection: Level '/Game/Levels/PlatformTest.PlatformTest:PersistentLevel' has LevelScriptBlueprint '/Game/Levels/PlatformTest.PlatformTest:PersistentLevel.PlatformTest' with GeneratedClass '/Game/Levels/PlatformTest.PlatformTest_C' with ClassGeneratedBy '/Game/Levels/PlatformTest.PlatformTest:PersistentLevel.PlatformTest'
[2018.04.16-22.51.18:225][786]LogBlueprintUserMessages: [Ball] Button 1 Pressed
[2018.04.16-22.51.18:915][855]LogBlueprintUserMessages: [Ball] Button 2 Pressed
[2018.04.16-22.51.18:915][855]LogBlueprintUserMessages: [Ball] combo
[2018.04.16-22.51.23:540][317]LogBlueprintUserMessages: Early EndPlayMap Detection: Level '/Game/Levels/PlatformTest.PlatformTest:PersistentLevel' has LevelScriptBlueprint '/Game/Levels/PlatformTest.PlatformTest:PersistentLevel.PlatformTest' with GeneratedClass '/Game/Levels/PlatformTest.PlatformTest_C' with ClassGeneratedBy '/Game/Levels/PlatformTest.PlatformTest:PersistentLevel.PlatformTest'
[2018.04.16-22.51.23:581][317]LogBlueprintUserMessages: Late EndPlayMap Detection: Level '/Game/Levels/PlatformTest.PlatformTest:PersistentLevel' has LevelScriptBlueprint '/Game/Levels/PlatformTest.PlatformTest:PersistentLevel.PlatformTest' with GeneratedClass '/Game/Levels/PlatformTest.PlatformTest_C' with ClassGeneratedBy '/Game/Levels/PlatformTest.PlatformTest:PersistentLevel.PlatformTest'
[2018.04.16-22.51.29:274][774]BlueprintLog: New page: Compile Ball
[2018.04.16-22.51.31:301][840]Cmd: OBJ SAVEPACKAGE PACKAGE="/Game/Blueprints/Ball" FILE="../../../../../../Users/KATALYTIC/Desktop/LabyrinthGame - buttonSequencing/Content/Blueprints/Ball.uasset" SILENT=true
[2018.04.16-22.51.31:357][840]LogSavePackage: Save=49.37ms
[2018.04.16-22.51.31:357][840]LogSavePackage: Moving '../../../../../../Users/KATALYTIC/Desktop/LabyrinthGame - buttonSequencing/Saved/Ball1CA18B6244E90D892A3770AAC43D4EDD.tmp' to '../../../../../../Users/KATALYTIC/Desktop/LabyrinthGame - buttonSequencing/Content/Blueprints/Ball.uasset'
[2018.04.16-22.51.31:358][840]LogSavePackage: Display: Finished SavePackage ../../../../../../Users/KATALYTIC/Desktop/LabyrinthGame - buttonSequencing/Content/Blueprints/Ball.uasset
[2018.04.16-22.51.33:354][988]EditorErrors: New page: Actor attachment
[2018.04.16-22.51.34:764][ 85]LogSavePackage: Save=81.73ms
[2018.04.16-22.51.34:764][ 85]LogSavePackage: Moving '../../../../../../Users/KATALYTIC/Desktop/LabyrinthGame - buttonSequencing/Saved/PlatformTestF7A8EAC24EBFEC559616FB8F14E2D4F1.tmp' to '../../../../../../Users/KATALYTIC/Desktop/LabyrinthGame - buttonSequencing/Content/Levels/PlatformTest.umap'
[2018.04.16-22.51.34:765][ 85]LogSavePackage: Display: Finished SavePackage ../../../../../../Users/KATALYTIC/Desktop/LabyrinthGame - buttonSequencing/Content/Levels/PlatformTest.umap
[2018.04.16-22.51.34:824][ 85]LogSavePackage: Save=34.71ms
[2018.04.16-22.51.34:824][ 85]LogSavePackage: Moving '../../../../../../Users/KATALYTIC/Desktop/LabyrinthGame - buttonSequencing/Saved/PlatformTest_BuiltDataE81DFC9A4615998AF2F8EB9651229125.tmp' to '../../../../../../Users/KATALYTIC/Desktop/LabyrinthGame - buttonSequencing/Content/Levels/PlatformTest_BuiltData.uasset'
[2018.04.16-22.51.34:824][ 85]LogSavePackage: Display: Finished SavePackage ../../../../../../Users/KATALYTIC/Desktop/LabyrinthGame - buttonSequencing/Content/Levels/PlatformTest_BuiltData.uasset
[2018.04.16-22.51.37:351][266]LogTemp: Repeating last play command: Selected Viewport
[2018.04.16-22.51.37:374][266]LogBlueprintUserMessages: Early PlayInEditor Detection: Level '/Game/Levels/PlatformTest.PlatformTest:PersistentLevel' has LevelScriptBlueprint '/Game/Levels/PlatformTest.PlatformTest:PersistentLevel.PlatformTest' with GeneratedClass '/Game/Levels/PlatformTest.PlatformTest_C' with ClassGeneratedBy '/Game/Levels/PlatformTest.PlatformTest:PersistentLevel.PlatformTest'
[2018.04.16-22.51.37:374][266]LogPlayLevel: PlayLevel: No blueprints needed recompiling
[2018.04.16-22.51.37:374][266]PIE: New page: PIE session: PlatformTest (17 Apr 2018 00:51:37)
[2018.04.16-22.51.37:375][266]LogPlayLevel: Creating play world package: /Game/Levels/UEDPIE_0_PlatformTest
[2018.04.16-22.51.37:378][266]LogPlayLevel: PIE: StaticDuplicateObject took: (0.003368s)
[2018.04.16-22.51.37:378][266]LogAIModule: Creating AISystem for world PlatformTest
[2018.04.16-22.51.37:379][266]LogPlayLevel: PIE: World Init took: (0.000617s)
[2018.04.16-22.51.37:379][266]LogPlayLevel: PIE: Created PIE world by copying editor world from /Game/Levels/PlatformTest.PlatformTest to /Game/Levels/UEDPIE_0_PlatformTest.PlatformTest (0.004191s)
[2018.04.16-22.51.37:399][266]LogInit: XAudio2 using 'Headset Earphone (3- ASTRO MixAmp Pro           )' : 2 channels at 48 kHz using 16 bits per sample (channel mask 0x3)
[2018.04.16-22.51.37:402][266]LogInit: FAudioDevice initialized.
[2018.04.16-22.51.37:429][266]LogLoad: Game class is 'MyGameMode_C'
[2018.04.16-22.51.37:430][266]LogWorld: Bringing World /Game/Levels/UEDPIE_0_PlatformTest.PlatformTest up for play (max tick rate 0) at 2018.04.16-23.51.37
[2018.04.16-22.51.37:431][266]LogWorld: Bringing up level for play took: 0.001250
[2018.04.16-22.51.37:431][266]PIE: Play in editor start time for /Game/Levels/UEDPIE_0_PlatformTest 0.249
[2018.04.16-22.51.37:432][266]LogBlueprintUserMessages: Late PlayInEditor Detection: Level '/Game/Levels/PlatformTest.PlatformTest:PersistentLevel' has LevelScriptBlueprint '/Game/Levels/PlatformTest.PlatformTest:PersistentLevel.PlatformTest' with GeneratedClass '/Game/Levels/PlatformTest.PlatformTest_C' with ClassGeneratedBy '/Game/Levels/PlatformTest.PlatformTest:PersistentLevel.PlatformTest'
[2018.04.16-22.51.41:165][638]LogBlueprintUserMessages: [Ball] Button 1 Pressed
[2018.04.16-22.51.46:322][166]LogBlueprintUserMessages: [Ball] Button 2 Pressed
[2018.04.16-22.51.46:863][219]LogBlueprintUserMessages: [Ball] Button 2 Pressed
[2018.04.16-22.52.09:204][471]LogBlueprintUserMessages: [Ball] Button 3 Pressed
[2018.04.16-22.52.09:204][471]LogBlueprintUserMessages: [Ball] combo true
[2018.04.16-22.52.09:668][517]LogBlueprintUserMessages: [Ball] Button 3 Pressed
[2018.04.16-22.52.09:668][517]LogBlueprintUserMessages: [Ball] combo true
[2018.04.16-22.52.11:826][736]LogBlueprintUserMessages: Early EndPlayMap Detection: Level '/Game/Levels/PlatformTest.PlatformTest:PersistentLevel' has LevelScriptBlueprint '/Game/Levels/PlatformTest.PlatformTest:PersistentLevel.PlatformTest' with GeneratedClass '/Game/Levels/PlatformTest.PlatformTest_C' with ClassGeneratedBy '/Game/Levels/PlatformTest.PlatformTest:PersistentLevel.PlatformTest'
[2018.04.16-22.52.11:867][736]LogBlueprintUserMessages: Late EndPlayMap Detection: Level '/Game/Levels/PlatformTest.PlatformTest:PersistentLevel' has LevelScriptBlueprint '/Game/Levels/PlatformTest.PlatformTest:PersistentLevel.PlatformTest' with GeneratedClass '/Game/Levels/PlatformTest.PlatformTest_C' with ClassGeneratedBy '/Game/Levels/PlatformTest.PlatformTest:PersistentLevel.PlatformTest'
[2018.04.16-22.52.13:594][859]LogSavePackage: Save=82.35ms
[2018.04.16-22.52.13:594][859]LogSavePackage: Moving '../../../../../../Users/KATALYTIC/Desktop/LabyrinthGame - buttonSequencing/Saved/PlatformTest9DFA14A4490E3C5DFBBA55B69B1FD45A.tmp' to '../../../../../../Users/KATALYTIC/Desktop/LabyrinthGame - buttonSequencing/Content/Levels/PlatformTest.umap'
[2018.04.16-22.52.13:595][859]LogSavePackage: Display: Finished SavePackage ../../../../../../Users/KATALYTIC/Desktop/LabyrinthGame - buttonSequencing/Content/Levels/PlatformTest.umap
[2018.04.16-22.52.13:623][859]LogSavePackage: Save=4.49ms
[2018.04.16-22.52.13:623][859]LogSavePackage: Moving '../../../../../../Users/KATALYTIC/Desktop/LabyrinthGame - buttonSequencing/Saved/PlatformTest_BuiltData4342D5744C586AD860C3C5AC3C799802.tmp' to '../../../../../../Users/KATALYTIC/Desktop/LabyrinthGame - buttonSequencing/Content/Levels/PlatformTest_BuiltData.uasset'
[2018.04.16-22.52.13:624][859]LogSavePackage: Display: Finished SavePackage ../../../../../../Users/KATALYTIC/Desktop/LabyrinthGame - buttonSequencing/Content/Levels/PlatformTest_BuiltData.uasset
[2018.04.16-22.52.14:725][933]Cmd: OBJ SAVEPACKAGE PACKAGE="/Game/Blueprints/Ball" FILE="../../../../../../Users/KATALYTIC/Desktop/LabyrinthGame - buttonSequencing/Content/Blueprints/Ball.uasset" SILENT=true
[2018.04.16-22.52.14:771][933]LogSavePackage: Save=40.25ms
[2018.04.16-22.52.14:771][933]LogSavePackage: Moving '../../../../../../Users/KATALYTIC/Desktop/LabyrinthGame - buttonSequencing/Saved/Ball391F1AC34B22CC88A8FEC7A3E1233EA8.tmp' to '../../../../../../Users/KATALYTIC/Desktop/LabyrinthGame - buttonSequencing/Content/Blueprints/Ball.uasset'
[2018.04.16-22.52.14:771][933]LogSavePackage: Display: Finished SavePackage ../../../../../../Users/KATALYTIC/Desktop/LabyrinthGame - buttonSequencing/Content/Blueprints/Ball.uasset
[2018.04.16-22.52.15:432][979]BlueprintLog: New page: Compile Ball
[2018.04.16-22.52.23:371][529]Cmd: OBJ SAVEPACKAGE PACKAGE="/Game/Blueprints/Ball" FILE="../../../../../../Users/KATALYTIC/Desktop/LabyrinthGame - buttonSequencing/Content/Blueprints/Ball.uasset" SILENT=true
[2018.04.16-22.52.23:420][529]LogSavePackage: Save=43.00ms
[2018.04.16-22.52.23:420][529]LogSavePackage: Moving '../../../../../../Users/KATALYTIC/Desktop/LabyrinthGame - buttonSequencing/Saved/BallFD57F42241CBD632B10D0082354F0517.tmp' to '../../../../../../Users/KATALYTIC/Desktop/LabyrinthGame - buttonSequencing/Content/Blueprints/Ball.uasset'
[2018.04.16-22.52.23:421][529]LogSavePackage: Display: Finished SavePackage ../../../../../../Users/KATALYTIC/Desktop/LabyrinthGame - buttonSequencing/Content/Blueprints/Ball.uasset
[2018.04.16-22.52.24:005][573]BlueprintLog: New page: Compile Ball
[2018.04.16-22.52.26:932][737]LogActorComponent: UnregisterComponent: (/Engine/Transient.EditorFloorComp) Not registered. Aborting.
[2018.04.16-22.52.31:130][152]LogSavePackage: Save=81.99ms
[2018.04.16-22.52.31:130][152]LogSavePackage: Moving '../../../../../../Users/KATALYTIC/Desktop/LabyrinthGame - buttonSequencing/Saved/PlatformTest5DA63E984153FA6866FD72806E1A404A.tmp' to '../../../../../../Users/KATALYTIC/Desktop/LabyrinthGame - buttonSequencing/Content/Levels/PlatformTest.umap'
[2018.04.16-22.52.31:131][152]LogSavePackage: Display: Finished SavePackage ../../../../../../Users/KATALYTIC/Desktop/LabyrinthGame - buttonSequencing/Content/Levels/PlatformTest.umap
[2018.04.16-22.52.31:158][152]LogSavePackage: Save=2.97ms
[2018.04.16-22.52.31:158][152]LogSavePackage: Moving '../../../../../../Users/KATALYTIC/Desktop/LabyrinthGame - buttonSequencing/Saved/PlatformTest_BuiltDataECF3F7264C465466CC09549CF6ADB6AA.tmp' to '../../../../../../Users/KATALYTIC/Desktop/LabyrinthGame - buttonSequencing/Content/Levels/PlatformTest_BuiltData.uasset'
[2018.04.16-22.52.31:159][152]LogSavePackage: Display: Finished SavePackage ../../../../../../Users/KATALYTIC/Desktop/LabyrinthGame - buttonSequencing/Content/Levels/PlatformTest_BuiltData.uasset
[2018.04.16-22.52.35:786][625]Cmd: QUIT_EDITOR
[2018.04.16-22.52.35:808][625]LogExit: Preparing to exit.
[2018.04.16-22.52.36:424][625]LogDirectoryWatcher: A directory notification for 'C:/Users/KATALYTIC/Desktop/LabyrinthGame - buttonSequencing/Content/' was aborted.
[2018.04.16-22.52.36:449][625]LogExit: Editor shut down
[2018.04.16-22.52.36:452][625]LogExit: Transaction tracking system shut down
[2018.04.16-22.52.36:602][625]LogDirectoryWatcher: A directory notification for '../../../Engine/Content/' was aborted.
[2018.04.16-22.52.36:602][625]LogDirectoryWatcher: A directory notification for '../../../../../../Users/KATALYTIC/Desktop/LabyrinthGame - buttonSequencing/Content/' was aborted.
[2018.04.16-22.52.36:602][625]LogDirectoryWatcher: A directory notification for '../../../Engine/Plugins/2D/Paper2D/Content/' was aborted.
[2018.04.16-22.52.36:602][625]LogDirectoryWatcher: A directory notification for '../../../Engine/Plugins/Runtime/Oculus/OculusVR/Content/' was aborted.
[2018.04.16-22.52.36:602][625]LogDirectoryWatcher: A directory notification for '../../../Engine/Plugins/Runtime/Steam/SteamVR/Content/' was aborted.
[2018.04.16-22.52.36:670][625]LogExit: Object subsystem successfully closed.
[2018.04.16-22.52.36:688][625]LogD3D11RHI: Shutdown
[2018.04.16-22.52.36:688][625]LogD3D11RHI: CleanupD3DDevice
[2018.04.16-22.52.36:745][625]LogD3D11RHI: ~FD3D11DynamicRHI
[2018.04.16-22.52.36:753][625]LogModuleManager: Shutting down and abandoning module MovieSceneCapture (538)
[2018.04.16-22.52.36:753][625]LogModuleManager: Shutting down and abandoning module BlueprintGraph (536)
[2018.04.16-22.52.36:753][625]LogModuleManager: Shutting down and abandoning module BlueprintProfiler (534)
[2018.04.16-22.52.36:753][625]LogModuleManager: Shutting down and abandoning module HierarchicalLODOutliner (532)
[2018.04.16-22.52.36:753][625]LogModuleManager: Shutting down and abandoning module SceneOutliner (530)
[2018.04.16-22.52.36:753][625]LogModuleManager: Shutting down and abandoning module AddContentDialog (528)
[2018.04.16-22.52.36:753][625]LogDirectoryWatcher: A directory notification for 'C:/Program Files/Epic Games/UE_4.17/FeaturePacks/' was aborted.
[2018.04.16-22.52.36:754][625]LogModuleManager: Shutting down and abandoning module WidgetCarousel (527)
[2018.04.16-22.52.36:754][625]LogModuleManager: Shutting down and abandoning module EditorWidgets (524)
[2018.04.16-22.52.36:754][625]LogModuleManager: Shutting down and abandoning module CollectionManager (522)
[2018.04.16-22.52.36:754][625]LogDirectoryWatcher: A directory notification for 'C:/Users/KATALYTIC/Desktop/LabyrinthGame - buttonSequencing/Content/Collections/' was aborted.
[2018.04.16-22.52.36:754][625]LogDirectoryWatcher: A directory notification for 'C:/Users/KATALYTIC/Desktop/LabyrinthGame - buttonSequencing/Content/Developers/KATALYTIC/Collections/' was aborted.
[2018.04.16-22.52.36:754][625]LogDirectoryWatcher: A directory notification for 'C:/Users/KATALYTIC/Desktop/LabyrinthGame - buttonSequencing/Saved/Collections/' was aborted.
[2018.04.16-22.52.36:754][625]LogModuleManager: Shutting down and abandoning module StatsViewer (520)
[2018.04.16-22.52.36:754][625]LogModuleManager: Shutting down and abandoning module FoliageEdit (518)
[2018.04.16-22.52.36:754][625]LogModuleManager: Shutting down and abandoning module LandscapeEditor (516)
[2018.04.16-22.52.36:754][625]LogModuleManager: Shutting down and abandoning module MeshPaintMode (514)
[2018.04.16-22.52.36:754][625]LogModuleManager: Shutting down and abandoning module SceneDepthPickerMode (512)
[2018.04.16-22.52.36:754][625]LogModuleManager: Shutting down and abandoning module ActorPickerMode (510)
[2018.04.16-22.52.36:754][625]LogModuleManager: Shutting down and abandoning module GeometryMode (508)
[2018.04.16-22.52.36:754][625]LogModuleManager: Shutting down and abandoning module TextureAlignMode (506)
[2018.04.16-22.52.36:754][625]LogModuleManager: Shutting down and abandoning module BspMode (504)
[2018.04.16-22.52.36:754][625]LogModuleManager: Shutting down and abandoning module PIEPreviewDeviceProfileSelector (502)
[2018.04.16-22.52.36:754][625]LogModuleManager: Shutting down and abandoning module HardwareSurvey (500)
[2018.04.16-22.52.36:754][625]LogModuleManager: Shutting down and abandoning module SequenceRecorderSections (498)
[2018.04.16-22.52.36:754][625]LogModuleManager: Shutting down and abandoning module AutomationWorker (496)
[2018.04.16-22.52.36:754][625]LogModuleManager: Shutting down and abandoning module MatineeToLevelSequence (494)
[2018.04.16-22.52.36:754][625]LogModuleManager: Shutting down and abandoning module LevelSequenceEditor (492)
[2018.04.16-22.52.36:754][625]LogModuleManager: Shutting down and abandoning module PlacementMode (491)
[2018.04.16-22.52.36:754][625]LogModuleManager: Shutting down and abandoning module ActorSequenceEditor (488)
[2018.04.16-22.52.36:754][625]LogModuleManager: Shutting down and abandoning module WmfMediaFactory (486)
[2018.04.16-22.52.36:754][625]LogModuleManager: Shutting down and abandoning module WmfMediaEditor (484)
[2018.04.16-22.52.36:754][625]LogModuleManager: Shutting down and abandoning module AvfMediaFactory (482)
[2018.04.16-22.52.36:754][625]LogModuleManager: Shutting down and abandoning module AvfMediaEditor (480)
[2018.04.16-22.52.36:754][625]LogModuleManager: Shutting down and abandoning module AndroidMediaFactory (478)
[2018.04.16-22.52.36:754][625]LogModuleManager: Shutting down and abandoning module Media (477)
[2018.04.16-22.52.36:754][625]LogModuleManager: Shutting down and abandoning module AndroidMediaEditor (474)
[2018.04.16-22.52.36:754][625]LogModuleManager: Shutting down and abandoning module CharacterAI (472)
[2018.04.16-22.52.36:754][625]LogModuleManager: Shutting down and abandoning module AudioCapture (470)
[2018.04.16-22.52.36:754][625]LogModuleManager: Shutting down and abandoning module SequenceRecorder (469)
[2018.04.16-22.52.36:754][625]LogModuleManager: Shutting down and abandoning module SmartSnapping (466)
[2018.04.16-22.52.36:754][625]LogModuleManager: Shutting down and abandoning module SessionServices (464)
[2018.04.16-22.52.36:754][625]LogModuleManager: Shutting down and abandoning module ViewportSnapping (462)
[2018.04.16-22.52.36:754][625]LogModuleManager: Shutting down and abandoning module ViewportInteraction (460)
[2018.04.16-22.52.36:754][625]LogModuleManager: Shutting down and abandoning module ClothPainter (458)
[2018.04.16-22.52.36:754][625]LogModuleManager: Shutting down and abandoning module LogVisualizer (456)
[2018.04.16-22.52.36:754][625]LogModuleManager: Shutting down and abandoning module IntroTutorials (454)
[2018.04.16-22.52.36:754][625]LogModuleManager: Shutting down and abandoning module GameProjectGeneration (453)
[2018.04.16-22.52.36:754][625]LogModuleManager: Shutting down and abandoning module IOSPlatformEditor (450)
[2018.04.16-22.52.36:754][625]LogModuleManager: Shutting down and abandoning module HTML5PlatformEditor (448)
[2018.04.16-22.52.36:754][625]LogModuleManager: Shutting down and abandoning module AndroidPlatformEditor (446)
[2018.04.16-22.52.36:755][625]LogModuleManager: Shutting down and abandoning module AndroidDeviceDetection (445)
[2018.04.16-22.52.37:187][625]LogModuleManager: Shutting down and abandoning module WindowsPlatformEditor (442)
[2018.04.16-22.52.37:187][625]LogModuleManager: Shutting down and abandoning module IOSRuntimeSettings (440)
[2018.04.16-22.52.37:187][625]LogModuleManager: Shutting down and abandoning module AndroidRuntimeSettings (438)
[2018.04.16-22.52.37:187][625]LogModuleManager: Shutting down and abandoning module InputBindingEditor (436)
[2018.04.16-22.52.37:187][625]LogModuleManager: Shutting down and abandoning module MergeActors (434)
[2018.04.16-22.52.37:187][625]LogModuleManager: Shutting down and abandoning module SizeMap (432)
[2018.04.16-22.52.37:187][625]LogModuleManager: Shutting down and abandoning module TreeMap (430)
[2018.04.16-22.52.37:187][625]LogModuleManager: Shutting down and abandoning module ReferenceViewer (428)
[2018.04.16-22.52.37:187][625]LogModuleManager: Shutting down and abandoning module LocalizationDashboard (426)
[2018.04.16-22.52.37:187][625]LogModuleManager: Shutting down and abandoning module LocalizationService (425)
[2018.04.16-22.52.37:187][625]LogModuleManager: Shutting down and abandoning module HardwareTargeting (422)
[2018.04.16-22.52.37:187][625]LogModuleManager: Shutting down and abandoning module DeviceProfileEditor (420)
[2018.04.16-22.52.37:187][625]LogModuleManager: Shutting down and abandoning module UndoHistory (418)
[2018.04.16-22.52.37:187][625]LogModuleManager: Shutting down and abandoning module XmlParser (416)
[2018.04.16-22.52.37:187][625]LogModuleManager: Shutting down and abandoning module Blutility (414)
[2018.04.16-22.52.37:187][625]LogModuleManager: Shutting down and abandoning module ProjectSettingsViewer (412)
[2018.04.16-22.52.37:187][625]LogModuleManager: Shutting down and abandoning module ProjectTargetPlatformEditor (411)
[2018.04.16-22.52.37:187][625]LogModuleManager: Shutting down and abandoning module EditorSettingsViewer (408)
[2018.04.16-22.52.37:188][625]LogModuleManager: Shutting down and abandoning module SettingsEditor (406)
[2018.04.16-22.52.37:188][625]LogModuleManager: Shutting down and abandoning module ProjectLauncher (404)
[2018.04.16-22.52.37:188][625]LogModuleManager: Shutting down and abandoning module SessionFrontend (402)
[2018.04.16-22.52.37:188][625]LogModuleManager: Shutting down and abandoning module ProfilerClient (400)
[2018.04.16-22.52.37:188][625]LogModuleManager: Shutting down and abandoning module DeviceManager (398)
[2018.04.16-22.52.37:188][625]LogModuleManager: Shutting down and abandoning module TargetDeviceServices (397)
[2018.04.16-22.52.37:238][625]LogModuleManager: Shutting down and abandoning module AutomationController (394)
[2018.04.16-22.52.37:238][625]LogModuleManager: Shutting down and abandoning module AutomationWindow (392)
[2018.04.16-22.52.37:238][625]LogModuleManager: Shutting down and abandoning module Layers (390)
[2018.04.16-22.52.37:238][625]LogModuleManager: Shutting down and abandoning module ComponentVisualizers (388)
[2018.04.16-22.52.37:238][625]LogModuleManager: Shutting down and abandoning module DetailCustomizations (386)
[2018.04.16-22.52.37:238][625]LogModuleManager: Shutting down and abandoning module PackagesDialog (384)
[2018.04.16-22.52.37:238][625]LogModuleManager: Shutting down and abandoning module Persona (382)
[2018.04.16-22.52.37:238][625]LogModuleManager: Shutting down and abandoning module AdvancedPreviewScene (381)
[2018.04.16-22.52.37:238][625]LogModuleManager: Shutting down and abandoning module AnimGraph (379)
[2018.04.16-22.52.37:238][625]LogModuleManager: Shutting down and abandoning module Kismet (376)
[2018.04.16-22.52.37:244][625]LogModuleManager: Shutting down and abandoning module ClassViewer (374)
[2018.04.16-22.52.37:244][625]LogModuleManager: Shutting down and abandoning module Toolbox (372)
[2018.04.16-22.52.37:244][625]LogModuleManager: Shutting down and abandoning module ModuleUI (370)
[2018.04.16-22.52.37:244][625]LogModuleManager: Shutting down and abandoning module MovieSceneTools (368)
[2018.04.16-22.52.37:244][625]LogModuleManager: Shutting down and abandoning module OutputLog (366)
[2018.04.16-22.52.37:244][625]LogModuleManager: Shutting down and abandoning module GammaUI (364)
[2018.04.16-22.52.37:244][625]LogModuleManager: Shutting down and abandoning module Documentation (362)
[2018.04.16-22.52.37:244][625]LogModuleManager: Shutting down and abandoning module MovieSceneTracks (360)
[2018.04.16-22.52.37:244][625]LogModuleManager: Shutting down and abandoning module MovieScene (358)
[2018.04.16-22.52.37:244][625]LogModuleManager: Shutting down and abandoning module Niagara (356)
[2018.04.16-22.52.37:244][625]LogModuleManager: Shutting down and abandoning module NiagaraEditor (355)
[2018.04.16-22.52.37:244][625]LogModuleManager: Shutting down and abandoning module StreamingPauseRendering (352)
[2018.04.16-22.52.37:244][625]LogModuleManager: Shutting down and abandoning module LauncherPlatform (350)
[2018.04.16-22.52.37:244][625]LogModuleManager: Shutting down and abandoning module AnalyticsET (348)
[2018.04.16-22.52.37:244][625]LogModuleManager: Shutting down and abandoning module PortalServices (346)
[2018.04.16-22.52.37:244][625]LogModuleManager: Shutting down and abandoning module PortalRpc (344)
[2018.04.16-22.52.37:244][625]LogModuleManager: Shutting down and abandoning module MessagingRpc (342)
[2018.04.16-22.52.37:244][625]LogModuleManager: Shutting down and abandoning module AIModule (340)
[2018.04.16-22.52.37:244][625]LogModuleManager: Shutting down and abandoning module GameplayDebugger (339)
[2018.04.16-22.52.37:244][625]LogModuleManager: Shutting down and abandoning module AITestSuite (337)
[2018.04.16-22.52.37:244][625]LogModuleManager: Shutting down and abandoning module ProfilerService (334)
[2018.04.16-22.52.37:305][625]LogModuleManager: Shutting down and abandoning module TaskGraph (332)
[2018.04.16-22.52.37:305][625]LogModuleManager: Shutting down and abandoning module SteamVRController (330)
[2018.04.16-22.52.37:305][625]LogModuleManager: Shutting down and abandoning module ProceduralMeshComponentEditor (328)
[2018.04.16-22.52.37:305][625]LogModuleManager: Shutting down and abandoning module ProceduralMeshComponent (326)
[2018.04.16-22.52.37:305][625]LogModuleManager: Shutting down and abandoning module OculusInput (324)
[2018.04.16-22.52.37:305][625]LogModuleManager: Shutting down and abandoning module MobilePatchingUtils (322)
[2018.04.16-22.52.37:305][625]LogModuleManager: Shutting down and abandoning module CustomMeshComponent (320)
[2018.04.16-22.52.37:305][625]LogModuleManager: Shutting down and abandoning module CableComponent (318)
[2018.04.16-22.52.37:305][625]LogModuleManager: Shutting down and abandoning module ArchVisCharacter (316)
[2018.04.16-22.52.37:305][625]LogModuleManager: Shutting down and abandoning module AndroidPermission (314)
[2018.04.16-22.52.37:305][625]LogModuleManager: Shutting down and abandoning module MediaPlayerEditor (310)
[2018.04.16-22.52.37:305][625]LogModuleManager: Shutting down and abandoning module HTML5Networking (308)
[2018.04.16-22.52.37:305][625]LogModuleManager: Shutting down and abandoning module AlembicImporter (306)
[2018.04.16-22.52.37:305][625]LogModuleManager: Shutting down and abandoning module AlembicLibrary (305)
[2018.04.16-22.52.37:305][625]LogModuleManager: Shutting down and abandoning module GeometryCache (304)
[2018.04.16-22.52.37:305][625]LogModuleManager: Shutting down and abandoning module GeometryCacheEd (303)
[2018.04.16-22.52.37:305][625]LogModuleManager: Shutting down and abandoning module SpeedTreeImporter (298)
[2018.04.16-22.52.37:305][625]LogModuleManager: Shutting down and abandoning module PluginBrowser (296)
[2018.04.16-22.52.37:305][625]LogModuleManager: Shutting down and abandoning module MobileLauncherProfileWizard (294)
[2018.04.16-22.52.37:305][625]LogModuleManager: Shutting down and abandoning module VisualStudioSourceCodeAccess (292)
[2018.04.16-22.52.37:305][625]LogModuleManager: Shutting down and abandoning module DesktopPlatform (291)
[2018.04.16-22.52.37:305][625]LogModuleManager: Shutting down and abandoning module UObjectPlugin (288)
[2018.04.16-22.52.37:305][625]LogModuleManager: Shutting down and abandoning module SubversionSourceControl (286)
[2018.04.16-22.52.37:305][625]LogModuleManager: Shutting down and abandoning module PerforceSourceControl (284)
[2018.04.16-22.52.37:305][625]LogModuleManager: Shutting down and abandoning module GitSourceControl (282)
[2018.04.16-22.52.37:306][625]LogModuleManager: Shutting down and abandoning module SourceControl (281)
[2018.04.16-22.52.37:306][625]LogModuleManager: Shutting down and abandoning module LightPropagationVolumeEditor (278)
[2018.04.16-22.52.37:306][625]LogModuleManager: Shutting down and abandoning module PaperTiledImporter (276)
[2018.04.16-22.52.37:306][625]LogModuleManager: Shutting down and abandoning module PaperSpriteSheetImporter (274)
[2018.04.16-22.52.37:306][625]LogModuleManager: Shutting down and abandoning module Paper2DEditor (272)
[2018.04.16-22.52.37:306][625]LogModuleManager: Shutting down and abandoning module MeshPaint (271)
[2018.04.16-22.52.37:306][625]LogModuleManager: Shutting down and abandoning module LevelEditor (269)
[2018.04.16-22.52.37:306][625]LogModuleManager: Shutting down and abandoning module PixelInspectorModule (268)
[2018.04.16-22.52.37:306][625]LogModuleManager: Shutting down and abandoning module MainFrame (266)
[2018.04.16-22.52.37:306][625]LogModuleManager: Shutting down and abandoning module HotReload (265)
[2018.04.16-22.52.37:307][625]LogModuleManager: Shutting down and abandoning module RuntimePhysXCooking (260)
[2018.04.16-22.52.37:307][625]LogModuleManager: Shutting down and abandoning module PhysXVehiclesEditor (258)
[2018.04.16-22.52.37:307][625]LogModuleManager: Shutting down and abandoning module PhysXVehicles (256)
[2018.04.16-22.52.37:307][625]LogModuleManager: Shutting down and abandoning module OculusEditor (254)
[2018.04.16-22.52.37:307][625]LogModuleManager: Shutting down and abandoning module LocationServicesBPLibrary (252)
[2018.04.16-22.52.37:307][625]LogModuleManager: Shutting down and abandoning module ImmediatePhysicsEditor (250)
[2018.04.16-22.52.37:307][625]LogModuleManager: Shutting down and abandoning module ImmediatePhysics (248)
[2018.04.16-22.52.37:307][625]LogModuleManager: Shutting down and abandoning module UdpMessaging (246)
[2018.04.16-22.52.37:407][625]LogModuleManager: Shutting down and abandoning module TcpMessaging (244)
[2018.04.16-22.52.37:507][625]LogModuleManager: Shutting down and abandoning module GameplayTagsEditor (242)
[2018.04.16-22.52.37:507][625]LogModuleManager: Shutting down and abandoning module FacialAnimationEditor (240)
[2018.04.16-22.52.37:507][625]LogModuleManager: Shutting down and abandoning module FacialAnimation (238)
[2018.04.16-22.52.37:507][625]LogModuleManager: Shutting down and abandoning module AssetManagerEditor (236)
[2018.04.16-22.52.37:507][625]LogModuleManager: Shutting down and abandoning module GraphEditor (235)
[2018.04.16-22.52.37:507][625]LogModuleManager: Shutting down and abandoning module ContentBrowser (233)
[2018.04.16-22.52.37:508][625]LogModuleManager: Shutting down and abandoning module LightPropagationVolumeRuntime (230)
[2018.04.16-22.52.37:508][625]LogModuleManager: Shutting down and abandoning module Paper2D (228)
[2018.04.16-22.52.37:508][625]LogModuleManager: Shutting down and abandoning module WindowsMoviePlayer (226)
[2018.04.16-22.52.37:508][625]LogModuleManager: Shutting down and abandoning module WmfMedia (224)
[2018.04.16-22.52.37:508][625]LogModuleManager: Shutting down and abandoning module PacketHandler (222)
[2018.04.16-22.52.37:508][625]LogModuleManager: Shutting down and abandoning module ClothingSystemEditor (220)
[2018.04.16-22.52.37:508][625]LogModuleManager: Shutting down and abandoning module ClothingSystemRuntime (218)
[2018.04.16-22.52.37:508][625]LogModuleManager: Shutting down and abandoning module Overlay (216)
[2018.04.16-22.52.37:508][625]LogModuleManager: Shutting down and abandoning module OverlayEditor (215)
[2018.04.16-22.52.37:508][625]LogModuleManager: Shutting down and abandoning module MediaAssets (212)
[2018.04.16-22.52.37:509][625]LogModuleManager: Shutting down and abandoning module VREditor (210)
[2018.04.16-22.52.37:509][625]LogModuleManager: Shutting down and abandoning module StringTableEditor (208)
[2018.04.16-22.52.37:509][625]LogModuleManager: Shutting down and abandoning module GameplayTasksEditor (206)
[2018.04.16-22.52.37:509][625]LogModuleManager: Shutting down and abandoning module BehaviorTreeEditor (204)
[2018.04.16-22.52.37:509][625]LogModuleManager: Shutting down and abandoning module FunctionalTesting (202)
[2018.04.16-22.52.37:509][625]LogModuleManager: Shutting down and abandoning module CollisionAnalyzer (200)
[2018.04.16-22.52.37:509][625]LogModuleManager: Shutting down and abandoning module WorkspaceMenuStructure (199)
[2018.04.16-22.52.37:509][625]LogModuleManager: Shutting down and abandoning module UMG (196)
[2018.04.16-22.52.37:509][625]LogModuleManager: Shutting down and abandoning module UMGEditor (195)
[2018.04.16-22.52.37:509][625]LogModuleManager: Shutting down and abandoning module Sequencer (194)
[2018.04.16-22.52.37:509][625]LogModuleManager: Shutting down and abandoning module MessageLog (191)
[2018.04.16-22.52.37:509][625]LogModuleManager: Shutting down and abandoning module SlateReflector (186)
[2018.04.16-22.52.37:509][625]LogModuleManager: Shutting down and abandoning module Slate (184)
[2018.04.16-22.52.37:509][625]LogModuleManager: Shutting down and abandoning module EditorStyle (182)
[2018.04.16-22.52.37:511][625]LogModuleManager: Shutting down and abandoning module MRMesh (180)
[2018.04.16-22.52.37:511][625]LogModuleManager: Shutting down and abandoning module SourceCodeAccess (178)
[2018.04.16-22.52.37:511][625]LogModuleManager: Shutting down and abandoning module HeadMountedDisplay (176)
[2018.04.16-22.52.37:511][625]LogModuleManager: Shutting down and abandoning module XAudio2 (174)
[2018.04.16-22.52.37:511][625]LogModuleManager: Shutting down and abandoning module Networking (172)
[2018.04.16-22.52.37:511][625]LogModuleManager: Shutting down and abandoning module Core (168)
[2018.04.16-22.52.37:511][625]LogModuleManager: Shutting down and abandoning module KismetCompiler (164)
[2018.04.16-22.52.37:511][625]LogModuleManager: Shutting down and abandoning module MeshUtilities (162)
[2018.04.16-22.52.37:511][625]LogModuleManager: Shutting down and abandoning module MeshMergeUtilities (161)
[2018.04.16-22.52.37:511][625]LogModuleManager: Shutting down and abandoning module MeshReductionInterface (160)
[2018.04.16-22.52.37:511][625]LogModuleManager: Shutting down and abandoning module SimplygonSwarm (159)
[2018.04.16-22.52.37:511][625]LogModuleManager: Shutting down and abandoning module SimplygonMeshReduction (157)
[2018.04.16-22.52.37:511][625]LogModuleManager: Shutting down and abandoning module QuadricMeshReduction (155)
[2018.04.16-22.52.37:511][625]LogModuleManager: Shutting down and abandoning module MaterialBaking (151)
[2018.04.16-22.52.37:511][625]LogModuleManager: Shutting down and abandoning module LevelSequence (148)
[2018.04.16-22.52.37:511][625]LogModuleManager: Shutting down and abandoning module DirectoryWatcher (146)
[2018.04.16-22.52.37:512][625]LogModuleManager: Shutting down and abandoning module DerivedDataCache (144)
[2018.04.16-22.52.37:567][625]LogDerivedDataCache: Shutdown
[2018.04.16-22.52.37:567][625]LogModuleManager: Shutting down and abandoning module TargetPlatform (142)
[2018.04.16-22.52.37:567][625]LogModuleManager: Shutting down and abandoning module VulkanShaderFormat (141)
[2018.04.16-22.52.37:567][625]LogModuleManager: Shutting down and abandoning module ShaderFormatVectorVM (139)
[2018.04.16-22.52.37:567][625]LogModuleManager: Shutting down and abandoning module ShaderFormatOpenGL (137)
[2018.04.16-22.52.37:567][625]LogModuleManager: Shutting down and abandoning module ShaderFormatD3D (135)
[2018.04.16-22.52.37:567][625]LogModuleManager: Shutting down and abandoning module MetalShaderFormat (133)
[2018.04.16-22.52.37:567][625]LogModuleManager: Shutting down and abandoning module TextureFormatUncompressed (131)
[2018.04.16-22.52.37:567][625]LogModuleManager: Shutting down and abandoning module TextureFormatPVR (129)
[2018.04.16-22.52.37:567][625]LogModuleManager: Shutting down and abandoning module TextureFormatDXT (127)
[2018.04.16-22.52.37:567][625]LogModuleManager: Shutting down and abandoning module TextureFormatIntelISPCTexComp (125)
[2018.04.16-22.52.37:567][625]LogModuleManager: Shutting down and abandoning module TextureFormatASTC (123)
[2018.04.16-22.52.37:567][625]LogModuleManager: Shutting down and abandoning module ImageWrapper (122)
[2018.04.16-22.52.37:567][625]LogModuleManager: Shutting down and abandoning module TextureFormatAndroid (119)
[2018.04.16-22.52.37:567][625]LogModuleManager: Shutting down and abandoning module AudioFormatOpus (117)
[2018.04.16-22.52.37:567][625]LogModuleManager: Shutting down and abandoning module AudioFormatOgg (115)
[2018.04.16-22.52.37:567][625]LogModuleManager: Shutting down and abandoning module AudioFormatADPCM (113)
[2018.04.16-22.52.37:567][625]LogModuleManager: Shutting down and abandoning module LinuxTargetPlatform (111)
[2018.04.16-22.52.37:567][625]LogModuleManager: Shutting down and abandoning module LinuxServerTargetPlatform (109)
[2018.04.16-22.52.37:567][625]LogModuleManager: Shutting down and abandoning module LinuxNoEditorTargetPlatform (107)
[2018.04.16-22.52.37:567][625]LogModuleManager: Shutting down and abandoning module LinuxClientTargetPlatform (105)
[2018.04.16-22.52.37:567][625]LogModuleManager: Shutting down and abandoning module TVOSTargetPlatform (103)
[2018.04.16-22.52.37:567][625]LogModuleManager: Shutting down and abandoning module Messaging (101)
[2018.04.16-22.52.37:567][625]LogModuleManager: Shutting down and abandoning module IOSTargetPlatform (99)
[2018.04.16-22.52.37:567][625]LogModuleManager: Shutting down and abandoning module HTML5TargetPlatform (97)
[2018.04.16-22.52.37:567][625]LogModuleManager: Shutting down and abandoning module Android_PVRTCTargetPlatform (95)
[2018.04.16-22.52.37:567][625]LogModuleManager: Shutting down and abandoning module Android_MultiTargetPlatform (93)
[2018.04.16-22.52.37:567][625]LogModuleManager: Shutting down and abandoning module Android_ETC2TargetPlatform (91)
[2018.04.16-22.52.37:567][625]LogModuleManager: Shutting down and abandoning module Android_ETC1TargetPlatform (89)
[2018.04.16-22.52.37:567][625]LogModuleManager: Shutting down and abandoning module Android_DXTTargetPlatform (87)
[2018.04.16-22.52.37:567][625]LogModuleManager: Shutting down and abandoning module Android_ATCTargetPlatform (85)
[2018.04.16-22.52.37:568][625]LogModuleManager: Shutting down and abandoning module Android_ASTCTargetPlatform (83)
[2018.04.16-22.52.37:568][625]LogModuleManager: Shutting down and abandoning module AndroidTargetPlatform (81)
[2018.04.16-22.52.37:568][625]LogModuleManager: Shutting down and abandoning module WindowsTargetPlatform (79)
[2018.04.16-22.52.37:568][625]LogModuleManager: Shutting down and abandoning module WindowsServerTargetPlatform (77)
[2018.04.16-22.52.37:568][625]LogModuleManager: Shutting down and abandoning module WindowsNoEditorTargetPlatform (75)
[2018.04.16-22.52.37:568][625]LogModuleManager: Shutting down and abandoning module WindowsClientTargetPlatform (73)
[2018.04.16-22.52.37:568][625]LogModuleManager: Shutting down and abandoning module MacTargetPlatform (71)
[2018.04.16-22.52.37:568][625]LogModuleManager: Shutting down and abandoning module MacServerTargetPlatform (69)
[2018.04.16-22.52.37:568][625]LogModuleManager: Shutting down and abandoning module MacNoEditorTargetPlatform (67)
[2018.04.16-22.52.37:568][625]LogModuleManager: Shutting down and abandoning module MacClientTargetPlatform (65)
[2018.04.16-22.52.37:568][625]LogModuleManager: Shutting down and abandoning module AllDesktopTargetPlatform (63)
[2018.04.16-22.52.37:568][625]LogModuleManager: Shutting down and abandoning module InputCore (60)
[2018.04.16-22.52.37:568][625]LogModuleManager: Shutting down and abandoning module Settings (58)
[2018.04.16-22.52.37:568][625]LogModuleManager: Shutting down and abandoning module PhysXCooking (56)
[2018.04.16-22.52.37:568][625]LogModuleManager: Shutting down and abandoning module SteamVR (54)
[2018.04.16-22.52.37:568][625]LogModuleManager: Shutting down and abandoning module OculusHMD (52)
[2018.04.16-22.52.37:568][625]LogModuleManager: Shutting down and abandoning module ExampleDeviceProfileSelector (50)
[2018.04.16-22.52.37:568][625]LogModuleManager: Shutting down and abandoning module OnlineBlueprintSupport (48)
[2018.04.16-22.52.37:568][625]LogModuleManager: Shutting down and abandoning module OnlineSubsystem (44)
[2018.04.16-22.52.37:568][625]LogOnline: Display: Unloading online subsystem: NULL
[2018.04.16-22.52.37:568][625]LogModuleManager: Shutting down and abandoning module XMPP (43)
[2018.04.16-22.52.37:568][625]LogModuleManager: Shutting down and abandoning module HTTP (41)
[2018.04.16-22.52.37:568][625]LogHttp: Display: Http module shutting down, but needs to wait on 1 outstanding Http requests:
[2018.04.16-22.52.37:568][625]LogHttp: Display: 	verb=[POST] url=[https://datarouter.ol.epicgames.com/datarouter/api/v1/public/data?SessionID=%7BB7AF99CC-46C3-9542-5105-9998937E1816%7D&AppID=UEEditor.Rocket.Release&AppVersion=4.17.2-3658906%2B%2B%2BUE4%2BRelease-4.17&UserID=f0ff1c4046fab7ae648280b23d3dc67b%7C605c327114b04007b266258920196fd5%7C8a61c09e-5bb7-433a-9111-afc627312955&AppEnvironment=datacollector-binary&UploadType=eteventstream] status=Processing
[2018.04.16-22.52.37:583][625]LogModuleManager: Shutting down and abandoning module SSL (40)
[2018.04.16-22.52.37:584][625]LogModuleManager: Shutting down and abandoning module AnimationModifiers (36)
[2018.04.16-22.52.37:584][625]LogModuleManager: Shutting down and abandoning module PropertyEditor (35)
[2018.04.16-22.52.37:584][625]LogModuleManager: Shutting down and abandoning module AudioEditor (32)
[2018.04.16-22.52.37:584][625]LogModuleManager: Shutting down and abandoning module TextureCompressor (30)
[2018.04.16-22.52.37:584][625]LogModuleManager: Shutting down and abandoning module ShaderCore (28)
[2018.04.16-22.52.37:584][625]LogModuleManager: Shutting down and abandoning module Landscape (26)
[2018.04.16-22.52.37:584][625]LogModuleManager: Shutting down and abandoning module SlateRHIRenderer (24)
[2018.04.16-22.52.37:584][625]LogModuleManager: Shutting down and abandoning module OpenGLDrv (22)
[2018.04.16-22.52.37:585][625]LogModuleManager: Shutting down and abandoning module D3D11RHI (20)
[2018.04.16-22.52.37:585][625]LogModuleManager: Shutting down and abandoning module AnimGraphRuntime (18)
[2018.04.16-22.52.37:585][625]LogModuleManager: Shutting down and abandoning module Renderer (16)
[2018.04.16-22.52.37:585][625]LogModuleManager: Shutting down and abandoning module Engine (14)
[2018.04.16-22.52.37:585][625]LogModuleManager: Shutting down and abandoning module CoreUObject (12)
[2018.04.16-22.52.37:585][625]LogModuleManager: Shutting down and abandoning module NetworkFile (10)
[2018.04.16-22.52.37:585][625]LogModuleManager: Shutting down and abandoning module CookedIterativeFile (8)
[2018.04.16-22.52.37:585][625]LogModuleManager: Shutting down and abandoning module StreamingFile (6)
[2018.04.16-22.52.37:585][625]LogModuleManager: Shutting down and abandoning module SandboxFile (4)
[2018.04.16-22.52.37:585][625]LogModuleManager: Shutting down and abandoning module PakFile (2)
[2018.04.16-22.52.37:587][625]LogExit: Exiting.
[2018.04.16-22.52.37:596][625]Log file closed, 04/16/18 23:52:37
